18:15:34 INFO  : Registering command handlers for Vitis TCF services
18:15:34 INFO  : Platform repository initialization has completed.
18:15:35 INFO  : Result from executing command 'getProjects': system_platform
18:15:35 INFO  : Result from executing command 'getPlatforms': 
18:15:35 INFO  : Result from executing command 'reportPlatform': {system_platform={standalone_ps7_cortexa9_0={Os=standalone, DomainName=standalone_ps7_cortexa9_0, CpuType=cortex-a9, CpuInstance=ps7_cortexa9_0}}}
18:15:35 INFO  : Result from executing command 'reportPlatform': {system_platform={standalone_ps7_cortexa9_0={Os=standalone, DomainName=standalone_ps7_cortexa9_0, CpuType=cortex-a9, CpuInstance=ps7_cortexa9_0}}}
18:15:35 INFO  : Result from executing command 'reportPlatform': {system_platform={standalone_ps7_cortexa9_0={Os=standalone, DomainName=standalone_ps7_cortexa9_0, CpuType=cortex-a9, CpuInstance=ps7_cortexa9_0}}}
18:15:37 INFO  : plnx-install-location is set to ''
18:15:39 INFO  : Successfully done query RDI_DATADIR 
18:15:46 INFO  : Result from executing command 'getProjects': system_platform
18:15:46 INFO  : Result from executing command 'getPlatforms': system_platform|/home/ispr/Documentos/ispr/tutorials/lab4/sw/workspace/system_platform/export/system_platform/system_platform.xpfm
18:15:52 INFO  : Checking for BSP changes to sync application flags for project 'lab4'...
18:42:53 INFO  : Launching XSCT server: xsct -n  -interactive /home/ispr/Documentos/ispr/tutorials/lab4/sw/workspace/temp_xsdb_launch_script.tcl
18:42:54 INFO  : Platform repository initialization has completed.
18:42:54 INFO  : Registering command handlers for Vitis TCF services
18:42:56 INFO  : XSCT server has started successfully.
18:42:56 INFO  : plnx-install-location is set to ''
18:42:56 INFO  : Successfully done setting XSCT server connection channel  
18:42:56 INFO  : Successfully done query RDI_DATADIR 
18:42:56 INFO  : Successfully done setting workspace for the tool. 
18:46:47 INFO  : Result from executing command 'getProjects': system_platform
18:46:47 INFO  : Result from executing command 'getPlatforms': system_platform|/home/ispr/Documentos/ispr/tutorials/lab4/sw/workspace/system_platform/export/system_platform/system_platform.xpfm
18:46:50 INFO  : Checking for BSP changes to sync application flags for project 'lab4'...
18:47:04 INFO  : Checking for BSP changes to sync application flags for project 'lab4'...
18:47:59 INFO  : Checking for BSP changes to sync application flags for project 'lab4'...
18:51:43 INFO  : Checking for BSP changes to sync application flags for project 'lab4'...
18:52:07 INFO  : Checking for BSP changes to sync application flags for project 'lab4'...
18:53:13 INFO  : Checking for BSP changes to sync application flags for project 'lab4'...
18:53:46 INFO  : Checking for BSP changes to sync application flags for project 'lab4'...
15:33:56 INFO  : Launching XSCT server: xsct -n  -interactive /home/ispr/Documentos/ispr/tutorials/lab4/sw/workspace/temp_xsdb_launch_script.tcl
15:33:57 INFO  : Platform repository initialization has completed.
15:33:58 INFO  : Registering command handlers for Vitis TCF services
15:33:59 INFO  : XSCT server has started successfully.
15:33:59 INFO  : Successfully done setting XSCT server connection channel  
15:33:59 INFO  : plnx-install-location is set to ''
15:33:59 INFO  : Successfully done setting workspace for the tool. 
15:33:59 INFO  : Successfully done query RDI_DATADIR 
15:39:29 INFO  : Connected to target on host '127.0.0.1' and port '3121'.
15:39:29 INFO  : 'targets -set -filter {jtag_cable_name =~ "Digilent Zybo 210279540147A" && level==0 && jtag_device_ctx=="jsn-Zybo-210279540147A-13722093-0"}' command is executed.
15:39:30 INFO  : Device configured successfully with "/home/ispr/Documentos/ispr/tutorials/lab4/sw/workspace/lab4/_ide/bitstream/system_wrapper.bit"
15:39:50 INFO  : Checking for BSP changes to sync application flags for project 'lab4'...
15:39:57 INFO  : Connected to target on host '127.0.0.1' and port '3121'.
15:39:57 INFO  : Jtag cable 'Digilent Zybo 210279540147A' is selected.
15:39:57 INFO  : 'jtag frequency' command is executed.
15:39:57 INFO  : Context for 'APU' is selected.
15:39:57 INFO  : System reset is completed.
15:40:00 INFO  : 'after 3000' command is executed.
15:40:00 INFO  : 'targets -set -filter {jtag_cable_name =~ "Digilent Zybo 210279540147A" && level==0 && jtag_device_ctx=="jsn-Zybo-210279540147A-13722093-0"}' command is executed.
15:40:01 INFO  : Device configured successfully with "/home/ispr/Documentos/ispr/tutorials/lab4/sw/workspace/lab4/_ide/bitstream/system_wrapper.bit"
15:40:01 INFO  : Context for 'APU' is selected.
15:40:01 INFO  : Hardware design and registers information is loaded from '/home/ispr/Documentos/ispr/tutorials/lab4/sw/workspace/system_platform/export/system_platform/hw/system_wrapper.xsa'.
15:40:01 INFO  : 'configparams force-mem-access 1' command is executed.
15:40:01 INFO  : Context for 'APU' is selected.
15:40:01 INFO  : Sourcing of '/home/ispr/Documentos/ispr/tutorials/lab4/sw/workspace/lab4/_ide/psinit/ps7_init.tcl' is done.
15:40:01 INFO  : 'ps7_init' command is executed.
15:40:01 INFO  : 'ps7_post_config' command is executed.
15:40:01 INFO  : Context for processor 'ps7_cortexa9_0' is selected.
15:40:02 INFO  : The application '/home/ispr/Documentos/ispr/tutorials/lab4/sw/workspace/lab4/Debug/lab4.elf' is downloaded to processor 'ps7_cortexa9_0'.
15:40:02 INFO  : 'configparams force-mem-access 0' command is executed.
15:40:02 INFO  : ----------------XSDB Script----------------
connect -url tcp:127.0.0.1:3121
targets -set -nocase -filter {name =~"APU*"}
rst -system
after 3000
targets -set -filter {jtag_cable_name =~ "Digilent Zybo 210279540147A" && level==0 && jtag_device_ctx=="jsn-Zybo-210279540147A-13722093-0"}
fpga -file /home/ispr/Documentos/ispr/tutorials/lab4/sw/workspace/lab4/_ide/bitstream/system_wrapper.bit
targets -set -nocase -filter {name =~"APU*"}
loadhw -hw /home/ispr/Documentos/ispr/tutorials/lab4/sw/workspace/system_platform/export/system_platform/hw/system_wrapper.xsa -mem-ranges [list {0x40000000 0xbfffffff}] -regs
configparams force-mem-access 1
targets -set -nocase -filter {name =~"APU*"}
source /home/ispr/Documentos/ispr/tutorials/lab4/sw/workspace/lab4/_ide/psinit/ps7_init.tcl
ps7_init
ps7_post_config
targets -set -nocase -filter {name =~ "*A9*#0"}
dow /home/ispr/Documentos/ispr/tutorials/lab4/sw/workspace/lab4/Debug/lab4.elf
configparams force-mem-access 0
----------------End of Script----------------

15:40:02 INFO  : Context for processor 'ps7_cortexa9_0' is selected.
15:40:02 INFO  : 'con' command is executed.
15:40:02 INFO  : ----------------XSDB Script (After Launch)----------------
targets -set -nocase -filter {name =~ "*A9*#0"}
con
----------------End of Script----------------

15:40:02 INFO  : Launch script is exported to file '/home/ispr/Documentos/ispr/tutorials/lab4/sw/workspace/lab4_system/_ide/scripts/debugger_lab4-default.tcl'
15:43:44 INFO  : Disconnected from the channel tcfchan#1.
15:43:45 INFO  : Connected to target on host '127.0.0.1' and port '3121'.
15:43:45 INFO  : Jtag cable 'Digilent Zybo 210279540147A' is selected.
15:43:45 INFO  : 'jtag frequency' command is executed.
15:43:45 INFO  : Context for 'APU' is selected.
15:43:45 INFO  : System reset is completed.
15:43:48 INFO  : 'after 3000' command is executed.
15:43:48 INFO  : 'targets -set -filter {jtag_cable_name =~ "Digilent Zybo 210279540147A" && level==0 && jtag_device_ctx=="jsn-Zybo-210279540147A-13722093-0"}' command is executed.
15:43:50 INFO  : Device configured successfully with "/home/ispr/Documentos/ispr/tutorials/lab4/sw/workspace/lab4/_ide/bitstream/system_wrapper.bit"
15:43:50 INFO  : Context for 'APU' is selected.
15:43:51 INFO  : Hardware design and registers information is loaded from '/home/ispr/Documentos/ispr/tutorials/lab4/sw/workspace/system_platform/export/system_platform/hw/system_wrapper.xsa'.
15:43:51 INFO  : 'configparams force-mem-access 1' command is executed.
15:43:51 INFO  : Context for 'APU' is selected.
15:43:51 INFO  : Sourcing of '/home/ispr/Documentos/ispr/tutorials/lab4/sw/workspace/lab4/_ide/psinit/ps7_init.tcl' is done.
15:43:52 INFO  : 'ps7_init' command is executed.
15:43:52 INFO  : 'ps7_post_config' command is executed.
15:43:52 INFO  : Context for processor 'ps7_cortexa9_0' is selected.
15:43:52 INFO  : The application '/home/ispr/Documentos/ispr/tutorials/lab4/sw/workspace/lab4/Debug/lab4.elf' is downloaded to processor 'ps7_cortexa9_0'.
15:43:52 INFO  : 'configparams force-mem-access 0' command is executed.
15:43:52 INFO  : ----------------XSDB Script----------------
connect -url tcp:127.0.0.1:3121
targets -set -nocase -filter {name =~"APU*"}
rst -system
after 3000
targets -set -filter {jtag_cable_name =~ "Digilent Zybo 210279540147A" && level==0 && jtag_device_ctx=="jsn-Zybo-210279540147A-13722093-0"}
fpga -file /home/ispr/Documentos/ispr/tutorials/lab4/sw/workspace/lab4/_ide/bitstream/system_wrapper.bit
targets -set -nocase -filter {name =~"APU*"}
loadhw -hw /home/ispr/Documentos/ispr/tutorials/lab4/sw/workspace/system_platform/export/system_platform/hw/system_wrapper.xsa -mem-ranges [list {0x40000000 0xbfffffff}] -regs
configparams force-mem-access 1
targets -set -nocase -filter {name =~"APU*"}
source /home/ispr/Documentos/ispr/tutorials/lab4/sw/workspace/lab4/_ide/psinit/ps7_init.tcl
ps7_init
ps7_post_config
targets -set -nocase -filter {name =~ "*A9*#0"}
dow /home/ispr/Documentos/ispr/tutorials/lab4/sw/workspace/lab4/Debug/lab4.elf
configparams force-mem-access 0
----------------End of Script----------------

15:43:52 INFO  : Context for processor 'ps7_cortexa9_0' is selected.
15:43:52 INFO  : 'con' command is executed.
15:43:52 INFO  : ----------------XSDB Script (After Launch)----------------
targets -set -nocase -filter {name =~ "*A9*#0"}
con
----------------End of Script----------------

15:43:52 INFO  : Launch script is exported to file '/home/ispr/Documentos/ispr/tutorials/lab4/sw/workspace/lab4_system/_ide/scripts/debugger_lab4-default.tcl'
15:44:59 INFO  : Checking for BSP changes to sync application flags for project 'lab4'...
15:45:04 ERROR : (XSDB Server)ERROR: [Hsi 55-1571] The design file /home/ispr/Documentos/ispr/tutorials/lab4/sw/workspace/system_platform/export/system_platform/hw/system_wrapper.xsa is already opened

15:45:51 INFO  : Disconnected from the channel tcfchan#2.
15:45:52 INFO  : Connected to target on host '127.0.0.1' and port '3121'.
15:45:53 INFO  : Jtag cable 'Digilent Zybo 210279540147A' is selected.
15:45:53 INFO  : 'jtag frequency' command is executed.
15:45:53 INFO  : Context for 'APU' is selected.
15:45:53 INFO  : System reset is completed.
15:45:56 INFO  : 'after 3000' command is executed.
15:45:56 INFO  : 'targets -set -filter {jtag_cable_name =~ "Digilent Zybo 210279540147A" && level==0 && jtag_device_ctx=="jsn-Zybo-210279540147A-13722093-0"}' command is executed.
15:45:57 INFO  : Device configured successfully with "/home/ispr/Documentos/ispr/tutorials/lab4/sw/workspace/lab4/_ide/bitstream/system_wrapper.bit"
15:45:57 INFO  : Context for 'APU' is selected.
15:45:59 INFO  : Hardware design and registers information is loaded from '/home/ispr/Documentos/ispr/tutorials/lab4/sw/workspace/system_platform/export/system_platform/hw/system_wrapper.xsa'.
15:45:59 INFO  : 'configparams force-mem-access 1' command is executed.
15:45:59 INFO  : Context for 'APU' is selected.
15:45:59 INFO  : Sourcing of '/home/ispr/Documentos/ispr/tutorials/lab4/sw/workspace/lab4/_ide/psinit/ps7_init.tcl' is done.
15:45:59 INFO  : 'ps7_init' command is executed.
15:45:59 INFO  : 'ps7_post_config' command is executed.
15:45:59 INFO  : Context for processor 'ps7_cortexa9_0' is selected.
15:45:59 INFO  : The application '/home/ispr/Documentos/ispr/tutorials/lab4/sw/workspace/lab4/Debug/lab4.elf' is downloaded to processor 'ps7_cortexa9_0'.
15:45:59 INFO  : 'configparams force-mem-access 0' command is executed.
15:45:59 INFO  : ----------------XSDB Script----------------
connect -url tcp:127.0.0.1:3121
targets -set -nocase -filter {name =~"APU*"}
rst -system
after 3000
targets -set -filter {jtag_cable_name =~ "Digilent Zybo 210279540147A" && level==0 && jtag_device_ctx=="jsn-Zybo-210279540147A-13722093-0"}
fpga -file /home/ispr/Documentos/ispr/tutorials/lab4/sw/workspace/lab4/_ide/bitstream/system_wrapper.bit
targets -set -nocase -filter {name =~"APU*"}
loadhw -hw /home/ispr/Documentos/ispr/tutorials/lab4/sw/workspace/system_platform/export/system_platform/hw/system_wrapper.xsa -mem-ranges [list {0x40000000 0xbfffffff}] -regs
configparams force-mem-access 1
targets -set -nocase -filter {name =~"APU*"}
source /home/ispr/Documentos/ispr/tutorials/lab4/sw/workspace/lab4/_ide/psinit/ps7_init.tcl
ps7_init
ps7_post_config
targets -set -nocase -filter {name =~ "*A9*#0"}
dow /home/ispr/Documentos/ispr/tutorials/lab4/sw/workspace/lab4/Debug/lab4.elf
configparams force-mem-access 0
----------------End of Script----------------

15:45:59 INFO  : Context for processor 'ps7_cortexa9_0' is selected.
15:45:59 INFO  : 'con' command is executed.
15:45:59 INFO  : ----------------XSDB Script (After Launch)----------------
targets -set -nocase -filter {name =~ "*A9*#0"}
con
----------------End of Script----------------

15:45:59 INFO  : Launch script is exported to file '/home/ispr/Documentos/ispr/tutorials/lab4/sw/workspace/lab4_system/_ide/scripts/debugger_lab4-default.tcl'
15:53:38 INFO  : Disconnected from the channel tcfchan#4.
15:53:39 INFO  : Connected to target on host '127.0.0.1' and port '3121'.
15:53:48 INFO  : ----------------XSDB Script----------------
connect -url tcp:127.0.0.1:3121
----------------End of Script----------------

15:53:48 ERROR : Could not find ARM device on the board for connection 'Local'.
Check if the target is in:
1. Split JTAG - No operations are possible with ARM DAP.
2. Non JTAG bootmode - Bootrom may need time to enable DAP.
Please try again.


Troubleshooting hints:
1. Check whether board is connected to system properly.
2. In case of zynq board, check whether Digilent/Xilinx cable switch settings are correct.
3. If you are using Xilinx Platform Cable USB, ensure that status LED is green.
15:53:58 INFO  : Connected to target on host '127.0.0.1' and port '3121'.
15:53:58 INFO  : 'targets -set -filter {jtag_cable_name =~ "Digilent Zybo 210279540147A" && level==0 && jtag_device_ctx=="jsn-Zybo-210279540147A-13722093-0"}' command is executed.
15:53:59 INFO  : Device configured successfully with "/home/ispr/Documentos/ispr/tutorials/lab4/sw/workspace/lab4/_ide/bitstream/system_wrapper.bit"
15:54:03 INFO  : Connected to target on host '127.0.0.1' and port '3121'.
15:54:03 INFO  : Jtag cable 'Digilent Zybo 210279540147A' is selected.
15:54:03 INFO  : 'jtag frequency' command is executed.
15:54:03 INFO  : Context for 'APU' is selected.
15:54:03 INFO  : System reset is completed.
15:54:06 INFO  : 'after 3000' command is executed.
15:54:06 INFO  : 'targets -set -filter {jtag_cable_name =~ "Digilent Zybo 210279540147A" && level==0 && jtag_device_ctx=="jsn-Zybo-210279540147A-13722093-0"}' command is executed.
15:54:07 INFO  : Device configured successfully with "/home/ispr/Documentos/ispr/tutorials/lab4/sw/workspace/lab4/_ide/bitstream/system_wrapper.bit"
15:54:07 INFO  : Context for 'APU' is selected.
15:54:07 INFO  : Hardware design and registers information is loaded from '/home/ispr/Documentos/ispr/tutorials/lab4/sw/workspace/system_platform/export/system_platform/hw/system_wrapper.xsa'.
15:54:07 INFO  : 'configparams force-mem-access 1' command is executed.
15:54:07 INFO  : Context for 'APU' is selected.
15:54:07 INFO  : Sourcing of '/home/ispr/Documentos/ispr/tutorials/lab4/sw/workspace/lab4/_ide/psinit/ps7_init.tcl' is done.
15:54:08 INFO  : 'ps7_init' command is executed.
15:54:08 INFO  : 'ps7_post_config' command is executed.
15:54:08 INFO  : Context for processor 'ps7_cortexa9_0' is selected.
15:54:08 INFO  : The application '/home/ispr/Documentos/ispr/tutorials/lab4/sw/workspace/lab4/Debug/lab4.elf' is downloaded to processor 'ps7_cortexa9_0'.
15:54:08 INFO  : 'configparams force-mem-access 0' command is executed.
15:54:08 INFO  : ----------------XSDB Script----------------
connect -url tcp:127.0.0.1:3121
targets -set -nocase -filter {name =~"APU*"}
rst -system
after 3000
targets -set -filter {jtag_cable_name =~ "Digilent Zybo 210279540147A" && level==0 && jtag_device_ctx=="jsn-Zybo-210279540147A-13722093-0"}
fpga -file /home/ispr/Documentos/ispr/tutorials/lab4/sw/workspace/lab4/_ide/bitstream/system_wrapper.bit
targets -set -nocase -filter {name =~"APU*"}
loadhw -hw /home/ispr/Documentos/ispr/tutorials/lab4/sw/workspace/system_platform/export/system_platform/hw/system_wrapper.xsa -mem-ranges [list {0x40000000 0xbfffffff}] -regs
configparams force-mem-access 1
targets -set -nocase -filter {name =~"APU*"}
source /home/ispr/Documentos/ispr/tutorials/lab4/sw/workspace/lab4/_ide/psinit/ps7_init.tcl
ps7_init
ps7_post_config
targets -set -nocase -filter {name =~ "*A9*#0"}
dow /home/ispr/Documentos/ispr/tutorials/lab4/sw/workspace/lab4/Debug/lab4.elf
configparams force-mem-access 0
----------------End of Script----------------

15:54:08 INFO  : Context for processor 'ps7_cortexa9_0' is selected.
15:54:08 INFO  : 'con' command is executed.
15:54:08 INFO  : ----------------XSDB Script (After Launch)----------------
targets -set -nocase -filter {name =~ "*A9*#0"}
con
----------------End of Script----------------

15:54:08 INFO  : Launch script is exported to file '/home/ispr/Documentos/ispr/tutorials/lab4/sw/workspace/lab4_system/_ide/scripts/debugger_lab4-default.tcl'
15:55:42 INFO  : Disconnected from the channel tcfchan#5.
15:55:43 INFO  : Connected to target on host '127.0.0.1' and port '3121'.
15:55:53 INFO  : ----------------XSDB Script----------------
connect -url tcp:127.0.0.1:3121
----------------End of Script----------------

15:55:53 ERROR : Could not find FPGA device on the board for connection 'Local'.


Troubleshooting hints:
1. Check whether board is connected to system properly.
2. In case of zynq board, check whether Digilent/Xilinx cable switch settings are correct.
3. If you are using Xilinx Platform Cable USB, ensure that status LED is green.
15:56:00 INFO  : Connected to target on host '127.0.0.1' and port '3121'.
15:56:01 INFO  : 'targets -set -filter {jtag_cable_name =~ "Digilent Zybo 210279540147A" && level==0 && jtag_device_ctx=="jsn-Zybo-210279540147A-13722093-0"}' command is executed.
15:56:02 INFO  : Device configured successfully with "/home/ispr/Documentos/ispr/tutorials/lab4/sw/workspace/lab4/_ide/bitstream/system_wrapper.bit"
15:56:06 INFO  : Connected to target on host '127.0.0.1' and port '3121'.
15:56:06 INFO  : Jtag cable 'Digilent Zybo 210279540147A' is selected.
15:56:06 INFO  : 'jtag frequency' command is executed.
15:56:06 INFO  : Context for 'APU' is selected.
15:56:06 INFO  : System reset is completed.
15:56:09 INFO  : 'after 3000' command is executed.
15:56:09 INFO  : 'targets -set -filter {jtag_cable_name =~ "Digilent Zybo 210279540147A" && level==0 && jtag_device_ctx=="jsn-Zybo-210279540147A-13722093-0"}' command is executed.
15:56:11 INFO  : Device configured successfully with "/home/ispr/Documentos/ispr/tutorials/lab4/sw/workspace/lab4/_ide/bitstream/system_wrapper.bit"
15:56:11 INFO  : Context for 'APU' is selected.
15:56:11 INFO  : Hardware design and registers information is loaded from '/home/ispr/Documentos/ispr/tutorials/lab4/sw/workspace/system_platform/export/system_platform/hw/system_wrapper.xsa'.
15:56:11 INFO  : 'configparams force-mem-access 1' command is executed.
15:56:11 INFO  : Context for 'APU' is selected.
15:56:11 INFO  : Sourcing of '/home/ispr/Documentos/ispr/tutorials/lab4/sw/workspace/lab4/_ide/psinit/ps7_init.tcl' is done.
15:56:11 INFO  : 'ps7_init' command is executed.
15:56:11 INFO  : 'ps7_post_config' command is executed.
15:56:11 INFO  : Context for processor 'ps7_cortexa9_0' is selected.
15:56:11 INFO  : The application '/home/ispr/Documentos/ispr/tutorials/lab4/sw/workspace/lab4/Debug/lab4.elf' is downloaded to processor 'ps7_cortexa9_0'.
15:56:11 INFO  : 'configparams force-mem-access 0' command is executed.
15:56:11 INFO  : ----------------XSDB Script----------------
connect -url tcp:127.0.0.1:3121
targets -set -nocase -filter {name =~"APU*"}
rst -system
after 3000
targets -set -filter {jtag_cable_name =~ "Digilent Zybo 210279540147A" && level==0 && jtag_device_ctx=="jsn-Zybo-210279540147A-13722093-0"}
fpga -file /home/ispr/Documentos/ispr/tutorials/lab4/sw/workspace/lab4/_ide/bitstream/system_wrapper.bit
targets -set -nocase -filter {name =~"APU*"}
loadhw -hw /home/ispr/Documentos/ispr/tutorials/lab4/sw/workspace/system_platform/export/system_platform/hw/system_wrapper.xsa -mem-ranges [list {0x40000000 0xbfffffff}] -regs
configparams force-mem-access 1
targets -set -nocase -filter {name =~"APU*"}
source /home/ispr/Documentos/ispr/tutorials/lab4/sw/workspace/lab4/_ide/psinit/ps7_init.tcl
ps7_init
ps7_post_config
targets -set -nocase -filter {name =~ "*A9*#0"}
dow /home/ispr/Documentos/ispr/tutorials/lab4/sw/workspace/lab4/Debug/lab4.elf
configparams force-mem-access 0
----------------End of Script----------------

15:56:11 INFO  : Context for processor 'ps7_cortexa9_0' is selected.
15:56:11 INFO  : 'con' command is executed.
15:56:11 INFO  : ----------------XSDB Script (After Launch)----------------
targets -set -nocase -filter {name =~ "*A9*#0"}
con
----------------End of Script----------------

15:56:11 INFO  : Launch script is exported to file '/home/ispr/Documentos/ispr/tutorials/lab4/sw/workspace/lab4_system/_ide/scripts/debugger_lab4-default.tcl'
16:03:42 INFO  : Disconnected from the channel tcfchan#6.
16:05:50 INFO  : Launching XSCT server: xsct -n  -interactive /home/ispr/Documentos/ispr/tutorials/lab4/sw/workspace/temp_xsdb_launch_script.tcl
16:05:52 INFO  : Platform repository initialization has completed.
16:05:52 INFO  : Registering command handlers for Vitis TCF services
16:05:53 INFO  : XSCT server has started successfully.
16:05:53 INFO  : Successfully done setting XSCT server connection channel  
16:05:53 INFO  : plnx-install-location is set to ''
16:05:53 INFO  : Successfully done setting workspace for the tool. 
16:05:53 INFO  : Successfully done query RDI_DATADIR 
16:06:18 INFO  : Checking for BSP changes to sync application flags for project 'lab4'...
16:06:42 INFO  : Connected to target on host '127.0.0.1' and port '3121'.
16:06:42 INFO  : Jtag cable 'Digilent Zybo 210279540147A' is selected.
16:06:42 INFO  : 'jtag frequency' command is executed.
16:06:42 INFO  : Context for 'APU' is selected.
16:06:42 INFO  : System reset is completed.
16:06:45 INFO  : 'after 3000' command is executed.
16:06:45 INFO  : 'targets -set -filter {jtag_cable_name =~ "Digilent Zybo 210279540147A" && level==0 && jtag_device_ctx=="jsn-Zybo-210279540147A-13722093-0"}' command is executed.
16:06:46 INFO  : Device configured successfully with "/home/ispr/Documentos/ispr/tutorials/lab4/sw/workspace/lab4/_ide/bitstream/system_wrapper.bit"
16:06:46 INFO  : Context for 'APU' is selected.
16:06:47 INFO  : Hardware design and registers information is loaded from '/home/ispr/Documentos/ispr/tutorials/lab4/sw/workspace/system_platform/export/system_platform/hw/system_wrapper.xsa'.
16:06:47 INFO  : 'configparams force-mem-access 1' command is executed.
16:06:47 INFO  : Context for 'APU' is selected.
16:06:47 INFO  : Sourcing of '/home/ispr/Documentos/ispr/tutorials/lab4/sw/workspace/lab4/_ide/psinit/ps7_init.tcl' is done.
16:06:47 INFO  : 'ps7_init' command is executed.
16:06:47 INFO  : 'ps7_post_config' command is executed.
16:06:47 INFO  : Context for processor 'ps7_cortexa9_0' is selected.
16:06:47 INFO  : The application '/home/ispr/Documentos/ispr/tutorials/lab4/sw/workspace/lab4/Debug/lab4.elf' is downloaded to processor 'ps7_cortexa9_0'.
16:06:47 INFO  : 'configparams force-mem-access 0' command is executed.
16:06:47 INFO  : ----------------XSDB Script----------------
connect -url tcp:127.0.0.1:3121
targets -set -nocase -filter {name =~"APU*"}
rst -system
after 3000
targets -set -filter {jtag_cable_name =~ "Digilent Zybo 210279540147A" && level==0 && jtag_device_ctx=="jsn-Zybo-210279540147A-13722093-0"}
fpga -file /home/ispr/Documentos/ispr/tutorials/lab4/sw/workspace/lab4/_ide/bitstream/system_wrapper.bit
targets -set -nocase -filter {name =~"APU*"}
loadhw -hw /home/ispr/Documentos/ispr/tutorials/lab4/sw/workspace/system_platform/export/system_platform/hw/system_wrapper.xsa -mem-ranges [list {0x40000000 0xbfffffff}] -regs
configparams force-mem-access 1
targets -set -nocase -filter {name =~"APU*"}
source /home/ispr/Documentos/ispr/tutorials/lab4/sw/workspace/lab4/_ide/psinit/ps7_init.tcl
ps7_init
ps7_post_config
targets -set -nocase -filter {name =~ "*A9*#0"}
dow /home/ispr/Documentos/ispr/tutorials/lab4/sw/workspace/lab4/Debug/lab4.elf
configparams force-mem-access 0
----------------End of Script----------------

16:06:47 INFO  : Context for processor 'ps7_cortexa9_0' is selected.
16:06:47 INFO  : 'con' command is executed.
16:06:47 INFO  : ----------------XSDB Script (After Launch)----------------
targets -set -nocase -filter {name =~ "*A9*#0"}
con
----------------End of Script----------------

16:06:47 INFO  : Launch script is exported to file '/home/ispr/Documentos/ispr/tutorials/lab4/sw/workspace/lab4_system/_ide/scripts/debugger_lab4-default.tcl'
16:07:13 INFO  : Connected to target on host '127.0.0.1' and port '3121'.
16:07:13 INFO  : 'targets -set -filter {jtag_cable_name =~ "Digilent Zybo 210279540147A" && level==0 && jtag_device_ctx=="jsn-Zybo-210279540147A-13722093-0"}' command is executed.
16:07:14 INFO  : Device configured successfully with "/home/ispr/Documentos/ispr/tutorials/lab4/sw/workspace/lab4/_ide/bitstream/system_wrapper.bit"
16:07:23 INFO  : Disconnected from the channel tcfchan#1.
16:07:24 INFO  : Connected to target on host '127.0.0.1' and port '3121'.
16:07:25 INFO  : Jtag cable 'Digilent Zybo 210279540147A' is selected.
16:07:25 INFO  : 'jtag frequency' command is executed.
16:07:25 INFO  : Context for 'APU' is selected.
16:07:25 INFO  : System reset is completed.
16:07:28 INFO  : 'after 3000' command is executed.
16:07:28 INFO  : 'targets -set -filter {jtag_cable_name =~ "Digilent Zybo 210279540147A" && level==0 && jtag_device_ctx=="jsn-Zybo-210279540147A-13722093-0"}' command is executed.
16:07:29 INFO  : Device configured successfully with "/home/ispr/Documentos/ispr/tutorials/lab4/sw/workspace/lab4/_ide/bitstream/system_wrapper.bit"
16:07:29 INFO  : Context for 'APU' is selected.
16:07:31 INFO  : Hardware design and registers information is loaded from '/home/ispr/Documentos/ispr/tutorials/lab4/sw/workspace/system_platform/export/system_platform/hw/system_wrapper.xsa'.
16:07:31 INFO  : 'configparams force-mem-access 1' command is executed.
16:07:31 INFO  : Context for 'APU' is selected.
16:07:31 INFO  : Sourcing of '/home/ispr/Documentos/ispr/tutorials/lab4/sw/workspace/lab4/_ide/psinit/ps7_init.tcl' is done.
16:07:31 INFO  : 'ps7_init' command is executed.
16:07:31 INFO  : 'ps7_post_config' command is executed.
16:07:31 INFO  : Context for processor 'ps7_cortexa9_0' is selected.
16:07:32 INFO  : The application '/home/ispr/Documentos/ispr/tutorials/lab4/sw/workspace/lab4/Debug/lab4.elf' is downloaded to processor 'ps7_cortexa9_0'.
16:07:32 INFO  : 'configparams force-mem-access 0' command is executed.
16:07:32 INFO  : ----------------XSDB Script----------------
connect -url tcp:127.0.0.1:3121
targets -set -nocase -filter {name =~"APU*"}
rst -system
after 3000
targets -set -filter {jtag_cable_name =~ "Digilent Zybo 210279540147A" && level==0 && jtag_device_ctx=="jsn-Zybo-210279540147A-13722093-0"}
fpga -file /home/ispr/Documentos/ispr/tutorials/lab4/sw/workspace/lab4/_ide/bitstream/system_wrapper.bit
targets -set -nocase -filter {name =~"APU*"}
loadhw -hw /home/ispr/Documentos/ispr/tutorials/lab4/sw/workspace/system_platform/export/system_platform/hw/system_wrapper.xsa -mem-ranges [list {0x40000000 0xbfffffff}] -regs
configparams force-mem-access 1
targets -set -nocase -filter {name =~"APU*"}
source /home/ispr/Documentos/ispr/tutorials/lab4/sw/workspace/lab4/_ide/psinit/ps7_init.tcl
ps7_init
ps7_post_config
targets -set -nocase -filter {name =~ "*A9*#0"}
dow /home/ispr/Documentos/ispr/tutorials/lab4/sw/workspace/lab4/Debug/lab4.elf
configparams force-mem-access 0
----------------End of Script----------------

16:07:32 INFO  : Context for processor 'ps7_cortexa9_0' is selected.
16:07:32 INFO  : 'con' command is executed.
16:07:32 INFO  : ----------------XSDB Script (After Launch)----------------
targets -set -nocase -filter {name =~ "*A9*#0"}
con
----------------End of Script----------------

16:07:32 INFO  : Launch script is exported to file '/home/ispr/Documentos/ispr/tutorials/lab4/sw/workspace/lab4_system/_ide/scripts/debugger_lab4-default.tcl'
16:07:57 INFO  : Disconnected from the channel tcfchan#2.
16:07:58 INFO  : Connected to target on host '127.0.0.1' and port '3121'.
16:07:59 INFO  : Jtag cable 'Digilent Zybo 210279540147A' is selected.
16:07:59 INFO  : 'jtag frequency' command is executed.
16:07:59 INFO  : Context for 'APU' is selected.
16:07:59 INFO  : System reset is completed.
16:08:02 INFO  : 'after 3000' command is executed.
16:08:02 INFO  : 'targets -set -filter {jtag_cable_name =~ "Digilent Zybo 210279540147A" && level==0 && jtag_device_ctx=="jsn-Zybo-210279540147A-13722093-0"}' command is executed.
16:08:03 INFO  : Device configured successfully with "/home/ispr/Documentos/ispr/tutorials/lab4/sw/workspace/lab4/_ide/bitstream/system_wrapper.bit"
16:08:03 INFO  : Context for 'APU' is selected.
16:08:05 INFO  : Hardware design and registers information is loaded from '/home/ispr/Documentos/ispr/tutorials/lab4/sw/workspace/system_platform/export/system_platform/hw/system_wrapper.xsa'.
16:08:05 INFO  : 'configparams force-mem-access 1' command is executed.
16:08:05 INFO  : Context for 'APU' is selected.
16:08:05 INFO  : Sourcing of '/home/ispr/Documentos/ispr/tutorials/lab4/sw/workspace/lab4/_ide/psinit/ps7_init.tcl' is done.
16:08:05 INFO  : 'ps7_init' command is executed.
16:08:05 INFO  : 'ps7_post_config' command is executed.
16:08:05 INFO  : Context for processor 'ps7_cortexa9_0' is selected.
16:08:05 INFO  : The application '/home/ispr/Documentos/ispr/tutorials/lab4/sw/workspace/lab4/Debug/lab4.elf' is downloaded to processor 'ps7_cortexa9_0'.
16:08:05 INFO  : 'configparams force-mem-access 0' command is executed.
16:08:05 INFO  : ----------------XSDB Script----------------
connect -url tcp:127.0.0.1:3121
targets -set -nocase -filter {name =~"APU*"}
rst -system
after 3000
targets -set -filter {jtag_cable_name =~ "Digilent Zybo 210279540147A" && level==0 && jtag_device_ctx=="jsn-Zybo-210279540147A-13722093-0"}
fpga -file /home/ispr/Documentos/ispr/tutorials/lab4/sw/workspace/lab4/_ide/bitstream/system_wrapper.bit
targets -set -nocase -filter {name =~"APU*"}
loadhw -hw /home/ispr/Documentos/ispr/tutorials/lab4/sw/workspace/system_platform/export/system_platform/hw/system_wrapper.xsa -mem-ranges [list {0x40000000 0xbfffffff}] -regs
configparams force-mem-access 1
targets -set -nocase -filter {name =~"APU*"}
source /home/ispr/Documentos/ispr/tutorials/lab4/sw/workspace/lab4/_ide/psinit/ps7_init.tcl
ps7_init
ps7_post_config
targets -set -nocase -filter {name =~ "*A9*#0"}
dow /home/ispr/Documentos/ispr/tutorials/lab4/sw/workspace/lab4/Debug/lab4.elf
configparams force-mem-access 0
----------------End of Script----------------

16:08:05 INFO  : Context for processor 'ps7_cortexa9_0' is selected.
16:08:05 INFO  : 'con' command is executed.
16:08:05 INFO  : ----------------XSDB Script (After Launch)----------------
targets -set -nocase -filter {name =~ "*A9*#0"}
con
----------------End of Script----------------

16:08:05 INFO  : Launch script is exported to file '/home/ispr/Documentos/ispr/tutorials/lab4/sw/workspace/lab4_system/_ide/scripts/debugger_lab4-default.tcl'
16:08:19 INFO  : Connected to target on host '127.0.0.1' and port '3121'.
16:08:19 INFO  : 'targets -set -filter {jtag_cable_name =~ "Digilent Zybo 210279540147A" && level==0 && jtag_device_ctx=="jsn-Zybo-210279540147A-13722093-0"}' command is executed.
16:08:20 INFO  : Device configured successfully with "/home/ispr/Documentos/ispr/tutorials/lab4/sw/workspace/lab4/_ide/bitstream/system_wrapper.bit"
16:08:47 INFO  : Connected to target on host '127.0.0.1' and port '3121'.
16:08:54 INFO  : Checking for BSP changes to sync application flags for project 'lab4'...
16:09:44 INFO  : Connected to target on host '127.0.0.1' and port '3121'.
16:09:44 INFO  : 'targets -set -filter {jtag_cable_name =~ "Digilent Zybo 210279540147A" && level==0 && jtag_device_ctx=="jsn-Zybo-210279540147A-13722093-0"}' command is executed.
16:09:45 INFO  : Device configured successfully with "/home/ispr/Documentos/ispr/tutorials/lab4/sw/workspace/lab4/_ide/bitstream/system_wrapper.bit"
16:09:53 INFO  : Checking for BSP changes to sync application flags for project 'lab4'...
16:10:07 INFO  : Disconnected from the channel tcfchan#3.
16:10:08 INFO  : Connected to target on host '127.0.0.1' and port '3121'.
16:10:08 INFO  : Jtag cable 'Digilent Zybo 210279540147A' is selected.
16:10:08 INFO  : 'jtag frequency' command is executed.
16:10:08 INFO  : Context for 'APU' is selected.
16:10:08 INFO  : System reset is completed.
16:10:11 INFO  : 'after 3000' command is executed.
16:10:11 INFO  : 'targets -set -filter {jtag_cable_name =~ "Digilent Zybo 210279540147A" && level==0 && jtag_device_ctx=="jsn-Zybo-210279540147A-13722093-0"}' command is executed.
16:10:12 INFO  : Device configured successfully with "/home/ispr/Documentos/ispr/tutorials/lab4/sw/workspace/lab4/_ide/bitstream/system_wrapper.bit"
16:10:12 INFO  : Context for 'APU' is selected.
16:10:14 INFO  : Hardware design and registers information is loaded from '/home/ispr/Documentos/ispr/tutorials/lab4/sw/workspace/system_platform/export/system_platform/hw/system_wrapper.xsa'.
16:10:14 INFO  : 'configparams force-mem-access 1' command is executed.
16:10:14 INFO  : Context for 'APU' is selected.
16:10:14 INFO  : Sourcing of '/home/ispr/Documentos/ispr/tutorials/lab4/sw/workspace/lab4/_ide/psinit/ps7_init.tcl' is done.
16:10:15 INFO  : 'ps7_init' command is executed.
16:10:15 INFO  : 'ps7_post_config' command is executed.
16:10:15 INFO  : Context for processor 'ps7_cortexa9_0' is selected.
16:10:15 INFO  : The application '/home/ispr/Documentos/ispr/tutorials/lab4/sw/workspace/lab4/Debug/lab4.elf' is downloaded to processor 'ps7_cortexa9_0'.
16:10:15 INFO  : 'configparams force-mem-access 0' command is executed.
16:10:15 INFO  : ----------------XSDB Script----------------
connect -url tcp:127.0.0.1:3121
targets -set -nocase -filter {name =~"APU*"}
rst -system
after 3000
targets -set -filter {jtag_cable_name =~ "Digilent Zybo 210279540147A" && level==0 && jtag_device_ctx=="jsn-Zybo-210279540147A-13722093-0"}
fpga -file /home/ispr/Documentos/ispr/tutorials/lab4/sw/workspace/lab4/_ide/bitstream/system_wrapper.bit
targets -set -nocase -filter {name =~"APU*"}
loadhw -hw /home/ispr/Documentos/ispr/tutorials/lab4/sw/workspace/system_platform/export/system_platform/hw/system_wrapper.xsa -mem-ranges [list {0x40000000 0xbfffffff}] -regs
configparams force-mem-access 1
targets -set -nocase -filter {name =~"APU*"}
source /home/ispr/Documentos/ispr/tutorials/lab4/sw/workspace/lab4/_ide/psinit/ps7_init.tcl
ps7_init
ps7_post_config
targets -set -nocase -filter {name =~ "*A9*#0"}
dow /home/ispr/Documentos/ispr/tutorials/lab4/sw/workspace/lab4/Debug/lab4.elf
configparams force-mem-access 0
----------------End of Script----------------

16:10:15 INFO  : Context for processor 'ps7_cortexa9_0' is selected.
16:10:15 INFO  : 'con' command is executed.
16:10:15 INFO  : ----------------XSDB Script (After Launch)----------------
targets -set -nocase -filter {name =~ "*A9*#0"}
con
----------------End of Script----------------

16:10:15 INFO  : Launch script is exported to file '/home/ispr/Documentos/ispr/tutorials/lab4/sw/workspace/lab4_system/_ide/scripts/debugger_lab4-default.tcl'
16:10:57 INFO  : Checking for BSP changes to sync application flags for project 'lab4'...
16:11:11 INFO  : Disconnected from the channel tcfchan#4.
16:11:13 INFO  : Connected to target on host '127.0.0.1' and port '3121'.
16:11:13 INFO  : Jtag cable 'Digilent Zybo 210279540147A' is selected.
16:11:13 INFO  : 'jtag frequency' command is executed.
16:11:13 INFO  : Context for 'APU' is selected.
16:11:13 INFO  : System reset is completed.
16:11:16 INFO  : 'after 3000' command is executed.
16:11:16 INFO  : 'targets -set -filter {jtag_cable_name =~ "Digilent Zybo 210279540147A" && level==0 && jtag_device_ctx=="jsn-Zybo-210279540147A-13722093-0"}' command is executed.
16:11:17 INFO  : Device configured successfully with "/home/ispr/Documentos/ispr/tutorials/lab4/sw/workspace/lab4/_ide/bitstream/system_wrapper.bit"
16:11:17 INFO  : Context for 'APU' is selected.
16:11:19 INFO  : Hardware design and registers information is loaded from '/home/ispr/Documentos/ispr/tutorials/lab4/sw/workspace/system_platform/export/system_platform/hw/system_wrapper.xsa'.
16:11:19 INFO  : 'configparams force-mem-access 1' command is executed.
16:11:19 INFO  : Context for 'APU' is selected.
16:11:19 INFO  : Sourcing of '/home/ispr/Documentos/ispr/tutorials/lab4/sw/workspace/lab4/_ide/psinit/ps7_init.tcl' is done.
16:11:19 INFO  : 'ps7_init' command is executed.
16:11:19 INFO  : 'ps7_post_config' command is executed.
16:11:19 INFO  : Context for processor 'ps7_cortexa9_0' is selected.
16:11:19 INFO  : The application '/home/ispr/Documentos/ispr/tutorials/lab4/sw/workspace/lab4/Debug/lab4.elf' is downloaded to processor 'ps7_cortexa9_0'.
16:11:19 INFO  : 'configparams force-mem-access 0' command is executed.
16:11:19 INFO  : ----------------XSDB Script----------------
connect -url tcp:127.0.0.1:3121
targets -set -nocase -filter {name =~"APU*"}
rst -system
after 3000
targets -set -filter {jtag_cable_name =~ "Digilent Zybo 210279540147A" && level==0 && jtag_device_ctx=="jsn-Zybo-210279540147A-13722093-0"}
fpga -file /home/ispr/Documentos/ispr/tutorials/lab4/sw/workspace/lab4/_ide/bitstream/system_wrapper.bit
targets -set -nocase -filter {name =~"APU*"}
loadhw -hw /home/ispr/Documentos/ispr/tutorials/lab4/sw/workspace/system_platform/export/system_platform/hw/system_wrapper.xsa -mem-ranges [list {0x40000000 0xbfffffff}] -regs
configparams force-mem-access 1
targets -set -nocase -filter {name =~"APU*"}
source /home/ispr/Documentos/ispr/tutorials/lab4/sw/workspace/lab4/_ide/psinit/ps7_init.tcl
ps7_init
ps7_post_config
targets -set -nocase -filter {name =~ "*A9*#0"}
dow /home/ispr/Documentos/ispr/tutorials/lab4/sw/workspace/lab4/Debug/lab4.elf
configparams force-mem-access 0
----------------End of Script----------------

16:11:19 INFO  : Context for processor 'ps7_cortexa9_0' is selected.
16:11:19 INFO  : 'con' command is executed.
16:11:19 INFO  : ----------------XSDB Script (After Launch)----------------
targets -set -nocase -filter {name =~ "*A9*#0"}
con
----------------End of Script----------------

16:11:19 INFO  : Launch script is exported to file '/home/ispr/Documentos/ispr/tutorials/lab4/sw/workspace/lab4_system/_ide/scripts/debugger_lab4-default.tcl'
16:12:06 INFO  : Disconnected from the channel tcfchan#5.
16:12:07 INFO  : Connected to target on host '127.0.0.1' and port '3121'.
16:12:08 INFO  : Jtag cable 'Digilent Zybo 210279540147A' is selected.
16:12:08 INFO  : 'jtag frequency' command is executed.
16:12:08 INFO  : Context for 'APU' is selected.
16:12:08 INFO  : System reset is completed.
16:12:11 INFO  : 'after 3000' command is executed.
16:12:11 INFO  : 'targets -set -filter {jtag_cable_name =~ "Digilent Zybo 210279540147A" && level==0 && jtag_device_ctx=="jsn-Zybo-210279540147A-13722093-0"}' command is executed.
16:12:12 INFO  : Device configured successfully with "/home/ispr/Documentos/ispr/tutorials/lab4/sw/workspace/lab4/_ide/bitstream/system_wrapper.bit"
16:12:12 INFO  : Context for 'APU' is selected.
16:12:14 INFO  : Hardware design and registers information is loaded from '/home/ispr/Documentos/ispr/tutorials/lab4/sw/workspace/system_platform/export/system_platform/hw/system_wrapper.xsa'.
16:12:14 INFO  : 'configparams force-mem-access 1' command is executed.
16:12:14 INFO  : Context for 'APU' is selected.
16:12:14 INFO  : Sourcing of '/home/ispr/Documentos/ispr/tutorials/lab4/sw/workspace/lab4/_ide/psinit/ps7_init.tcl' is done.
16:12:14 INFO  : 'ps7_init' command is executed.
16:12:14 INFO  : 'ps7_post_config' command is executed.
16:12:14 INFO  : Context for processor 'ps7_cortexa9_0' is selected.
16:12:14 INFO  : The application '/home/ispr/Documentos/ispr/tutorials/lab4/sw/workspace/lab4/Debug/lab4.elf' is downloaded to processor 'ps7_cortexa9_0'.
16:12:14 INFO  : 'configparams force-mem-access 0' command is executed.
16:12:14 INFO  : ----------------XSDB Script----------------
connect -url tcp:127.0.0.1:3121
targets -set -nocase -filter {name =~"APU*"}
rst -system
after 3000
targets -set -filter {jtag_cable_name =~ "Digilent Zybo 210279540147A" && level==0 && jtag_device_ctx=="jsn-Zybo-210279540147A-13722093-0"}
fpga -file /home/ispr/Documentos/ispr/tutorials/lab4/sw/workspace/lab4/_ide/bitstream/system_wrapper.bit
targets -set -nocase -filter {name =~"APU*"}
loadhw -hw /home/ispr/Documentos/ispr/tutorials/lab4/sw/workspace/system_platform/export/system_platform/hw/system_wrapper.xsa -mem-ranges [list {0x40000000 0xbfffffff}] -regs
configparams force-mem-access 1
targets -set -nocase -filter {name =~"APU*"}
source /home/ispr/Documentos/ispr/tutorials/lab4/sw/workspace/lab4/_ide/psinit/ps7_init.tcl
ps7_init
ps7_post_config
targets -set -nocase -filter {name =~ "*A9*#0"}
dow /home/ispr/Documentos/ispr/tutorials/lab4/sw/workspace/lab4/Debug/lab4.elf
configparams force-mem-access 0
----------------End of Script----------------

16:12:14 INFO  : Context for processor 'ps7_cortexa9_0' is selected.
16:12:14 INFO  : 'con' command is executed.
16:12:14 INFO  : ----------------XSDB Script (After Launch)----------------
targets -set -nocase -filter {name =~ "*A9*#0"}
con
----------------End of Script----------------

16:12:14 INFO  : Launch script is exported to file '/home/ispr/Documentos/ispr/tutorials/lab4/sw/workspace/lab4_system/_ide/scripts/debugger_lab4-default.tcl'
16:15:06 INFO  : Disconnected from the channel tcfchan#6.
16:15:07 INFO  : Connected to target on host '127.0.0.1' and port '3121'.
16:15:07 INFO  : Jtag cable 'Digilent Zybo 210279540147A' is selected.
16:15:07 INFO  : 'jtag frequency' command is executed.
16:15:07 INFO  : Context for 'APU' is selected.
16:15:07 INFO  : System reset is completed.
16:15:10 INFO  : 'after 3000' command is executed.
16:15:10 INFO  : 'targets -set -filter {jtag_cable_name =~ "Digilent Zybo 210279540147A" && level==0 && jtag_device_ctx=="jsn-Zybo-210279540147A-13722093-0"}' command is executed.
16:15:11 INFO  : Device configured successfully with "/home/ispr/Documentos/ispr/tutorials/lab4/sw/workspace/lab4/_ide/bitstream/system_wrapper.bit"
16:15:11 INFO  : Context for 'APU' is selected.
16:15:13 INFO  : Hardware design and registers information is loaded from '/home/ispr/Documentos/ispr/tutorials/lab4/sw/workspace/system_platform/export/system_platform/hw/system_wrapper.xsa'.
16:15:13 INFO  : 'configparams force-mem-access 1' command is executed.
16:15:13 INFO  : Context for 'APU' is selected.
16:15:13 INFO  : Sourcing of '/home/ispr/Documentos/ispr/tutorials/lab4/sw/workspace/lab4/_ide/psinit/ps7_init.tcl' is done.
16:15:13 INFO  : 'ps7_init' command is executed.
16:15:13 INFO  : 'ps7_post_config' command is executed.
16:15:13 INFO  : Context for processor 'ps7_cortexa9_0' is selected.
16:15:13 INFO  : The application '/home/ispr/Documentos/ispr/tutorials/lab4/sw/workspace/lab4/Debug/lab4.elf' is downloaded to processor 'ps7_cortexa9_0'.
16:15:14 INFO  : 'configparams force-mem-access 0' command is executed.
16:15:14 INFO  : ----------------XSDB Script----------------
connect -url tcp:127.0.0.1:3121
targets -set -nocase -filter {name =~"APU*"}
rst -system
after 3000
targets -set -filter {jtag_cable_name =~ "Digilent Zybo 210279540147A" && level==0 && jtag_device_ctx=="jsn-Zybo-210279540147A-13722093-0"}
fpga -file /home/ispr/Documentos/ispr/tutorials/lab4/sw/workspace/lab4/_ide/bitstream/system_wrapper.bit
targets -set -nocase -filter {name =~"APU*"}
loadhw -hw /home/ispr/Documentos/ispr/tutorials/lab4/sw/workspace/system_platform/export/system_platform/hw/system_wrapper.xsa -mem-ranges [list {0x40000000 0xbfffffff}] -regs
configparams force-mem-access 1
targets -set -nocase -filter {name =~"APU*"}
source /home/ispr/Documentos/ispr/tutorials/lab4/sw/workspace/lab4/_ide/psinit/ps7_init.tcl
ps7_init
ps7_post_config
targets -set -nocase -filter {name =~ "*A9*#0"}
dow /home/ispr/Documentos/ispr/tutorials/lab4/sw/workspace/lab4/Debug/lab4.elf
configparams force-mem-access 0
----------------End of Script----------------

16:15:14 INFO  : Context for processor 'ps7_cortexa9_0' is selected.
16:15:14 INFO  : 'con' command is executed.
16:15:14 INFO  : ----------------XSDB Script (After Launch)----------------
targets -set -nocase -filter {name =~ "*A9*#0"}
con
----------------End of Script----------------

16:15:14 INFO  : Launch script is exported to file '/home/ispr/Documentos/ispr/tutorials/lab4/sw/workspace/lab4_system/_ide/scripts/debugger_lab4-default.tcl'
16:15:54 INFO  : Checking for BSP changes to sync application flags for project 'lab4'...
16:16:03 INFO  : Connected to target on host '127.0.0.1' and port '3121'.
16:16:03 INFO  : 'targets -set -filter {jtag_cable_name =~ "Digilent Zybo 210279540147A" && level==0 && jtag_device_ctx=="jsn-Zybo-210279540147A-13722093-0"}' command is executed.
16:16:04 INFO  : Device configured successfully with "/home/ispr/Documentos/ispr/tutorials/lab4/sw/workspace/lab4/_ide/bitstream/system_wrapper.bit"
16:16:14 INFO  : Checking for BSP changes to sync application flags for project 'lab4'...
16:17:17 INFO  : Result from executing command 'removePlatformRepo': 
16:17:26 INFO  : Result from executing command 'getProjects': system_platform
16:17:26 INFO  : Result from executing command 'getPlatforms': 
16:17:29 INFO  : Checking for BSP changes to sync application flags for project 'lab4'...
16:18:36 INFO  : Checking for BSP changes to sync application flags for project 'lab4'...
16:19:14 INFO  : Result from executing command 'removePlatformRepo': 
16:19:23 INFO  : Result from executing command 'getProjects': system_platform
16:19:23 INFO  : Result from executing command 'getPlatforms': 
16:20:43 INFO  : Result from executing command 'getProjects': system_platform
16:20:43 INFO  : Result from executing command 'getPlatforms': system_platform|/home/ispr/Documentos/ispr/tutorials/lab4/sw/workspace/system_platform/export/system_platform/system_platform.xpfm
16:20:53 INFO  : Checking for BSP changes to sync application flags for project 'lab4'...
16:22:01 INFO  : Disconnected from the channel tcfchan#7.
16:22:08 INFO  : Connected to target on host '127.0.0.1' and port '3121'.
16:22:08 INFO  : 'targets -set -filter {jtag_cable_name =~ "Digilent Zybo 210279540147A" && level==0 && jtag_device_ctx=="jsn-Zybo-210279540147A-13722093-0"}' command is executed.
16:22:09 INFO  : Device configured successfully with "/home/ispr/Documentos/ispr/tutorials/lab4/sw/workspace/lab4/_ide/bitstream/system_wrapper.bit"
16:22:17 INFO  : Connected to target on host '127.0.0.1' and port '3121'.
16:22:17 INFO  : Jtag cable 'Digilent Zybo 210279540147A' is selected.
16:22:17 INFO  : 'jtag frequency' command is executed.
16:22:17 INFO  : Context for 'APU' is selected.
16:22:17 INFO  : System reset is completed.
16:22:20 INFO  : 'after 3000' command is executed.
16:22:20 INFO  : 'targets -set -filter {jtag_cable_name =~ "Digilent Zybo 210279540147A" && level==0 && jtag_device_ctx=="jsn-Zybo-210279540147A-13722093-0"}' command is executed.
16:22:22 INFO  : Device configured successfully with "/home/ispr/Documentos/ispr/tutorials/lab4/sw/workspace/lab4/_ide/bitstream/system_wrapper.bit"
16:22:22 INFO  : Context for 'APU' is selected.
16:22:22 INFO  : Hardware design and registers information is loaded from '/home/ispr/Documentos/ispr/tutorials/lab4/sw/workspace/system_platform/export/system_platform/hw/system_wrapper.xsa'.
16:22:22 INFO  : 'configparams force-mem-access 1' command is executed.
16:22:22 INFO  : Context for 'APU' is selected.
16:22:22 INFO  : Sourcing of '/home/ispr/Documentos/ispr/tutorials/lab4/sw/workspace/lab4/_ide/psinit/ps7_init.tcl' is done.
16:22:22 INFO  : 'ps7_init' command is executed.
16:22:22 INFO  : 'ps7_post_config' command is executed.
16:22:22 INFO  : Context for processor 'ps7_cortexa9_0' is selected.
16:22:22 INFO  : The application '/home/ispr/Documentos/ispr/tutorials/lab4/sw/workspace/lab4/Debug/lab4.elf' is downloaded to processor 'ps7_cortexa9_0'.
16:22:22 INFO  : 'configparams force-mem-access 0' command is executed.
16:22:22 INFO  : ----------------XSDB Script----------------
connect -url tcp:127.0.0.1:3121
targets -set -nocase -filter {name =~"APU*"}
rst -system
after 3000
targets -set -filter {jtag_cable_name =~ "Digilent Zybo 210279540147A" && level==0 && jtag_device_ctx=="jsn-Zybo-210279540147A-13722093-0"}
fpga -file /home/ispr/Documentos/ispr/tutorials/lab4/sw/workspace/lab4/_ide/bitstream/system_wrapper.bit
targets -set -nocase -filter {name =~"APU*"}
loadhw -hw /home/ispr/Documentos/ispr/tutorials/lab4/sw/workspace/system_platform/export/system_platform/hw/system_wrapper.xsa -mem-ranges [list {0x40000000 0xbfffffff}] -regs
configparams force-mem-access 1
targets -set -nocase -filter {name =~"APU*"}
source /home/ispr/Documentos/ispr/tutorials/lab4/sw/workspace/lab4/_ide/psinit/ps7_init.tcl
ps7_init
ps7_post_config
targets -set -nocase -filter {name =~ "*A9*#0"}
dow /home/ispr/Documentos/ispr/tutorials/lab4/sw/workspace/lab4/Debug/lab4.elf
configparams force-mem-access 0
----------------End of Script----------------

16:22:22 INFO  : Context for processor 'ps7_cortexa9_0' is selected.
16:22:22 INFO  : 'con' command is executed.
16:22:22 INFO  : ----------------XSDB Script (After Launch)----------------
targets -set -nocase -filter {name =~ "*A9*#0"}
con
----------------End of Script----------------

16:22:22 INFO  : Launch script is exported to file '/home/ispr/Documentos/ispr/tutorials/lab4/sw/workspace/lab4_system/_ide/scripts/debugger_lab4-default.tcl'
16:24:39 INFO  : Disconnected from the channel tcfchan#15.
16:24:46 INFO  : Connected to target on host '127.0.0.1' and port '3121'.
16:24:46 INFO  : Jtag cable 'Digilent Zybo 210279540147A' is selected.
16:24:46 INFO  : 'jtag frequency' command is executed.
16:24:46 INFO  : Context for 'APU' is selected.
16:24:46 INFO  : System reset is completed.
16:24:49 INFO  : 'after 3000' command is executed.
16:24:49 INFO  : 'targets -set -filter {jtag_cable_name =~ "Digilent Zybo 210279540147A" && level==0 && jtag_device_ctx=="jsn-Zybo-210279540147A-13722093-0"}' command is executed.
16:24:51 INFO  : Device configured successfully with "/home/ispr/Documentos/ispr/tutorials/lab4/sw/workspace/lab4/_ide/bitstream/system_wrapper.bit"
16:24:51 INFO  : Context for 'APU' is selected.
16:24:51 INFO  : Hardware design and registers information is loaded from '/home/ispr/Documentos/ispr/tutorials/lab4/sw/workspace/system_platform/export/system_platform/hw/system_wrapper.xsa'.
16:24:51 INFO  : 'configparams force-mem-access 1' command is executed.
16:24:51 INFO  : Context for 'APU' is selected.
16:24:51 INFO  : Sourcing of '/home/ispr/Documentos/ispr/tutorials/lab4/sw/workspace/lab4/_ide/psinit/ps7_init.tcl' is done.
16:24:51 INFO  : 'ps7_init' command is executed.
16:24:51 INFO  : 'ps7_post_config' command is executed.
16:24:51 INFO  : Context for processor 'ps7_cortexa9_0' is selected.
16:24:51 INFO  : The application '/home/ispr/Documentos/ispr/tutorials/lab4/sw/workspace/lab4/Debug/lab4.elf' is downloaded to processor 'ps7_cortexa9_0'.
16:24:51 INFO  : 'configparams force-mem-access 0' command is executed.
16:24:51 INFO  : ----------------XSDB Script----------------
connect -url tcp:127.0.0.1:3121
targets -set -nocase -filter {name =~"APU*"}
rst -system
after 3000
targets -set -filter {jtag_cable_name =~ "Digilent Zybo 210279540147A" && level==0 && jtag_device_ctx=="jsn-Zybo-210279540147A-13722093-0"}
fpga -file /home/ispr/Documentos/ispr/tutorials/lab4/sw/workspace/lab4/_ide/bitstream/system_wrapper.bit
targets -set -nocase -filter {name =~"APU*"}
loadhw -hw /home/ispr/Documentos/ispr/tutorials/lab4/sw/workspace/system_platform/export/system_platform/hw/system_wrapper.xsa -mem-ranges [list {0x40000000 0xbfffffff}] -regs
configparams force-mem-access 1
targets -set -nocase -filter {name =~"APU*"}
source /home/ispr/Documentos/ispr/tutorials/lab4/sw/workspace/lab4/_ide/psinit/ps7_init.tcl
ps7_init
ps7_post_config
targets -set -nocase -filter {name =~ "*A9*#0"}
dow /home/ispr/Documentos/ispr/tutorials/lab4/sw/workspace/lab4/Debug/lab4.elf
configparams force-mem-access 0
----------------End of Script----------------

16:24:51 INFO  : Context for processor 'ps7_cortexa9_0' is selected.
16:24:51 INFO  : 'con' command is executed.
16:24:51 INFO  : ----------------XSDB Script (After Launch)----------------
targets -set -nocase -filter {name =~ "*A9*#0"}
con
----------------End of Script----------------

16:24:51 INFO  : Launch script is exported to file '/home/ispr/Documentos/ispr/tutorials/lab4/sw/workspace/lab4_system/_ide/scripts/debugger_lab4-default.tcl'
16:25:27 INFO  : Disconnected from the channel tcfchan#16.
16:25:49 INFO  : Checking for BSP changes to sync application flags for project 'lab4'...
16:25:58 INFO  : Connected to target on host '127.0.0.1' and port '3121'.
16:25:59 INFO  : 'targets -set -filter {jtag_cable_name =~ "Digilent Zybo 210279540147A" && level==0 && jtag_device_ctx=="jsn-Zybo-210279540147A-13722093-0"}' command is executed.
16:26:00 INFO  : Device configured successfully with "/home/ispr/Documentos/ispr/tutorials/lab4/sw/workspace/lab4/_ide/bitstream/system_wrapper.bit"
16:26:06 INFO  : Connected to target on host '127.0.0.1' and port '3121'.
16:26:06 INFO  : Jtag cable 'Digilent Zybo 210279540147A' is selected.
16:26:06 INFO  : 'jtag frequency' command is executed.
16:26:06 INFO  : Context for 'APU' is selected.
16:26:06 INFO  : System reset is completed.
16:26:09 INFO  : 'after 3000' command is executed.
16:26:09 INFO  : 'targets -set -filter {jtag_cable_name =~ "Digilent Zybo 210279540147A" && level==0 && jtag_device_ctx=="jsn-Zybo-210279540147A-13722093-0"}' command is executed.
16:26:10 INFO  : Device configured successfully with "/home/ispr/Documentos/ispr/tutorials/lab4/sw/workspace/lab4/_ide/bitstream/system_wrapper.bit"
16:26:10 INFO  : Context for 'APU' is selected.
16:26:10 INFO  : Hardware design and registers information is loaded from '/home/ispr/Documentos/ispr/tutorials/lab4/sw/workspace/system_platform/export/system_platform/hw/system_wrapper.xsa'.
16:26:10 INFO  : 'configparams force-mem-access 1' command is executed.
16:26:10 INFO  : Context for 'APU' is selected.
16:26:10 INFO  : Sourcing of '/home/ispr/Documentos/ispr/tutorials/lab4/sw/workspace/lab4/_ide/psinit/ps7_init.tcl' is done.
16:26:10 INFO  : 'ps7_init' command is executed.
16:26:10 INFO  : 'ps7_post_config' command is executed.
16:26:10 INFO  : Context for processor 'ps7_cortexa9_0' is selected.
16:26:10 INFO  : The application '/home/ispr/Documentos/ispr/tutorials/lab4/sw/workspace/lab4/Debug/lab4.elf' is downloaded to processor 'ps7_cortexa9_0'.
16:26:10 INFO  : 'configparams force-mem-access 0' command is executed.
16:26:10 INFO  : ----------------XSDB Script----------------
connect -url tcp:127.0.0.1:3121
targets -set -nocase -filter {name =~"APU*"}
rst -system
after 3000
targets -set -filter {jtag_cable_name =~ "Digilent Zybo 210279540147A" && level==0 && jtag_device_ctx=="jsn-Zybo-210279540147A-13722093-0"}
fpga -file /home/ispr/Documentos/ispr/tutorials/lab4/sw/workspace/lab4/_ide/bitstream/system_wrapper.bit
targets -set -nocase -filter {name =~"APU*"}
loadhw -hw /home/ispr/Documentos/ispr/tutorials/lab4/sw/workspace/system_platform/export/system_platform/hw/system_wrapper.xsa -mem-ranges [list {0x40000000 0xbfffffff}] -regs
configparams force-mem-access 1
targets -set -nocase -filter {name =~"APU*"}
source /home/ispr/Documentos/ispr/tutorials/lab4/sw/workspace/lab4/_ide/psinit/ps7_init.tcl
ps7_init
ps7_post_config
targets -set -nocase -filter {name =~ "*A9*#0"}
dow /home/ispr/Documentos/ispr/tutorials/lab4/sw/workspace/lab4/Debug/lab4.elf
configparams force-mem-access 0
----------------End of Script----------------

16:26:10 INFO  : Context for processor 'ps7_cortexa9_0' is selected.
16:26:10 INFO  : 'con' command is executed.
16:26:10 INFO  : ----------------XSDB Script (After Launch)----------------
targets -set -nocase -filter {name =~ "*A9*#0"}
con
----------------End of Script----------------

16:26:10 INFO  : Launch script is exported to file '/home/ispr/Documentos/ispr/tutorials/lab4/sw/workspace/lab4_system/_ide/scripts/debugger_lab4-default.tcl'
16:39:53 INFO  : Disconnected from the channel tcfchan#17.
16:40:00 INFO  : Checking for BSP changes to sync application flags for project 'lab4'...
16:40:11 INFO  : Connected to target on host '127.0.0.1' and port '3121'.
16:40:11 INFO  : 'targets -set -filter {jtag_cable_name =~ "Digilent Zybo 210279540147A" && level==0 && jtag_device_ctx=="jsn-Zybo-210279540147A-13722093-0"}' command is executed.
16:40:12 INFO  : Device configured successfully with "/home/ispr/Documentos/ispr/tutorials/lab4/sw/workspace/lab4/_ide/bitstream/system_wrapper.bit"
16:40:18 INFO  : Connected to target on host '127.0.0.1' and port '3121'.
16:40:18 INFO  : Jtag cable 'Digilent Zybo 210279540147A' is selected.
16:40:18 INFO  : 'jtag frequency' command is executed.
16:40:18 INFO  : Context for 'APU' is selected.
16:40:18 INFO  : System reset is completed.
16:40:21 INFO  : 'after 3000' command is executed.
16:40:21 INFO  : 'targets -set -filter {jtag_cable_name =~ "Digilent Zybo 210279540147A" && level==0 && jtag_device_ctx=="jsn-Zybo-210279540147A-13722093-0"}' command is executed.
16:40:22 INFO  : Device configured successfully with "/home/ispr/Documentos/ispr/tutorials/lab4/sw/workspace/lab4/_ide/bitstream/system_wrapper.bit"
16:40:22 INFO  : Context for 'APU' is selected.
16:40:22 INFO  : Hardware design and registers information is loaded from '/home/ispr/Documentos/ispr/tutorials/lab4/sw/workspace/system_platform/export/system_platform/hw/system_wrapper.xsa'.
16:40:22 INFO  : 'configparams force-mem-access 1' command is executed.
16:40:22 INFO  : Context for 'APU' is selected.
16:40:22 INFO  : Sourcing of '/home/ispr/Documentos/ispr/tutorials/lab4/sw/workspace/lab4/_ide/psinit/ps7_init.tcl' is done.
16:40:22 INFO  : 'ps7_init' command is executed.
16:40:22 INFO  : 'ps7_post_config' command is executed.
16:40:22 INFO  : Context for processor 'ps7_cortexa9_0' is selected.
16:40:23 INFO  : The application '/home/ispr/Documentos/ispr/tutorials/lab4/sw/workspace/lab4/Debug/lab4.elf' is downloaded to processor 'ps7_cortexa9_0'.
16:40:23 INFO  : 'configparams force-mem-access 0' command is executed.
16:40:23 INFO  : ----------------XSDB Script----------------
connect -url tcp:127.0.0.1:3121
targets -set -nocase -filter {name =~"APU*"}
rst -system
after 3000
targets -set -filter {jtag_cable_name =~ "Digilent Zybo 210279540147A" && level==0 && jtag_device_ctx=="jsn-Zybo-210279540147A-13722093-0"}
fpga -file /home/ispr/Documentos/ispr/tutorials/lab4/sw/workspace/lab4/_ide/bitstream/system_wrapper.bit
targets -set -nocase -filter {name =~"APU*"}
loadhw -hw /home/ispr/Documentos/ispr/tutorials/lab4/sw/workspace/system_platform/export/system_platform/hw/system_wrapper.xsa -mem-ranges [list {0x40000000 0xbfffffff}] -regs
configparams force-mem-access 1
targets -set -nocase -filter {name =~"APU*"}
source /home/ispr/Documentos/ispr/tutorials/lab4/sw/workspace/lab4/_ide/psinit/ps7_init.tcl
ps7_init
ps7_post_config
targets -set -nocase -filter {name =~ "*A9*#0"}
dow /home/ispr/Documentos/ispr/tutorials/lab4/sw/workspace/lab4/Debug/lab4.elf
configparams force-mem-access 0
----------------End of Script----------------

16:40:23 INFO  : Context for processor 'ps7_cortexa9_0' is selected.
16:40:23 INFO  : 'con' command is executed.
16:40:23 INFO  : ----------------XSDB Script (After Launch)----------------
targets -set -nocase -filter {name =~ "*A9*#0"}
con
----------------End of Script----------------

16:40:23 INFO  : Launch script is exported to file '/home/ispr/Documentos/ispr/tutorials/lab4/sw/workspace/lab4_system/_ide/scripts/debugger_lab4-default.tcl'
16:40:36 INFO  : Disconnected from the channel tcfchan#19.
16:41:05 INFO  : Checking for BSP changes to sync application flags for project 'lab4'...
16:41:16 INFO  : Connected to target on host '127.0.0.1' and port '3121'.
16:41:16 INFO  : Jtag cable 'Digilent Zybo 210279540147A' is selected.
16:41:16 INFO  : 'jtag frequency' command is executed.
16:41:16 INFO  : Context for 'APU' is selected.
16:41:16 INFO  : System reset is completed.
16:41:19 INFO  : 'after 3000' command is executed.
16:41:19 INFO  : 'targets -set -filter {jtag_cable_name =~ "Digilent Zybo 210279540147A" && level==0 && jtag_device_ctx=="jsn-Zybo-210279540147A-13722093-0"}' command is executed.
16:41:20 INFO  : Device configured successfully with "/home/ispr/Documentos/ispr/tutorials/lab4/sw/workspace/lab4/_ide/bitstream/system_wrapper.bit"
16:41:20 INFO  : Context for 'APU' is selected.
16:41:20 INFO  : Hardware design and registers information is loaded from '/home/ispr/Documentos/ispr/tutorials/lab4/sw/workspace/system_platform/export/system_platform/hw/system_wrapper.xsa'.
16:41:20 INFO  : 'configparams force-mem-access 1' command is executed.
16:41:20 INFO  : Context for 'APU' is selected.
16:41:20 INFO  : Sourcing of '/home/ispr/Documentos/ispr/tutorials/lab4/sw/workspace/lab4/_ide/psinit/ps7_init.tcl' is done.
16:41:21 INFO  : 'ps7_init' command is executed.
16:41:21 INFO  : 'ps7_post_config' command is executed.
16:41:21 INFO  : Context for processor 'ps7_cortexa9_0' is selected.
16:41:21 INFO  : The application '/home/ispr/Documentos/ispr/tutorials/lab4/sw/workspace/lab4/Debug/lab4.elf' is downloaded to processor 'ps7_cortexa9_0'.
16:41:21 INFO  : 'configparams force-mem-access 0' command is executed.
16:41:21 INFO  : ----------------XSDB Script----------------
connect -url tcp:127.0.0.1:3121
targets -set -nocase -filter {name =~"APU*"}
rst -system
after 3000
targets -set -filter {jtag_cable_name =~ "Digilent Zybo 210279540147A" && level==0 && jtag_device_ctx=="jsn-Zybo-210279540147A-13722093-0"}
fpga -file /home/ispr/Documentos/ispr/tutorials/lab4/sw/workspace/lab4/_ide/bitstream/system_wrapper.bit
targets -set -nocase -filter {name =~"APU*"}
loadhw -hw /home/ispr/Documentos/ispr/tutorials/lab4/sw/workspace/system_platform/export/system_platform/hw/system_wrapper.xsa -mem-ranges [list {0x40000000 0xbfffffff}] -regs
configparams force-mem-access 1
targets -set -nocase -filter {name =~"APU*"}
source /home/ispr/Documentos/ispr/tutorials/lab4/sw/workspace/lab4/_ide/psinit/ps7_init.tcl
ps7_init
ps7_post_config
targets -set -nocase -filter {name =~ "*A9*#0"}
dow /home/ispr/Documentos/ispr/tutorials/lab4/sw/workspace/lab4/Debug/lab4.elf
configparams force-mem-access 0
----------------End of Script----------------

16:41:21 INFO  : Context for processor 'ps7_cortexa9_0' is selected.
16:41:21 INFO  : 'con' command is executed.
16:41:21 INFO  : ----------------XSDB Script (After Launch)----------------
targets -set -nocase -filter {name =~ "*A9*#0"}
con
----------------End of Script----------------

16:41:21 INFO  : Launch script is exported to file '/home/ispr/Documentos/ispr/tutorials/lab4/sw/workspace/lab4_system/_ide/scripts/debugger_lab4-default.tcl'
18:52:31 INFO  : Connected to target on host '127.0.0.1' and port '3121'.
18:52:31 INFO  : 'targets -set -filter {jtag_cable_name =~ "Digilent Zybo 210279540147A" && level==0 && jtag_device_ctx=="jsn-Zybo-210279540147A-13722093-0"}' command is executed.
18:52:33 INFO  : Device configured successfully with "/home/ispr/Documentos/ispr/tutorials/lab4/sw/workspace/lab4/_ide/bitstream/system_wrapper.bit"
18:52:48 INFO  : Disconnected from the channel tcfchan#21.
18:52:49 INFO  : Connected to target on host '127.0.0.1' and port '3121'.
18:52:52 INFO  : Jtag cable 'Digilent Zybo 210279540147A' is selected.
18:52:52 INFO  : 'jtag frequency' command is executed.
18:52:52 INFO  : Context for 'APU' is selected.
18:52:52 INFO  : System reset is completed.
18:52:55 INFO  : 'after 3000' command is executed.
18:52:55 INFO  : 'targets -set -filter {jtag_cable_name =~ "Digilent Zybo 210279540147A" && level==0 && jtag_device_ctx=="jsn-Zybo-210279540147A-13722093-0"}' command is executed.
18:52:56 INFO  : Device configured successfully with "/home/ispr/Documentos/ispr/tutorials/lab4/sw/workspace/lab4/_ide/bitstream/system_wrapper.bit"
18:52:56 INFO  : Context for 'APU' is selected.
18:52:56 INFO  : Hardware design and registers information is loaded from '/home/ispr/Documentos/ispr/tutorials/lab4/sw/workspace/system_platform/export/system_platform/hw/system_wrapper.xsa'.
18:52:56 INFO  : 'configparams force-mem-access 1' command is executed.
18:52:56 INFO  : Context for 'APU' is selected.
18:52:56 INFO  : Sourcing of '/home/ispr/Documentos/ispr/tutorials/lab4/sw/workspace/lab4/_ide/psinit/ps7_init.tcl' is done.
18:52:56 INFO  : 'ps7_init' command is executed.
18:52:56 INFO  : 'ps7_post_config' command is executed.
18:52:56 INFO  : Context for processor 'ps7_cortexa9_0' is selected.
18:52:56 INFO  : The application '/home/ispr/Documentos/ispr/tutorials/lab4/sw/workspace/lab4/Debug/lab4.elf' is downloaded to processor 'ps7_cortexa9_0'.
18:52:56 INFO  : 'configparams force-mem-access 0' command is executed.
18:52:56 INFO  : ----------------XSDB Script----------------
connect -url tcp:127.0.0.1:3121
targets -set -nocase -filter {name =~"APU*"}
rst -system
after 3000
targets -set -filter {jtag_cable_name =~ "Digilent Zybo 210279540147A" && level==0 && jtag_device_ctx=="jsn-Zybo-210279540147A-13722093-0"}
fpga -file /home/ispr/Documentos/ispr/tutorials/lab4/sw/workspace/lab4/_ide/bitstream/system_wrapper.bit
targets -set -nocase -filter {name =~"APU*"}
loadhw -hw /home/ispr/Documentos/ispr/tutorials/lab4/sw/workspace/system_platform/export/system_platform/hw/system_wrapper.xsa -mem-ranges [list {0x40000000 0xbfffffff}] -regs
configparams force-mem-access 1
targets -set -nocase -filter {name =~"APU*"}
source /home/ispr/Documentos/ispr/tutorials/lab4/sw/workspace/lab4/_ide/psinit/ps7_init.tcl
ps7_init
ps7_post_config
targets -set -nocase -filter {name =~ "*A9*#0"}
dow /home/ispr/Documentos/ispr/tutorials/lab4/sw/workspace/lab4/Debug/lab4.elf
configparams force-mem-access 0
----------------End of Script----------------

18:52:56 INFO  : Context for processor 'ps7_cortexa9_0' is selected.
18:52:56 INFO  : 'con' command is executed.
18:52:56 INFO  : ----------------XSDB Script (After Launch)----------------
targets -set -nocase -filter {name =~ "*A9*#0"}
con
----------------End of Script----------------

18:52:56 INFO  : Launch script is exported to file '/home/ispr/Documentos/ispr/tutorials/lab4/sw/workspace/lab4_system/_ide/scripts/debugger_lab4-default.tcl'
18:56:32 INFO  : Disconnected from the channel tcfchan#22.
