17:05:13 INFO  : Registering command handlers for Vitis TCF services
17:05:13 INFO  : Platform repository initialization has completed.
17:05:14 INFO  : Result from executing command 'getProjects': system_platform
17:05:14 INFO  : Result from executing command 'getPlatforms': 
17:05:14 INFO  : Result from executing command 'reportPlatform': {system_platform={standalone_ps7_cortexa9_0={Os=standalone, DomainName=standalone_ps7_cortexa9_0, CpuType=cortex-a9, CpuInstance=ps7_cortexa9_0}}}
17:05:14 INFO  : Result from executing command 'reportPlatform': {system_platform={standalone_ps7_cortexa9_0={Os=standalone, DomainName=standalone_ps7_cortexa9_0, CpuType=cortex-a9, CpuInstance=ps7_cortexa9_0}}}
17:05:14 INFO  : Result from executing command 'reportPlatform': {system_platform={standalone_ps7_cortexa9_0={Os=standalone, DomainName=standalone_ps7_cortexa9_0, CpuType=cortex-a9, CpuInstance=ps7_cortexa9_0}}}
17:05:16 INFO  : plnx-install-location is set to ''
17:05:17 INFO  : Successfully done query RDI_DATADIR 
17:05:24 INFO  : Result from executing command 'getProjects': system_platform
17:05:24 INFO  : Result from executing command 'getPlatforms': system_platform|/home/ispr/Documentos/ispr/tutorials/lab3/sw/workspace/system_platform/export/system_platform/system_platform.xpfm
17:05:30 INFO  : Checking for BSP changes to sync application flags for project 'lab3'...
17:06:14 INFO  : Launching XSCT server: xsct -n  -interactive /home/ispr/Documentos/ispr/tutorials/lab3/sw/workspace/temp_xsdb_launch_script.tcl
17:06:15 INFO  : Platform repository initialization has completed.
17:06:15 INFO  : Registering command handlers for Vitis TCF services
17:06:17 INFO  : XSCT server has started successfully.
17:06:17 INFO  : plnx-install-location is set to ''
17:06:17 INFO  : Successfully done setting XSCT server connection channel  
17:06:17 INFO  : Successfully done query RDI_DATADIR 
17:06:17 INFO  : Successfully done setting workspace for the tool. 
17:13:54 INFO  : Checking for BSP changes to sync application flags for project 'lab3'...
17:13:54 INFO  : Result from executing command 'getProjects': RemoteSystemsTempFiles;lab3;lab3_system;system_platform
17:13:54 ERROR : Failed to openhw "/home/ispr/Documentos/ispr/tutorials/lab3/sw/workspace/system_platform/export/system_platform/hw/system_wrapper.xsa"
Reason: /home/ispr/Documentos/ispr/tutorials/lab3/sw/workspace/system_platform/export/system_platform/hw/system_wrapper.xsa is not available in the current workspace
use 'getprojects' command to see list of available projects in current workspace
17:13:54 ERROR : Failed to update application flags from BSP for 'lab3'. Reason: null
java.lang.NullPointerException
	at com.xilinx.sdx.sw.internal.SDxSwPlatform.<init>(SDxSwPlatform.java:305)
	at com.xilinx.sdx.sw.internal.SDxSwPlatform.create(SDxSwPlatform.java:214)
	at com.xilinx.sdx.sdk.core.util.SdkPlatformHelper.getSwPlatform(SdkPlatformHelper.java:61)
	at com.xilinx.sdx.sdk.core.build.SdkMakefileGenerationListener.getSwPlatform(SdkMakefileGenerationListener.java:160)
	at com.xilinx.sdx.sdk.core.build.SdkMakefileGenerationListener.syncAppFlags(SdkMakefileGenerationListener.java:78)
	at com.xilinx.sdx.sdk.core.build.SdkMakefileGenerationListener.preMakefileGeneration(SdkMakefileGenerationListener.java:48)
	at com.xilinx.sdk.managedbuilder.XilinxGnuMakefileGenerator.notifyPreMakefileGenerationListeners(XilinxGnuMakefileGenerator.java:91)
	at com.xilinx.sdk.managedbuilder.XilinxGnuMakefileGenerator.regenerateMakefiles(XilinxGnuMakefileGenerator.java:75)
	at org.eclipse.cdt.managedbuilder.internal.core.CommonBuilder.performMakefileGeneration(CommonBuilder.java:1006)
	at org.eclipse.cdt.managedbuilder.internal.core.CommonBuilder.performPrebuildGeneration(CommonBuilder.java:873)
	at org.eclipse.cdt.managedbuilder.internal.core.CommonBuilder.build(CommonBuilder.java:748)
	at org.eclipse.cdt.managedbuilder.internal.core.CommonBuilder.build(CommonBuilder.java:513)
	at org.eclipse.cdt.managedbuilder.internal.core.CommonBuilder.build(CommonBuilder.java:459)
	at org.eclipse.core.internal.events.BuildManager$2.run(BuildManager.java:832)
	at org.eclipse.core.runtime.SafeRunner.run(SafeRunner.java:45)
	at org.eclipse.core.internal.events.BuildManager.basicBuild(BuildManager.java:220)
	at org.eclipse.core.internal.events.BuildManager.basicBuild(BuildManager.java:263)
	at org.eclipse.core.internal.events.BuildManager$1.run(BuildManager.java:316)
	at org.eclipse.core.runtime.SafeRunner.run(SafeRunner.java:45)
	at org.eclipse.core.internal.events.BuildManager.basicBuild(BuildManager.java:319)
	at org.eclipse.core.internal.events.BuildManager.basicBuildLoop(BuildManager.java:371)
	at org.eclipse.core.internal.events.BuildManager.build(BuildManager.java:392)
	at org.eclipse.core.internal.resources.Workspace.buildInternal(Workspace.java:515)
	at org.eclipse.core.internal.resources.Workspace.build(Workspace.java:412)
	at org.eclipse.ui.actions.BuildAction$1.runInWorkspace(BuildAction.java:291)
	at org.eclipse.core.internal.resources.InternalWorkspaceJob.run(InternalWorkspaceJob.java:42)
	at org.eclipse.core.internal.jobs.Worker.run(Worker.java:63)
17:15:14 INFO  : Checking for BSP changes to sync application flags for project 'lab3'...
17:15:14 INFO  : Result from executing command 'getProjects': RemoteSystemsTempFiles;lab3;lab3_system;system_platform
17:15:14 ERROR : Failed to openhw "/home/ispr/Documentos/ispr/tutorials/lab3/sw/workspace/system_platform/export/system_platform/hw/system_wrapper.xsa"
Reason: /home/ispr/Documentos/ispr/tutorials/lab3/sw/workspace/system_platform/export/system_platform/hw/system_wrapper.xsa is not available in the current workspace
use 'getprojects' command to see list of available projects in current workspace
17:15:14 ERROR : Failed to update application flags from BSP for 'lab3'. Reason: null
java.lang.NullPointerException
	at com.xilinx.sdx.sw.internal.SDxSwPlatform.<init>(SDxSwPlatform.java:305)
	at com.xilinx.sdx.sw.internal.SDxSwPlatform.create(SDxSwPlatform.java:214)
	at com.xilinx.sdx.sdk.core.util.SdkPlatformHelper.getSwPlatform(SdkPlatformHelper.java:61)
	at com.xilinx.sdx.sdk.core.build.SdkMakefileGenerationListener.getSwPlatform(SdkMakefileGenerationListener.java:160)
	at com.xilinx.sdx.sdk.core.build.SdkMakefileGenerationListener.syncAppFlags(SdkMakefileGenerationListener.java:78)
	at com.xilinx.sdx.sdk.core.build.SdkMakefileGenerationListener.preMakefileGeneration(SdkMakefileGenerationListener.java:48)
	at com.xilinx.sdk.managedbuilder.XilinxGnuMakefileGenerator.notifyPreMakefileGenerationListeners(XilinxGnuMakefileGenerator.java:91)
	at com.xilinx.sdk.managedbuilder.XilinxGnuMakefileGenerator.generateMakefiles(XilinxGnuMakefileGenerator.java:40)
	at org.eclipse.cdt.managedbuilder.internal.core.CommonBuilder.performMakefileGeneration(CommonBuilder.java:1008)
	at org.eclipse.cdt.managedbuilder.internal.core.CommonBuilder.performPrebuildGeneration(CommonBuilder.java:873)
	at org.eclipse.cdt.managedbuilder.internal.core.CommonBuilder.build(CommonBuilder.java:748)
	at org.eclipse.cdt.managedbuilder.internal.core.CommonBuilder.build(CommonBuilder.java:510)
	at org.eclipse.cdt.managedbuilder.internal.core.CommonBuilder.build(CommonBuilder.java:459)
	at org.eclipse.core.internal.events.BuildManager$2.run(BuildManager.java:832)
	at org.eclipse.core.runtime.SafeRunner.run(SafeRunner.java:45)
	at org.eclipse.core.internal.events.BuildManager.basicBuild(BuildManager.java:220)
	at org.eclipse.core.internal.events.BuildManager.basicBuild(BuildManager.java:263)
	at org.eclipse.core.internal.events.BuildManager$1.run(BuildManager.java:316)
	at org.eclipse.core.runtime.SafeRunner.run(SafeRunner.java:45)
	at org.eclipse.core.internal.events.BuildManager.basicBuild(BuildManager.java:319)
	at org.eclipse.core.internal.events.BuildManager.basicBuildLoop(BuildManager.java:371)
	at org.eclipse.core.internal.events.BuildManager.build(BuildManager.java:392)
	at org.eclipse.core.internal.resources.Workspace.buildInternal(Workspace.java:515)
	at org.eclipse.core.internal.resources.Workspace.build(Workspace.java:412)
	at org.eclipse.ui.actions.BuildAction$1.runInWorkspace(BuildAction.java:291)
	at org.eclipse.core.internal.resources.InternalWorkspaceJob.run(InternalWorkspaceJob.java:42)
	at org.eclipse.core.internal.jobs.Worker.run(Worker.java:63)
17:15:34 INFO  : Checking for BSP changes to sync application flags for project 'lab3'...
17:15:34 INFO  : Result from executing command 'getProjects': RemoteSystemsTempFiles;lab3;lab3_system;system_platform
17:15:34 ERROR : Failed to openhw "/home/ispr/Documentos/ispr/tutorials/lab3/sw/workspace/system_platform/export/system_platform/hw/system_wrapper.xsa"
Reason: /home/ispr/Documentos/ispr/tutorials/lab3/sw/workspace/system_platform/export/system_platform/hw/system_wrapper.xsa is not available in the current workspace
use 'getprojects' command to see list of available projects in current workspace
17:15:34 ERROR : Failed to update application flags from BSP for 'lab3'. Reason: null
java.lang.NullPointerException
	at com.xilinx.sdx.sw.internal.SDxSwPlatform.<init>(SDxSwPlatform.java:305)
	at com.xilinx.sdx.sw.internal.SDxSwPlatform.create(SDxSwPlatform.java:214)
	at com.xilinx.sdx.sdk.core.util.SdkPlatformHelper.getSwPlatform(SdkPlatformHelper.java:61)
	at com.xilinx.sdx.sdk.core.build.SdkMakefileGenerationListener.getSwPlatform(SdkMakefileGenerationListener.java:160)
	at com.xilinx.sdx.sdk.core.build.SdkMakefileGenerationListener.syncAppFlags(SdkMakefileGenerationListener.java:78)
	at com.xilinx.sdx.sdk.core.build.SdkMakefileGenerationListener.preMakefileGeneration(SdkMakefileGenerationListener.java:48)
	at com.xilinx.sdk.managedbuilder.XilinxGnuMakefileGenerator.notifyPreMakefileGenerationListeners(XilinxGnuMakefileGenerator.java:91)
	at com.xilinx.sdk.managedbuilder.XilinxGnuMakefileGenerator.generateMakefiles(XilinxGnuMakefileGenerator.java:40)
	at org.eclipse.cdt.managedbuilder.internal.core.CommonBuilder.performMakefileGeneration(CommonBuilder.java:1008)
	at org.eclipse.cdt.managedbuilder.internal.core.CommonBuilder.performPrebuildGeneration(CommonBuilder.java:873)
	at org.eclipse.cdt.managedbuilder.internal.core.CommonBuilder.build(CommonBuilder.java:748)
	at org.eclipse.cdt.managedbuilder.internal.core.CommonBuilder.build(CommonBuilder.java:510)
	at org.eclipse.cdt.managedbuilder.internal.core.CommonBuilder.build(CommonBuilder.java:459)
	at org.eclipse.core.internal.events.BuildManager$2.run(BuildManager.java:832)
	at org.eclipse.core.runtime.SafeRunner.run(SafeRunner.java:45)
	at org.eclipse.core.internal.events.BuildManager.basicBuild(BuildManager.java:220)
	at org.eclipse.core.internal.events.BuildManager.basicBuild(BuildManager.java:263)
	at org.eclipse.core.internal.events.BuildManager$1.run(BuildManager.java:316)
	at org.eclipse.core.runtime.SafeRunner.run(SafeRunner.java:45)
	at org.eclipse.core.internal.events.BuildManager.basicBuild(BuildManager.java:319)
	at org.eclipse.core.internal.events.BuildManager.basicBuildLoop(BuildManager.java:371)
	at org.eclipse.core.internal.events.BuildManager.build(BuildManager.java:392)
	at org.eclipse.core.internal.resources.Workspace.buildInternal(Workspace.java:515)
	at org.eclipse.core.internal.resources.Workspace.build(Workspace.java:412)
	at org.eclipse.ui.actions.BuildAction$1.runInWorkspace(BuildAction.java:291)
	at org.eclipse.core.internal.resources.InternalWorkspaceJob.run(InternalWorkspaceJob.java:42)
	at org.eclipse.core.internal.jobs.Worker.run(Worker.java:63)
17:15:36 ERROR : Failed to compute checksum of hardware specification file used by project 'lab3'
17:15:36 INFO  : Result from executing command 'getProjects': RemoteSystemsTempFiles;lab3;lab3_system;system_platform
17:15:36 ERROR : Failed to openhw "/home/ispr/Documentos/ispr/tutorials/lab3/sw/workspace/system_platform/export/system_platform/hw/system_wrapper.xsa"
Reason: /home/ispr/Documentos/ispr/tutorials/lab3/sw/workspace/system_platform/export/system_platform/hw/system_wrapper.xsa is not available in the current workspace
use 'getprojects' command to see list of available projects in current workspace
17:15:36 INFO  : Result from executing command 'getProjects': RemoteSystemsTempFiles;lab3;lab3_system;system_platform
17:15:36 ERROR : Failed to openhw "/home/ispr/Documentos/ispr/tutorials/lab3/sw/workspace/system_platform/export/system_platform/hw/system_wrapper.xsa"
Reason: /home/ispr/Documentos/ispr/tutorials/lab3/sw/workspace/system_platform/export/system_platform/hw/system_wrapper.xsa is not available in the current workspace
use 'getprojects' command to see list of available projects in current workspace
17:15:36 INFO  : Result from executing command 'getProjects': RemoteSystemsTempFiles;lab3;lab3_system;system_platform
17:15:36 ERROR : Failed to openhw "/home/ispr/Documentos/ispr/tutorials/lab3/sw/workspace/system_platform/export/system_platform/hw/system_wrapper.xsa"
Reason: /home/ispr/Documentos/ispr/tutorials/lab3/sw/workspace/system_platform/export/system_platform/hw/system_wrapper.xsa is not available in the current workspace
use 'getprojects' command to see list of available projects in current workspace
17:16:16 INFO  : Result from executing command 'removePlatformRepo': 
17:17:09 INFO  : Result from executing command 'removePlatformRepo': 
17:17:23 INFO  : Checking for BSP changes to sync application flags for project 'lab3'...
17:17:23 ERROR : Failed to get platform details for the project 'lab3'. Cannot sync application flags.
17:18:32 INFO  : Hardware specification for platform project 'system_platform' is updated.
17:20:06 INFO  : Result from executing command 'removePlatformRepo': 
17:20:14 INFO  : Result from executing command 'getProjects': system_platform
17:20:14 INFO  : Result from executing command 'getPlatforms': 
17:20:43 INFO  : Result from executing command 'removePlatformRepo': 
17:20:55 INFO  : Result from executing command 'getProjects': system_platform
17:20:55 INFO  : Result from executing command 'getPlatforms': 
17:20:58 INFO  : Checking for BSP changes to sync application flags for project 'lab3'...
17:20:59 INFO  : Updating application flags with new BSP settings...
17:21:00 INFO  : Successfully updated application flags for project lab3.
17:23:28 INFO  : Connected to target on host '127.0.0.1' and port '3121'.
17:23:29 INFO  : 'targets -set -filter {jtag_cable_name =~ "Digilent Zybo 210279787115A" && level==0 && jtag_device_ctx=="jsn-Zybo-210279787115A-13722093-0"}' command is executed.
17:23:30 INFO  : Device configured successfully with "/home/ispr/Documentos/ispr/tutorials/lab3/sw/workspace/lab3/_ide/bitstream/system_wrapper.bit"
17:27:04 INFO  : Connected to target on host '127.0.0.1' and port '3121'.
17:27:04 INFO  : Jtag cable 'Digilent Zybo 210279787115A' is selected.
17:27:04 INFO  : 'jtag frequency' command is executed.
17:27:04 INFO  : Context for 'APU' is selected.
17:27:04 INFO  : System reset is completed.
17:27:07 INFO  : 'after 3000' command is executed.
17:27:07 INFO  : 'targets -set -filter {jtag_cable_name =~ "Digilent Zybo 210279787115A" && level==0 && jtag_device_ctx=="jsn-Zybo-210279787115A-13722093-0"}' command is executed.
17:27:08 INFO  : Device configured successfully with "/home/ispr/Documentos/ispr/tutorials/lab3/sw/workspace/lab3/_ide/bitstream/system_wrapper.bit"
17:27:08 INFO  : Context for 'APU' is selected.
17:27:08 INFO  : Hardware design and registers information is loaded from '/home/ispr/Documentos/ispr/tutorials/lab3/sw/workspace/system_platform/export/system_platform/hw/system_wrapper.xsa'.
17:27:08 INFO  : 'configparams force-mem-access 1' command is executed.
17:27:08 INFO  : Context for 'APU' is selected.
17:27:08 INFO  : Sourcing of '/home/ispr/Documentos/ispr/tutorials/lab3/sw/workspace/lab3/_ide/psinit/ps7_init.tcl' is done.
17:27:09 INFO  : 'ps7_init' command is executed.
17:27:09 INFO  : 'ps7_post_config' command is executed.
17:27:09 INFO  : Context for processor 'ps7_cortexa9_0' is selected.
17:27:09 INFO  : 'profile -freq 100000 -scratchaddr 0x10000000' command is executed.
17:27:10 INFO  : The application '/home/ispr/Documentos/ispr/tutorials/lab3/sw/workspace/lab3/Debug/lab3.elf' is downloaded to processor 'ps7_cortexa9_0'.
17:27:10 INFO  : 'configparams force-mem-access 0' command is executed.
17:27:10 INFO  : ----------------XSDB Script----------------
connect -url tcp:127.0.0.1:3121
targets -set -nocase -filter {name =~"APU*"}
rst -system
after 3000
targets -set -filter {jtag_cable_name =~ "Digilent Zybo 210279787115A" && level==0 && jtag_device_ctx=="jsn-Zybo-210279787115A-13722093-0"}
fpga -file /home/ispr/Documentos/ispr/tutorials/lab3/sw/workspace/lab3/_ide/bitstream/system_wrapper.bit
targets -set -nocase -filter {name =~"APU*"}
loadhw -hw /home/ispr/Documentos/ispr/tutorials/lab3/sw/workspace/system_platform/export/system_platform/hw/system_wrapper.xsa -mem-ranges [list {0x40000000 0xbfffffff}] -regs
configparams force-mem-access 1
targets -set -nocase -filter {name =~"APU*"}
source /home/ispr/Documentos/ispr/tutorials/lab3/sw/workspace/lab3/_ide/psinit/ps7_init.tcl
ps7_init
ps7_post_config
targets -set -nocase -filter {name =~ "*A9*#0"}
profile -freq 100000 -scratchaddr 0x10000000
dow /home/ispr/Documentos/ispr/tutorials/lab3/sw/workspace/lab3/Debug/lab3.elf
configparams force-mem-access 0
----------------End of Script----------------

17:27:10 INFO  : Context for processor 'ps7_cortexa9_0' is selected.
17:27:10 INFO  : 'set bpid [bpadd -addr &_exit]' command is executed.
17:27:11 INFO  : 'con -block' command is executed.
17:27:11 INFO  : 'profile -out /home/ispr/Documentos/ispr/tutorials/lab3/sw/workspace/lab3/Debug/gmon.out' command is executed.
17:27:11 INFO  : 'bpremove $bpid' command is executed.
17:27:11 INFO  : 'con' command is executed.
17:27:11 INFO  : ----------------XSDB Script (After Launch)----------------
targets -set -nocase -filter {name =~ "*A9*#0"}
set bpid [bpadd -addr &_exit]
con -block
profile -out /home/ispr/Documentos/ispr/tutorials/lab3/sw/workspace/lab3/Debug/gmon.out
bpremove $bpid
con
----------------End of Script----------------

17:27:11 INFO  : Launch script is exported to file '/home/ispr/Documentos/ispr/tutorials/lab3/sw/workspace/lab3_system/_ide/scripts/debugger_lab3-default.tcl'
17:29:35 INFO  : Connected to target on host '127.0.0.1' and port '3121'.
17:29:35 INFO  : 'targets -set -filter {jtag_cable_name =~ "Digilent Zybo 210279787115A" && level==0 && jtag_device_ctx=="jsn-Zybo-210279787115A-13722093-0"}' command is executed.
17:29:36 INFO  : Device configured successfully with "/home/ispr/Documentos/ispr/tutorials/lab3/sw/workspace/lab3/_ide/bitstream/system_wrapper.bit"
17:31:15 INFO  : Disconnected from the channel tcfchan#13.
17:31:16 INFO  : Connected to target on host '127.0.0.1' and port '3121'.
17:31:16 INFO  : Jtag cable 'Digilent Zybo 210279787115A' is selected.
17:31:16 INFO  : 'jtag frequency' command is executed.
17:31:16 INFO  : Context for 'APU' is selected.
17:31:17 INFO  : System reset is completed.
17:31:20 INFO  : 'after 3000' command is executed.
17:31:20 INFO  : 'targets -set -filter {jtag_cable_name =~ "Digilent Zybo 210279787115A" && level==0 && jtag_device_ctx=="jsn-Zybo-210279787115A-13722093-0"}' command is executed.
17:31:21 INFO  : Device configured successfully with "/home/ispr/Documentos/ispr/tutorials/lab3/sw/workspace/lab3/_ide/bitstream/system_wrapper.bit"
17:31:21 INFO  : Context for 'APU' is selected.
17:31:21 INFO  : Hardware design and registers information is loaded from '/home/ispr/Documentos/ispr/tutorials/lab3/sw/workspace/system_platform/export/system_platform/hw/system_wrapper.xsa'.
17:31:21 INFO  : 'configparams force-mem-access 1' command is executed.
17:31:21 INFO  : Context for 'APU' is selected.
17:31:21 INFO  : Sourcing of '/home/ispr/Documentos/ispr/tutorials/lab3/sw/workspace/lab3/_ide/psinit/ps7_init.tcl' is done.
17:31:21 INFO  : 'ps7_init' command is executed.
17:31:21 INFO  : 'ps7_post_config' command is executed.
17:31:21 INFO  : Context for processor 'ps7_cortexa9_0' is selected.
17:31:21 INFO  : 'profile -freq 100000 -scratchaddr 0x10000000' command is executed.
17:31:23 INFO  : The application '/home/ispr/Documentos/ispr/tutorials/lab3/sw/workspace/lab3/Debug/lab3.elf' is downloaded to processor 'ps7_cortexa9_0'.
17:31:23 INFO  : 'configparams force-mem-access 0' command is executed.
17:31:23 INFO  : ----------------XSDB Script----------------
connect -url tcp:127.0.0.1:3121
targets -set -nocase -filter {name =~"APU*"}
rst -system
after 3000
targets -set -filter {jtag_cable_name =~ "Digilent Zybo 210279787115A" && level==0 && jtag_device_ctx=="jsn-Zybo-210279787115A-13722093-0"}
fpga -file /home/ispr/Documentos/ispr/tutorials/lab3/sw/workspace/lab3/_ide/bitstream/system_wrapper.bit
targets -set -nocase -filter {name =~"APU*"}
loadhw -hw /home/ispr/Documentos/ispr/tutorials/lab3/sw/workspace/system_platform/export/system_platform/hw/system_wrapper.xsa -mem-ranges [list {0x40000000 0xbfffffff}] -regs
configparams force-mem-access 1
targets -set -nocase -filter {name =~"APU*"}
source /home/ispr/Documentos/ispr/tutorials/lab3/sw/workspace/lab3/_ide/psinit/ps7_init.tcl
ps7_init
ps7_post_config
targets -set -nocase -filter {name =~ "*A9*#0"}
profile -freq 100000 -scratchaddr 0x10000000
dow /home/ispr/Documentos/ispr/tutorials/lab3/sw/workspace/lab3/Debug/lab3.elf
configparams force-mem-access 0
----------------End of Script----------------

17:31:23 INFO  : Context for processor 'ps7_cortexa9_0' is selected.
17:31:23 INFO  : 'set bpid [bpadd -addr &_exit]' command is executed.
17:31:24 INFO  : 'con -block' command is executed.
17:31:24 INFO  : 'profile -out /home/ispr/Documentos/ispr/tutorials/lab3/sw/workspace/lab3/Debug/gmon.out' command is executed.
17:31:24 INFO  : 'bpremove $bpid' command is executed.
17:31:24 INFO  : 'con' command is executed.
17:31:24 INFO  : ----------------XSDB Script (After Launch)----------------
targets -set -nocase -filter {name =~ "*A9*#0"}
set bpid [bpadd -addr &_exit]
con -block
profile -out /home/ispr/Documentos/ispr/tutorials/lab3/sw/workspace/lab3/Debug/gmon.out
bpremove $bpid
con
----------------End of Script----------------

17:31:24 INFO  : Launch script is exported to file '/home/ispr/Documentos/ispr/tutorials/lab3/sw/workspace/lab3_system/_ide/scripts/debugger_lab3-default.tcl'
17:33:58 INFO  : Result from executing command 'removePlatformRepo': 
17:34:07 INFO  : Result from executing command 'getProjects': system_platform
17:34:07 INFO  : Result from executing command 'getPlatforms': 
17:34:11 INFO  : Checking for BSP changes to sync application flags for project 'lab3'...
17:34:46 INFO  : Disconnected from the channel tcfchan#14.
17:34:47 INFO  : Connected to target on host '127.0.0.1' and port '3121'.
17:34:56 INFO  : ----------------XSDB Script----------------
connect -url tcp:127.0.0.1:3121
----------------End of Script----------------

17:34:56 ERROR : Could not find ARM device on the board for connection 'Local'.
Check if the target is in:
1. Split JTAG - No operations are possible with ARM DAP.
2. Non JTAG bootmode - Bootrom may need time to enable DAP.
Please try again.


Troubleshooting hints:
1. Check whether board is connected to system properly.
2. In case of zynq board, check whether Digilent/Xilinx cable switch settings are correct.
3. If you are using Xilinx Platform Cable USB, ensure that status LED is green.
17:35:07 INFO  : Connected to target on host '127.0.0.1' and port '3121'.
17:35:07 INFO  : 'targets -set -filter {jtag_cable_name =~ "Digilent Zybo 210279787115A" && level==0 && jtag_device_ctx=="jsn-Zybo-210279787115A-13722093-0"}' command is executed.
17:35:09 INFO  : Device configured successfully with "/home/ispr/Documentos/ispr/tutorials/lab3/sw/workspace/lab3/_ide/bitstream/system_wrapper.bit"
17:35:16 INFO  : Connected to target on host '127.0.0.1' and port '3121'.
17:35:16 INFO  : Jtag cable 'Digilent Zybo 210279787115A' is selected.
17:35:16 INFO  : 'jtag frequency' command is executed.
17:35:16 INFO  : Context for 'APU' is selected.
17:35:16 INFO  : System reset is completed.
17:35:19 INFO  : 'after 3000' command is executed.
17:35:19 INFO  : 'targets -set -filter {jtag_cable_name =~ "Digilent Zybo 210279787115A" && level==0 && jtag_device_ctx=="jsn-Zybo-210279787115A-13722093-0"}' command is executed.
17:35:20 INFO  : Device configured successfully with "/home/ispr/Documentos/ispr/tutorials/lab3/sw/workspace/lab3/_ide/bitstream/system_wrapper.bit"
17:35:20 INFO  : Context for 'APU' is selected.
17:35:20 INFO  : Hardware design and registers information is loaded from '/home/ispr/Documentos/ispr/tutorials/lab3/sw/workspace/system_platform/export/system_platform/hw/system_wrapper.xsa'.
17:35:20 INFO  : 'configparams force-mem-access 1' command is executed.
17:35:20 INFO  : Context for 'APU' is selected.
17:35:20 INFO  : Sourcing of '/home/ispr/Documentos/ispr/tutorials/lab3/sw/workspace/lab3/_ide/psinit/ps7_init.tcl' is done.
17:35:21 INFO  : 'ps7_init' command is executed.
17:35:21 INFO  : 'ps7_post_config' command is executed.
17:35:21 INFO  : Context for processor 'ps7_cortexa9_0' is selected.
17:35:21 INFO  : 'profile -freq 100000 -scratchaddr 0x10000000' command is executed.
17:35:22 INFO  : The application '/home/ispr/Documentos/ispr/tutorials/lab3/sw/workspace/lab3/Debug/lab3.elf' is downloaded to processor 'ps7_cortexa9_0'.
17:35:22 INFO  : 'configparams force-mem-access 0' command is executed.
17:35:22 INFO  : ----------------XSDB Script----------------
connect -url tcp:127.0.0.1:3121
targets -set -nocase -filter {name =~"APU*"}
rst -system
after 3000
targets -set -filter {jtag_cable_name =~ "Digilent Zybo 210279787115A" && level==0 && jtag_device_ctx=="jsn-Zybo-210279787115A-13722093-0"}
fpga -file /home/ispr/Documentos/ispr/tutorials/lab3/sw/workspace/lab3/_ide/bitstream/system_wrapper.bit
targets -set -nocase -filter {name =~"APU*"}
loadhw -hw /home/ispr/Documentos/ispr/tutorials/lab3/sw/workspace/system_platform/export/system_platform/hw/system_wrapper.xsa -mem-ranges [list {0x40000000 0xbfffffff}] -regs
configparams force-mem-access 1
targets -set -nocase -filter {name =~"APU*"}
source /home/ispr/Documentos/ispr/tutorials/lab3/sw/workspace/lab3/_ide/psinit/ps7_init.tcl
ps7_init
ps7_post_config
targets -set -nocase -filter {name =~ "*A9*#0"}
profile -freq 100000 -scratchaddr 0x10000000
dow /home/ispr/Documentos/ispr/tutorials/lab3/sw/workspace/lab3/Debug/lab3.elf
configparams force-mem-access 0
----------------End of Script----------------

17:35:22 INFO  : Context for processor 'ps7_cortexa9_0' is selected.
17:35:22 INFO  : 'set bpid [bpadd -addr &_exit]' command is executed.
17:35:23 INFO  : 'con -block' command is executed.
17:35:23 INFO  : 'profile -out /home/ispr/Documentos/ispr/tutorials/lab3/sw/workspace/lab3/Debug/gmon.out' command is executed.
17:35:23 INFO  : 'bpremove $bpid' command is executed.
17:35:23 INFO  : 'con' command is executed.
17:35:23 INFO  : ----------------XSDB Script (After Launch)----------------
targets -set -nocase -filter {name =~ "*A9*#0"}
set bpid [bpadd -addr &_exit]
con -block
profile -out /home/ispr/Documentos/ispr/tutorials/lab3/sw/workspace/lab3/Debug/gmon.out
bpremove $bpid
con
----------------End of Script----------------

17:35:23 INFO  : Launch script is exported to file '/home/ispr/Documentos/ispr/tutorials/lab3/sw/workspace/lab3_system/_ide/scripts/debugger_lab3-default.tcl'
19:00:42 INFO  : Disconnected from the channel tcfchan#17.
15:39:34 INFO  : Launching XSCT server: xsct -n  -interactive /home/ispr/Documentos/ispr/tutorials/lab3/sw/workspace/temp_xsdb_launch_script.tcl
15:39:35 INFO  : Platform repository initialization has completed.
15:39:35 INFO  : Registering command handlers for Vitis TCF services
15:39:37 INFO  : XSCT server has started successfully.
15:39:37 INFO  : Successfully done setting XSCT server connection channel  
15:39:37 INFO  : plnx-install-location is set to ''
15:39:37 INFO  : Successfully done setting workspace for the tool. 
15:39:37 INFO  : Successfully done query RDI_DATADIR 
15:44:48 INFO  : Connected to target on host '127.0.0.1' and port '3121'.
15:45:06 INFO  : ----------------XSDB Script----------------
connect -url tcp:127.0.0.1:3121
----------------End of Script----------------

15:45:06 ERROR : Could not find ARM device on the board for connection 'Local'.
Check if the target is in:
1. Split JTAG - No operations are possible with ARM DAP.
2. Non JTAG bootmode - Bootrom may need time to enable DAP.
Please try again.


Troubleshooting hints:
1. Check whether board is connected to system properly.
2. In case of zynq board, check whether Digilent/Xilinx cable switch settings are correct.
3. If you are using Xilinx Platform Cable USB, ensure that status LED is green.
15:46:02 INFO  : Result from executing command 'getProjects': system_platform
15:46:02 INFO  : Result from executing command 'getPlatforms': system_platform|/home/ispr/Documentos/ispr/tutorials/lab3/sw/workspace/system_platform/export/system_platform/system_platform.xpfm
15:46:05 INFO  : Checking for BSP changes to sync application flags for project 'lab3'...
15:46:14 INFO  : Checking for BSP changes to sync application flags for project 'lab3'...
18:33:27 INFO  : Checking for BSP changes to sync application flags for project 'lab3'...
18:34:33 INFO  : Checking for BSP changes to sync application flags for project 'lab3'...
18:36:09 INFO  : Checking for BSP changes to sync application flags for project 'lab3'...
