16:57:45 INFO  : Registering command handlers for Vitis TCF services
16:57:45 INFO  : Platform repository initialization has completed.
16:57:46 INFO  : Result from executing command 'getProjects': system_platform
16:57:46 INFO  : Result from executing command 'getPlatforms': 
16:57:46 INFO  : Result from executing command 'reportPlatform': {system_platform={standalone_ps7_cortexa9_0={Os=standalone, DomainName=standalone_ps7_cortexa9_0, CpuType=cortex-a9, CpuInstance=ps7_cortexa9_0}}}
16:57:46 INFO  : Result from executing command 'reportPlatform': {system_platform={standalone_ps7_cortexa9_0={Os=standalone, DomainName=standalone_ps7_cortexa9_0, CpuType=cortex-a9, CpuInstance=ps7_cortexa9_0}}}
16:57:46 INFO  : Result from executing command 'reportPlatform': {system_platform={standalone_ps7_cortexa9_0={Os=standalone, DomainName=standalone_ps7_cortexa9_0, CpuType=cortex-a9, CpuInstance=ps7_cortexa9_0}}}
16:57:56 INFO  : plnx-install-location is set to ''
16:57:57 INFO  : Successfully done query RDI_DATADIR 
16:58:03 INFO  : Result from executing command 'getProjects': system_platform
16:58:03 INFO  : Result from executing command 'getPlatforms': system_platform|/home/ispr/Documentos/ispr/tutorials/lab2/sw/workspace/system_platform/export/system_platform/system_platform.xpfm
16:58:09 INFO  : Checking for BSP changes to sync application flags for project 'lab2'...
16:59:03 INFO  : Launching XSCT server: xsct -n  -interactive /home/ispr/Documentos/ispr/tutorials/lab2/sw/workspace/temp_xsdb_launch_script.tcl
16:59:04 INFO  : Platform repository initialization has completed.
16:59:04 INFO  : Registering command handlers for Vitis TCF services
16:59:06 INFO  : XSCT server has started successfully.
16:59:06 INFO  : Successfully done setting XSCT server connection channel  
16:59:06 INFO  : plnx-install-location is set to ''
16:59:06 INFO  : Successfully done setting workspace for the tool. 
16:59:06 INFO  : Successfully done query RDI_DATADIR 
17:03:27 INFO  : Result from executing command 'getProjects': system_platform
17:03:27 INFO  : Result from executing command 'getPlatforms': system_platform|/home/ispr/Documentos/ispr/tutorials/lab2/sw/workspace/system_platform/export/system_platform/system_platform.xpfm
17:03:30 INFO  : Checking for BSP changes to sync application flags for project 'lab2'...
17:04:22 INFO  : Connected to target on host '127.0.0.1' and port '3121'.
17:04:23 INFO  : Jtag cable 'Digilent Zybo 210279787115A' is selected.
17:04:23 INFO  : 'jtag frequency' command is executed.
17:04:23 INFO  : Context for 'APU' is selected.
17:04:23 INFO  : System reset is completed.
17:04:26 INFO  : 'after 3000' command is executed.
17:04:26 INFO  : 'targets -set -filter {jtag_cable_name =~ "Digilent Zybo 210279787115A" && level==0 && jtag_device_ctx=="jsn-Zybo-210279787115A-13722093-0"}' command is executed.
17:04:27 INFO  : Device configured successfully with "/home/ispr/Documentos/ispr/tutorials/lab2/sw/workspace/lab2/_ide/bitstream/system_wrapper.bit"
17:04:27 INFO  : Context for 'APU' is selected.
17:04:27 INFO  : Hardware design and registers information is loaded from '/home/ispr/Documentos/ispr/tutorials/lab2/sw/workspace/system_platform/export/system_platform/hw/system_wrapper.xsa'.
17:04:27 INFO  : 'configparams force-mem-access 1' command is executed.
17:04:27 INFO  : Context for 'APU' is selected.
17:04:27 INFO  : Sourcing of '/home/ispr/Documentos/ispr/tutorials/lab2/sw/workspace/lab2/_ide/psinit/ps7_init.tcl' is done.
17:04:27 INFO  : 'ps7_init' command is executed.
17:04:27 INFO  : 'ps7_post_config' command is executed.
17:04:27 INFO  : Context for processor 'ps7_cortexa9_0' is selected.
17:04:27 INFO  : The application '/home/ispr/Documentos/ispr/tutorials/lab2/sw/workspace/lab2/Debug/lab2.elf' is downloaded to processor 'ps7_cortexa9_0'.
17:04:27 INFO  : 'configparams force-mem-access 0' command is executed.
17:04:27 INFO  : ----------------XSDB Script----------------
connect -url tcp:127.0.0.1:3121
targets -set -nocase -filter {name =~"APU*"}
rst -system
after 3000
targets -set -filter {jtag_cable_name =~ "Digilent Zybo 210279787115A" && level==0 && jtag_device_ctx=="jsn-Zybo-210279787115A-13722093-0"}
fpga -file /home/ispr/Documentos/ispr/tutorials/lab2/sw/workspace/lab2/_ide/bitstream/system_wrapper.bit
targets -set -nocase -filter {name =~"APU*"}
loadhw -hw /home/ispr/Documentos/ispr/tutorials/lab2/sw/workspace/system_platform/export/system_platform/hw/system_wrapper.xsa -mem-ranges [list {0x40000000 0xbfffffff}] -regs
configparams force-mem-access 1
targets -set -nocase -filter {name =~"APU*"}
source /home/ispr/Documentos/ispr/tutorials/lab2/sw/workspace/lab2/_ide/psinit/ps7_init.tcl
ps7_init
ps7_post_config
targets -set -nocase -filter {name =~ "*A9*#0"}
dow /home/ispr/Documentos/ispr/tutorials/lab2/sw/workspace/lab2/Debug/lab2.elf
configparams force-mem-access 0
----------------End of Script----------------

17:04:28 INFO  : Context for processor 'ps7_cortexa9_0' is selected.
17:04:28 INFO  : 'con' command is executed.
17:04:28 INFO  : ----------------XSDB Script (After Launch)----------------
targets -set -nocase -filter {name =~ "*A9*#0"}
con
----------------End of Script----------------

17:04:28 INFO  : Launch script is exported to file '/home/ispr/Documentos/ispr/tutorials/lab2/sw/workspace/lab2_system/_ide/scripts/debugger_lab2-default.tcl'
17:06:10 INFO  : Checking for BSP changes to sync application flags for project 'lab2'...
17:06:39 INFO  : Checking for BSP changes to sync application flags for project 'lab2'...
17:08:06 INFO  : Checking for BSP changes to sync application flags for project 'lab2'...
17:08:15 INFO  : Disconnected from the channel tcfchan#2.
17:08:16 INFO  : Connected to target on host '127.0.0.1' and port '3121'.
17:08:25 INFO  : ----------------XSDB Script----------------
connect -url tcp:127.0.0.1:3121
----------------End of Script----------------

17:08:25 ERROR : Could not find Jtag device on the board for connection 'Local'.


Troubleshooting hints:
1. Check whether board is connected to system properly.
2. In case of zynq board, check whether Digilent/Xilinx cable switch settings are correct.
3. If you are using Xilinx Platform Cable USB, ensure that status LED is green.
17:08:47 INFO  : Checking for BSP changes to sync application flags for project 'lab2'...
17:08:51 INFO  : Connected to target on host '127.0.0.1' and port '3121'.
17:08:52 INFO  : Jtag cable 'Digilent Zybo 210279787115A' is selected.
17:08:52 INFO  : 'jtag frequency' command is executed.
17:08:52 INFO  : Context for 'APU' is selected.
17:08:52 INFO  : System reset is completed.
17:08:55 INFO  : 'after 3000' command is executed.
17:08:55 INFO  : 'targets -set -filter {jtag_cable_name =~ "Digilent Zybo 210279787115A" && level==0 && jtag_device_ctx=="jsn-Zybo-210279787115A-13722093-0"}' command is executed.
17:08:56 INFO  : Device configured successfully with "/home/ispr/Documentos/ispr/tutorials/lab2/sw/workspace/lab2/_ide/bitstream/system_wrapper.bit"
17:08:56 INFO  : Context for 'APU' is selected.
17:08:56 INFO  : Hardware design and registers information is loaded from '/home/ispr/Documentos/ispr/tutorials/lab2/sw/workspace/system_platform/export/system_platform/hw/system_wrapper.xsa'.
17:08:56 INFO  : 'configparams force-mem-access 1' command is executed.
17:08:56 INFO  : Context for 'APU' is selected.
17:08:56 INFO  : Sourcing of '/home/ispr/Documentos/ispr/tutorials/lab2/sw/workspace/lab2/_ide/psinit/ps7_init.tcl' is done.
17:08:56 INFO  : 'ps7_init' command is executed.
17:08:56 INFO  : 'ps7_post_config' command is executed.
17:08:56 INFO  : Context for processor 'ps7_cortexa9_0' is selected.
17:08:57 INFO  : The application '/home/ispr/Documentos/ispr/tutorials/lab2/sw/workspace/lab2/Debug/lab2.elf' is downloaded to processor 'ps7_cortexa9_0'.
17:08:57 INFO  : 'configparams force-mem-access 0' command is executed.
17:08:57 INFO  : ----------------XSDB Script----------------
connect -url tcp:127.0.0.1:3121
targets -set -nocase -filter {name =~"APU*"}
rst -system
after 3000
targets -set -filter {jtag_cable_name =~ "Digilent Zybo 210279787115A" && level==0 && jtag_device_ctx=="jsn-Zybo-210279787115A-13722093-0"}
fpga -file /home/ispr/Documentos/ispr/tutorials/lab2/sw/workspace/lab2/_ide/bitstream/system_wrapper.bit
targets -set -nocase -filter {name =~"APU*"}
loadhw -hw /home/ispr/Documentos/ispr/tutorials/lab2/sw/workspace/system_platform/export/system_platform/hw/system_wrapper.xsa -mem-ranges [list {0x40000000 0xbfffffff}] -regs
configparams force-mem-access 1
targets -set -nocase -filter {name =~"APU*"}
source /home/ispr/Documentos/ispr/tutorials/lab2/sw/workspace/lab2/_ide/psinit/ps7_init.tcl
ps7_init
ps7_post_config
targets -set -nocase -filter {name =~ "*A9*#0"}
dow /home/ispr/Documentos/ispr/tutorials/lab2/sw/workspace/lab2/Debug/lab2.elf
configparams force-mem-access 0
----------------End of Script----------------

17:08:57 INFO  : Context for processor 'ps7_cortexa9_0' is selected.
17:08:57 INFO  : 'con' command is executed.
17:08:57 INFO  : ----------------XSDB Script (After Launch)----------------
targets -set -nocase -filter {name =~ "*A9*#0"}
con
----------------End of Script----------------

17:08:57 INFO  : Launch script is exported to file '/home/ispr/Documentos/ispr/tutorials/lab2/sw/workspace/lab2_system/_ide/scripts/debugger_lab2-default.tcl'
17:09:39 INFO  : Checking for BSP changes to sync application flags for project 'lab2'...
17:09:49 INFO  : Checking for BSP changes to sync application flags for project 'lab2'...
17:09:56 INFO  : Disconnected from the channel tcfchan#3.
17:09:57 INFO  : Connected to target on host '127.0.0.1' and port '3121'.
17:09:57 INFO  : Jtag cable 'Digilent Zybo 210279787115A' is selected.
17:09:57 INFO  : 'jtag frequency' command is executed.
17:09:57 INFO  : Context for 'APU' is selected.
17:09:57 INFO  : System reset is completed.
17:10:00 INFO  : 'after 3000' command is executed.
17:10:00 INFO  : 'targets -set -filter {jtag_cable_name =~ "Digilent Zybo 210279787115A" && level==0 && jtag_device_ctx=="jsn-Zybo-210279787115A-13722093-0"}' command is executed.
17:10:01 INFO  : Device configured successfully with "/home/ispr/Documentos/ispr/tutorials/lab2/sw/workspace/lab2/_ide/bitstream/system_wrapper.bit"
17:10:01 INFO  : Context for 'APU' is selected.
17:10:01 INFO  : Hardware design and registers information is loaded from '/home/ispr/Documentos/ispr/tutorials/lab2/sw/workspace/system_platform/export/system_platform/hw/system_wrapper.xsa'.
17:10:01 INFO  : 'configparams force-mem-access 1' command is executed.
17:10:01 INFO  : Context for 'APU' is selected.
17:10:01 INFO  : Sourcing of '/home/ispr/Documentos/ispr/tutorials/lab2/sw/workspace/lab2/_ide/psinit/ps7_init.tcl' is done.
17:10:01 INFO  : 'ps7_init' command is executed.
17:10:02 INFO  : 'ps7_post_config' command is executed.
17:10:02 INFO  : Context for processor 'ps7_cortexa9_0' is selected.
17:10:02 INFO  : The application '/home/ispr/Documentos/ispr/tutorials/lab2/sw/workspace/lab2/Debug/lab2.elf' is downloaded to processor 'ps7_cortexa9_0'.
17:10:02 INFO  : 'configparams force-mem-access 0' command is executed.
17:10:02 INFO  : ----------------XSDB Script----------------
connect -url tcp:127.0.0.1:3121
targets -set -nocase -filter {name =~"APU*"}
rst -system
after 3000
targets -set -filter {jtag_cable_name =~ "Digilent Zybo 210279787115A" && level==0 && jtag_device_ctx=="jsn-Zybo-210279787115A-13722093-0"}
fpga -file /home/ispr/Documentos/ispr/tutorials/lab2/sw/workspace/lab2/_ide/bitstream/system_wrapper.bit
targets -set -nocase -filter {name =~"APU*"}
loadhw -hw /home/ispr/Documentos/ispr/tutorials/lab2/sw/workspace/system_platform/export/system_platform/hw/system_wrapper.xsa -mem-ranges [list {0x40000000 0xbfffffff}] -regs
configparams force-mem-access 1
targets -set -nocase -filter {name =~"APU*"}
source /home/ispr/Documentos/ispr/tutorials/lab2/sw/workspace/lab2/_ide/psinit/ps7_init.tcl
ps7_init
ps7_post_config
targets -set -nocase -filter {name =~ "*A9*#0"}
dow /home/ispr/Documentos/ispr/tutorials/lab2/sw/workspace/lab2/Debug/lab2.elf
configparams force-mem-access 0
----------------End of Script----------------

17:10:02 INFO  : Context for processor 'ps7_cortexa9_0' is selected.
17:10:02 INFO  : 'con' command is executed.
17:10:02 INFO  : ----------------XSDB Script (After Launch)----------------
targets -set -nocase -filter {name =~ "*A9*#0"}
con
----------------End of Script----------------

17:10:02 INFO  : Launch script is exported to file '/home/ispr/Documentos/ispr/tutorials/lab2/sw/workspace/lab2_system/_ide/scripts/debugger_lab2-default.tcl'
17:11:20 INFO  : Checking for BSP changes to sync application flags for project 'lab2'...
17:11:29 INFO  : Disconnected from the channel tcfchan#4.
17:11:30 INFO  : Connected to target on host '127.0.0.1' and port '3121'.
17:11:30 INFO  : Jtag cable 'Digilent Zybo 210279787115A' is selected.
17:11:30 INFO  : 'jtag frequency' command is executed.
17:11:30 INFO  : Context for 'APU' is selected.
17:11:30 INFO  : System reset is completed.
17:11:33 INFO  : 'after 3000' command is executed.
17:11:34 INFO  : 'targets -set -filter {jtag_cable_name =~ "Digilent Zybo 210279787115A" && level==0 && jtag_device_ctx=="jsn-Zybo-210279787115A-13722093-0"}' command is executed.
17:11:35 INFO  : Device configured successfully with "/home/ispr/Documentos/ispr/tutorials/lab2/sw/workspace/lab2/_ide/bitstream/system_wrapper.bit"
17:11:35 INFO  : Context for 'APU' is selected.
17:11:35 INFO  : Hardware design and registers information is loaded from '/home/ispr/Documentos/ispr/tutorials/lab2/sw/workspace/system_platform/export/system_platform/hw/system_wrapper.xsa'.
17:11:35 INFO  : 'configparams force-mem-access 1' command is executed.
17:11:35 INFO  : Context for 'APU' is selected.
17:11:35 INFO  : Sourcing of '/home/ispr/Documentos/ispr/tutorials/lab2/sw/workspace/lab2/_ide/psinit/ps7_init.tcl' is done.
17:11:35 INFO  : 'ps7_init' command is executed.
17:11:35 INFO  : 'ps7_post_config' command is executed.
17:11:35 INFO  : Context for processor 'ps7_cortexa9_0' is selected.
17:11:35 INFO  : The application '/home/ispr/Documentos/ispr/tutorials/lab2/sw/workspace/lab2/Debug/lab2.elf' is downloaded to processor 'ps7_cortexa9_0'.
17:11:35 INFO  : 'configparams force-mem-access 0' command is executed.
17:11:35 INFO  : ----------------XSDB Script----------------
connect -url tcp:127.0.0.1:3121
targets -set -nocase -filter {name =~"APU*"}
rst -system
after 3000
targets -set -filter {jtag_cable_name =~ "Digilent Zybo 210279787115A" && level==0 && jtag_device_ctx=="jsn-Zybo-210279787115A-13722093-0"}
fpga -file /home/ispr/Documentos/ispr/tutorials/lab2/sw/workspace/lab2/_ide/bitstream/system_wrapper.bit
targets -set -nocase -filter {name =~"APU*"}
loadhw -hw /home/ispr/Documentos/ispr/tutorials/lab2/sw/workspace/system_platform/export/system_platform/hw/system_wrapper.xsa -mem-ranges [list {0x40000000 0xbfffffff}] -regs
configparams force-mem-access 1
targets -set -nocase -filter {name =~"APU*"}
source /home/ispr/Documentos/ispr/tutorials/lab2/sw/workspace/lab2/_ide/psinit/ps7_init.tcl
ps7_init
ps7_post_config
targets -set -nocase -filter {name =~ "*A9*#0"}
dow /home/ispr/Documentos/ispr/tutorials/lab2/sw/workspace/lab2/Debug/lab2.elf
configparams force-mem-access 0
----------------End of Script----------------

17:11:35 INFO  : Context for processor 'ps7_cortexa9_0' is selected.
17:11:35 INFO  : 'con' command is executed.
17:11:35 INFO  : ----------------XSDB Script (After Launch)----------------
targets -set -nocase -filter {name =~ "*A9*#0"}
con
----------------End of Script----------------

17:11:35 INFO  : Launch script is exported to file '/home/ispr/Documentos/ispr/tutorials/lab2/sw/workspace/lab2_system/_ide/scripts/debugger_lab2-default.tcl'
17:12:48 INFO  : Checking for BSP changes to sync application flags for project 'lab2'...
17:12:55 INFO  : Disconnected from the channel tcfchan#5.
17:12:56 INFO  : Connected to target on host '127.0.0.1' and port '3121'.
17:12:56 INFO  : Jtag cable 'Digilent Zybo 210279787115A' is selected.
17:12:56 INFO  : 'jtag frequency' command is executed.
17:12:56 INFO  : Context for 'APU' is selected.
17:12:56 INFO  : System reset is completed.
17:12:59 INFO  : 'after 3000' command is executed.
17:12:59 INFO  : 'targets -set -filter {jtag_cable_name =~ "Digilent Zybo 210279787115A" && level==0 && jtag_device_ctx=="jsn-Zybo-210279787115A-13722093-0"}' command is executed.
17:13:00 INFO  : Device configured successfully with "/home/ispr/Documentos/ispr/tutorials/lab2/sw/workspace/lab2/_ide/bitstream/system_wrapper.bit"
17:13:00 INFO  : Context for 'APU' is selected.
17:13:00 INFO  : Hardware design and registers information is loaded from '/home/ispr/Documentos/ispr/tutorials/lab2/sw/workspace/system_platform/export/system_platform/hw/system_wrapper.xsa'.
17:13:00 INFO  : 'configparams force-mem-access 1' command is executed.
17:13:00 INFO  : Context for 'APU' is selected.
17:13:00 INFO  : Sourcing of '/home/ispr/Documentos/ispr/tutorials/lab2/sw/workspace/lab2/_ide/psinit/ps7_init.tcl' is done.
17:13:01 INFO  : 'ps7_init' command is executed.
17:13:01 INFO  : 'ps7_post_config' command is executed.
17:13:01 INFO  : Context for processor 'ps7_cortexa9_0' is selected.
17:13:01 INFO  : The application '/home/ispr/Documentos/ispr/tutorials/lab2/sw/workspace/lab2/Debug/lab2.elf' is downloaded to processor 'ps7_cortexa9_0'.
17:13:01 INFO  : 'configparams force-mem-access 0' command is executed.
17:13:01 INFO  : ----------------XSDB Script----------------
connect -url tcp:127.0.0.1:3121
targets -set -nocase -filter {name =~"APU*"}
rst -system
after 3000
targets -set -filter {jtag_cable_name =~ "Digilent Zybo 210279787115A" && level==0 && jtag_device_ctx=="jsn-Zybo-210279787115A-13722093-0"}
fpga -file /home/ispr/Documentos/ispr/tutorials/lab2/sw/workspace/lab2/_ide/bitstream/system_wrapper.bit
targets -set -nocase -filter {name =~"APU*"}
loadhw -hw /home/ispr/Documentos/ispr/tutorials/lab2/sw/workspace/system_platform/export/system_platform/hw/system_wrapper.xsa -mem-ranges [list {0x40000000 0xbfffffff}] -regs
configparams force-mem-access 1
targets -set -nocase -filter {name =~"APU*"}
source /home/ispr/Documentos/ispr/tutorials/lab2/sw/workspace/lab2/_ide/psinit/ps7_init.tcl
ps7_init
ps7_post_config
targets -set -nocase -filter {name =~ "*A9*#0"}
dow /home/ispr/Documentos/ispr/tutorials/lab2/sw/workspace/lab2/Debug/lab2.elf
configparams force-mem-access 0
----------------End of Script----------------

17:13:01 INFO  : Context for processor 'ps7_cortexa9_0' is selected.
17:13:01 INFO  : 'con' command is executed.
17:13:01 INFO  : ----------------XSDB Script (After Launch)----------------
targets -set -nocase -filter {name =~ "*A9*#0"}
con
----------------End of Script----------------

17:13:01 INFO  : Launch script is exported to file '/home/ispr/Documentos/ispr/tutorials/lab2/sw/workspace/lab2_system/_ide/scripts/debugger_lab2-default.tcl'
17:24:31 INFO  : Disconnected from the channel tcfchan#6.
17:24:32 INFO  : Connected to target on host '127.0.0.1' and port '3121'.
17:24:41 INFO  : ----------------XSDB Script----------------
connect -url tcp:127.0.0.1:3121
----------------End of Script----------------

17:24:41 ERROR : Could not find ARM device on the board for connection 'Local'.
Check if the target is in:
1. Split JTAG - No operations are possible with ARM DAP.
2. Non JTAG bootmode - Bootrom may need time to enable DAP.
Please try again.


Troubleshooting hints:
1. Check whether board is connected to system properly.
2. In case of zynq board, check whether Digilent/Xilinx cable switch settings are correct.
3. If you are using Xilinx Platform Cable USB, ensure that status LED is green.
17:25:39 INFO  : 'targets -set -filter {jtag_cable_name =~ "Digilent Zybo 210279787115A" && level==0 && jtag_device_ctx=="jsn-Zybo-210279787115A-13722093-0"}' command is executed.
17:25:39 INFO  : 'fpga -state' command is executed.
17:25:39 INFO  : Connected to target on host '127.0.0.1' and port '3121'.
17:25:39 INFO  : Jtag cable 'Digilent Zybo 210279787115A' is selected.
17:25:39 INFO  : 'jtag frequency' command is executed.
17:25:39 INFO  : Context for 'APU' is selected.
17:25:39 INFO  : Hardware design and registers information is loaded from '/home/ispr/Documentos/ispr/tutorials/lab2/sw/workspace/system_platform/export/system_platform/hw/system_wrapper.xsa'.
17:25:39 INFO  : 'configparams force-mem-access 1' command is executed.
17:25:39 INFO  : Context for 'APU' is selected.
17:25:39 INFO  : 'stop' command is executed.
17:25:39 INFO  : Sourcing of '/home/ispr/Documentos/ispr/tutorials/lab2/sw/workspace/lab2/_ide/psinit/ps7_init.tcl' is done.
17:25:40 INFO  : 'ps7_init' command is executed.
17:25:40 INFO  : 'ps7_post_config' command is executed.
17:25:40 INFO  : Context for processor 'ps7_cortexa9_0' is selected.
17:25:40 INFO  : Processor reset is completed for 'ps7_cortexa9_0'.
17:25:40 INFO  : Context for processor 'ps7_cortexa9_0' is selected.
17:25:40 INFO  : The application '/home/ispr/Documentos/ispr/tutorials/lab2/sw/workspace/lab2/Debug/lab2.elf' is downloaded to processor 'ps7_cortexa9_0'.
17:25:40 INFO  : 'configparams force-mem-access 0' command is executed.
17:25:40 INFO  : ----------------XSDB Script----------------
connect -url tcp:127.0.0.1:3121
targets -set -nocase -filter {name =~"APU*"}
loadhw -hw /home/ispr/Documentos/ispr/tutorials/lab2/sw/workspace/system_platform/export/system_platform/hw/system_wrapper.xsa -mem-ranges [list {0x40000000 0xbfffffff}] -regs
configparams force-mem-access 1
targets -set -nocase -filter {name =~"APU*"}
stop
source /home/ispr/Documentos/ispr/tutorials/lab2/sw/workspace/lab2/_ide/psinit/ps7_init.tcl
ps7_init
ps7_post_config
targets -set -nocase -filter {name =~ "*A9*#0"}
rst -processor
targets -set -nocase -filter {name =~ "*A9*#0"}
dow /home/ispr/Documentos/ispr/tutorials/lab2/sw/workspace/lab2/Debug/lab2.elf
configparams force-mem-access 0
----------------End of Script----------------

17:25:40 INFO  : Context for processor 'ps7_cortexa9_0' is selected.
17:25:40 INFO  : 'con' command is executed.
17:25:40 INFO  : ----------------XSDB Script (After Launch)----------------
targets -set -nocase -filter {name =~ "*A9*#0"}
con
----------------End of Script----------------

17:25:40 INFO  : Launch script is exported to file '/home/ispr/Documentos/ispr/tutorials/lab2/sw/workspace/lab2_system/_ide/scripts/debugger_lab2-default.tcl'
17:31:39 INFO  : Connected to target on host '127.0.0.1' and port '3121'.
17:31:39 INFO  : 'targets -set -filter {jtag_cable_name =~ "Digilent Zybo 210279787115A" && level==0 && jtag_device_ctx=="jsn-Zybo-210279787115A-13722093-0"}' command is executed.
17:31:40 INFO  : Device configured successfully with "/home/ispr/Documentos/ispr/tutorials/lab2/sw/workspace/lab2/_ide/bitstream/system_wrapper.bit"
17:33:51 INFO  : 'targets -set -filter {jtag_cable_name =~ "Digilent Zybo 210279787115A" && level==0 && jtag_device_ctx=="jsn-Zybo-210279787115A-13722093-0"}' command is executed.
17:33:51 INFO  : 'fpga -state' command is executed.
17:33:51 INFO  : Connected to target on host '127.0.0.1' and port '3121'.
17:33:51 INFO  : Jtag cable 'Digilent Zybo 210279787115A' is selected.
17:33:51 INFO  : 'jtag frequency' command is executed.
17:33:51 INFO  : 'set bp_33_51_0 [bpadd -target-id all -ct-input {0} -ct-output {24 25 26 27} -skip-on-step 0]' command is executed.
17:33:51 INFO  : 'set bp_33_51_1 [bpadd -target-id all -ct-input {24 25 26 27} -ct-output {0}]' command is executed.
17:33:51 INFO  : Context for 'APU' is selected.
17:33:51 INFO  : Hardware design and registers information is loaded from '/home/ispr/Documentos/ispr/tutorials/lab2/sw/workspace/system_platform/export/system_platform/hw/system_wrapper.xsa'.
17:33:51 INFO  : 'configparams force-mem-access 1' command is executed.
17:33:51 INFO  : Context for 'APU' is selected.
17:33:51 INFO  : 'stop' command is executed.
17:33:51 INFO  : Sourcing of '/home/ispr/Documentos/ispr/tutorials/lab2/sw/workspace/lab2/_ide/psinit/ps7_init.tcl' is done.
17:33:51 INFO  : 'ps7_init' command is executed.
17:33:52 INFO  : 'ps7_post_config' command is executed.
17:33:52 INFO  : Context for processor 'ps7_cortexa9_0' is selected.
17:33:52 INFO  : Processor reset is completed for 'ps7_cortexa9_0'.
17:33:52 INFO  : Context for processor 'ps7_cortexa9_0' is selected.
17:33:52 INFO  : The application '/home/ispr/Documentos/ispr/tutorials/lab2/sw/workspace/lab2/Debug/lab2.elf' is downloaded to processor 'ps7_cortexa9_0'.
17:33:52 INFO  : 'configparams force-mem-access 0' command is executed.
17:33:52 INFO  : ----------------XSDB Script----------------
connect -url tcp:127.0.0.1:3121
set bp_33_51_0 [bpadd -target-id all -ct-input {0} -ct-output {24 25 26 27} -skip-on-step 0]
set bp_33_51_1 [bpadd -target-id all -ct-input {24 25 26 27} -ct-output {0}]
targets -set -nocase -filter {name =~"APU*"}
loadhw -hw /home/ispr/Documentos/ispr/tutorials/lab2/sw/workspace/system_platform/export/system_platform/hw/system_wrapper.xsa -mem-ranges [list {0x40000000 0xbfffffff}] -regs
configparams force-mem-access 1
targets -set -nocase -filter {name =~"APU*"}
stop
source /home/ispr/Documentos/ispr/tutorials/lab2/sw/workspace/lab2/_ide/psinit/ps7_init.tcl
ps7_init
ps7_post_config
targets -set -nocase -filter {name =~ "*A9*#0"}
rst -processor
targets -set -nocase -filter {name =~ "*A9*#0"}
dow /home/ispr/Documentos/ispr/tutorials/lab2/sw/workspace/lab2/Debug/lab2.elf
configparams force-mem-access 0
----------------End of Script----------------

17:33:52 INFO  : Context for processor 'ps7_cortexa9_0' is selected.
17:33:52 INFO  : 'con' command is executed.
17:33:52 INFO  : ----------------XSDB Script (After Launch)----------------
targets -set -nocase -filter {name =~ "*A9*#0"}
con
----------------End of Script----------------

17:33:52 INFO  : Launch script is exported to file '/home/ispr/Documentos/ispr/tutorials/lab2/sw/workspace/lab2_system/_ide/scripts/debugger_lab2-default.tcl'
18:08:47 INFO  : Checking for BSP changes to sync application flags for project 'lab2'...
18:09:01 INFO  : Disconnected from the channel tcfchan#7.
18:09:01 INFO  : 'bpremove $bp_33_51_0' command is executed.
18:09:01 INFO  : 'bpremove $bp_33_51_1' command is executed.
18:09:02 INFO  : 'targets -set -filter {jtag_cable_name =~ "Digilent Zybo 210279787115A" && level==0 && jtag_device_ctx=="jsn-Zybo-210279787115A-13722093-0"}' command is executed.
18:09:02 INFO  : 'fpga -state' command is executed.
18:09:02 INFO  : Connected to target on host '127.0.0.1' and port '3121'.
18:09:02 INFO  : Jtag cable 'Digilent Zybo 210279787115A' is selected.
18:09:02 INFO  : 'jtag frequency' command is executed.
18:09:02 INFO  : Context for 'APU' is selected.
18:09:02 INFO  : Hardware design and registers information is loaded from '/home/ispr/Documentos/ispr/tutorials/lab2/sw/workspace/system_platform/export/system_platform/hw/system_wrapper.xsa'.
18:09:02 INFO  : 'configparams force-mem-access 1' command is executed.
18:09:02 INFO  : Context for 'APU' is selected.
18:09:02 INFO  : 'stop' command is executed.
18:09:02 INFO  : Sourcing of '/home/ispr/Documentos/ispr/tutorials/lab2/sw/workspace/lab2/_ide/psinit/ps7_init.tcl' is done.
18:09:02 INFO  : 'ps7_init' command is executed.
18:09:02 INFO  : 'ps7_post_config' command is executed.
18:09:02 INFO  : Context for processor 'ps7_cortexa9_0' is selected.
18:09:02 INFO  : Processor reset is completed for 'ps7_cortexa9_0'.
18:09:02 INFO  : Context for processor 'ps7_cortexa9_0' is selected.
18:09:02 INFO  : The application '/home/ispr/Documentos/ispr/tutorials/lab2/sw/workspace/lab2/Debug/lab2.elf' is downloaded to processor 'ps7_cortexa9_0'.
18:09:02 INFO  : 'configparams force-mem-access 0' command is executed.
18:09:02 INFO  : ----------------XSDB Script----------------
connect -url tcp:127.0.0.1:3121
targets -set -nocase -filter {name =~"APU*"}
loadhw -hw /home/ispr/Documentos/ispr/tutorials/lab2/sw/workspace/system_platform/export/system_platform/hw/system_wrapper.xsa -mem-ranges [list {0x40000000 0xbfffffff}] -regs
configparams force-mem-access 1
targets -set -nocase -filter {name =~"APU*"}
stop
source /home/ispr/Documentos/ispr/tutorials/lab2/sw/workspace/lab2/_ide/psinit/ps7_init.tcl
ps7_init
ps7_post_config
targets -set -nocase -filter {name =~ "*A9*#0"}
rst -processor
targets -set -nocase -filter {name =~ "*A9*#0"}
dow /home/ispr/Documentos/ispr/tutorials/lab2/sw/workspace/lab2/Debug/lab2.elf
configparams force-mem-access 0
----------------End of Script----------------

18:09:02 INFO  : Context for processor 'ps7_cortexa9_0' is selected.
18:09:02 INFO  : 'con' command is executed.
18:09:02 INFO  : ----------------XSDB Script (After Launch)----------------
targets -set -nocase -filter {name =~ "*A9*#0"}
con
----------------End of Script----------------

18:09:02 INFO  : Launch script is exported to file '/home/ispr/Documentos/ispr/tutorials/lab2/sw/workspace/lab2_system/_ide/scripts/debugger_lab2-default.tcl'
18:27:27 INFO  : Disconnected from the channel tcfchan#8.
18:27:28 INFO  : 'targets -set -filter {jtag_cable_name =~ "Digilent Zybo 210279787115A" && level==0 && jtag_device_ctx=="jsn-Zybo-210279787115A-13722093-0"}' command is executed.
18:27:28 INFO  : 'fpga -state' command is executed.
18:27:28 INFO  : Connected to target on host '127.0.0.1' and port '3121'.
18:27:28 INFO  : Jtag cable 'Digilent Zybo 210279787115A' is selected.
18:27:28 INFO  : 'jtag frequency' command is executed.
18:27:28 INFO  : 'set bp_27_28_0 [bpadd -target-id all -ct-input {0} -ct-output {24 25 26 27} -skip-on-step 0]' command is executed.
18:27:28 INFO  : 'set bp_27_28_1 [bpadd -target-id all -ct-input {24 25 26 27} -ct-output {0}]' command is executed.
18:27:28 INFO  : Context for 'APU' is selected.
18:27:28 INFO  : Hardware design and registers information is loaded from '/home/ispr/Documentos/ispr/tutorials/lab2/sw/workspace/system_platform/export/system_platform/hw/system_wrapper.xsa'.
18:27:28 INFO  : 'configparams force-mem-access 1' command is executed.
18:27:28 INFO  : Context for 'APU' is selected.
18:27:28 INFO  : 'stop' command is executed.
18:27:28 INFO  : Sourcing of '/home/ispr/Documentos/ispr/tutorials/lab2/sw/workspace/lab2/_ide/psinit/ps7_init.tcl' is done.
18:27:28 INFO  : 'ps7_init' command is executed.
18:27:29 INFO  : 'ps7_post_config' command is executed.
18:27:29 INFO  : Context for processor 'ps7_cortexa9_0' is selected.
18:27:29 INFO  : Processor reset is completed for 'ps7_cortexa9_0'.
18:27:29 INFO  : Context for processor 'ps7_cortexa9_0' is selected.
18:27:29 INFO  : The application '/home/ispr/Documentos/ispr/tutorials/lab2/sw/workspace/lab2/Debug/lab2.elf' is downloaded to processor 'ps7_cortexa9_0'.
18:27:29 INFO  : 'configparams force-mem-access 0' command is executed.
18:27:29 INFO  : ----------------XSDB Script----------------
connect -url tcp:127.0.0.1:3121
set bp_27_28_0 [bpadd -target-id all -ct-input {0} -ct-output {24 25 26 27} -skip-on-step 0]
set bp_27_28_1 [bpadd -target-id all -ct-input {24 25 26 27} -ct-output {0}]
targets -set -nocase -filter {name =~"APU*"}
loadhw -hw /home/ispr/Documentos/ispr/tutorials/lab2/sw/workspace/system_platform/export/system_platform/hw/system_wrapper.xsa -mem-ranges [list {0x40000000 0xbfffffff}] -regs
configparams force-mem-access 1
targets -set -nocase -filter {name =~"APU*"}
stop
source /home/ispr/Documentos/ispr/tutorials/lab2/sw/workspace/lab2/_ide/psinit/ps7_init.tcl
ps7_init
ps7_post_config
targets -set -nocase -filter {name =~ "*A9*#0"}
rst -processor
targets -set -nocase -filter {name =~ "*A9*#0"}
dow /home/ispr/Documentos/ispr/tutorials/lab2/sw/workspace/lab2/Debug/lab2.elf
configparams force-mem-access 0
----------------End of Script----------------

18:27:29 INFO  : Context for processor 'ps7_cortexa9_0' is selected.
18:27:29 INFO  : 'con' command is executed.
18:27:29 INFO  : ----------------XSDB Script (After Launch)----------------
targets -set -nocase -filter {name =~ "*A9*#0"}
con
----------------End of Script----------------

18:27:29 INFO  : Launch script is exported to file '/home/ispr/Documentos/ispr/tutorials/lab2/sw/workspace/lab2_system/_ide/scripts/debugger_lab2-default.tcl'
18:30:35 INFO  : Disconnected from the channel tcfchan#9.
18:30:35 INFO  : 'bpremove $bp_27_28_0' command is executed.
18:30:35 INFO  : 'bpremove $bp_27_28_1' command is executed.
18:30:36 INFO  : 'targets -set -filter {jtag_cable_name =~ "Digilent Zybo 210279787115A" && level==0 && jtag_device_ctx=="jsn-Zybo-210279787115A-13722093-0"}' command is executed.
18:30:36 INFO  : 'fpga -state' command is executed.
18:30:36 INFO  : Connected to target on host '127.0.0.1' and port '3121'.
18:30:36 INFO  : Jtag cable 'Digilent Zybo 210279787115A' is selected.
18:30:36 INFO  : 'jtag frequency' command is executed.
18:30:36 INFO  : 'set bp_30_36_0 [bpadd -target-id all -ct-input {0} -ct-output {24 25 26 27} -skip-on-step 0]' command is executed.
18:30:36 INFO  : 'set bp_30_36_1 [bpadd -target-id all -ct-input {24 25 26 27} -ct-output {0}]' command is executed.
18:30:36 INFO  : Context for 'APU' is selected.
18:30:36 INFO  : Hardware design and registers information is loaded from '/home/ispr/Documentos/ispr/tutorials/lab2/sw/workspace/system_platform/export/system_platform/hw/system_wrapper.xsa'.
18:30:36 INFO  : 'configparams force-mem-access 1' command is executed.
18:30:36 INFO  : Context for 'APU' is selected.
18:30:36 INFO  : 'stop' command is executed.
18:30:36 INFO  : Sourcing of '/home/ispr/Documentos/ispr/tutorials/lab2/sw/workspace/lab2/_ide/psinit/ps7_init.tcl' is done.
18:30:37 INFO  : 'ps7_init' command is executed.
18:30:37 INFO  : 'ps7_post_config' command is executed.
18:30:37 INFO  : Context for processor 'ps7_cortexa9_0' is selected.
18:30:37 INFO  : Processor reset is completed for 'ps7_cortexa9_0'.
18:30:37 INFO  : Context for processor 'ps7_cortexa9_0' is selected.
18:30:37 INFO  : The application '/home/ispr/Documentos/ispr/tutorials/lab2/sw/workspace/lab2/Debug/lab2.elf' is downloaded to processor 'ps7_cortexa9_0'.
18:30:37 INFO  : 'configparams force-mem-access 0' command is executed.
18:30:37 INFO  : ----------------XSDB Script----------------
connect -url tcp:127.0.0.1:3121
set bp_30_36_0 [bpadd -target-id all -ct-input {0} -ct-output {24 25 26 27} -skip-on-step 0]
set bp_30_36_1 [bpadd -target-id all -ct-input {24 25 26 27} -ct-output {0}]
targets -set -nocase -filter {name =~"APU*"}
loadhw -hw /home/ispr/Documentos/ispr/tutorials/lab2/sw/workspace/system_platform/export/system_platform/hw/system_wrapper.xsa -mem-ranges [list {0x40000000 0xbfffffff}] -regs
configparams force-mem-access 1
targets -set -nocase -filter {name =~"APU*"}
stop
source /home/ispr/Documentos/ispr/tutorials/lab2/sw/workspace/lab2/_ide/psinit/ps7_init.tcl
ps7_init
ps7_post_config
targets -set -nocase -filter {name =~ "*A9*#0"}
rst -processor
targets -set -nocase -filter {name =~ "*A9*#0"}
dow /home/ispr/Documentos/ispr/tutorials/lab2/sw/workspace/lab2/Debug/lab2.elf
configparams force-mem-access 0
----------------End of Script----------------

18:30:37 INFO  : Context for processor 'ps7_cortexa9_0' is selected.
18:30:37 INFO  : 'con' command is executed.
18:30:37 INFO  : ----------------XSDB Script (After Launch)----------------
targets -set -nocase -filter {name =~ "*A9*#0"}
con
----------------End of Script----------------

18:30:37 INFO  : Launch script is exported to file '/home/ispr/Documentos/ispr/tutorials/lab2/sw/workspace/lab2_system/_ide/scripts/debugger_lab2-default.tcl'
18:31:46 INFO  : Disconnected from the channel tcfchan#10.
18:31:46 INFO  : 'bpremove $bp_30_36_0' command is executed.
18:31:46 INFO  : 'bpremove $bp_30_36_1' command is executed.
18:31:47 INFO  : 'targets -set -filter {jtag_cable_name =~ "Digilent Zybo 210279787115A" && level==0 && jtag_device_ctx=="jsn-Zybo-210279787115A-13722093-0"}' command is executed.
18:31:47 INFO  : 'fpga -state' command is executed.
18:31:47 INFO  : Connected to target on host '127.0.0.1' and port '3121'.
18:31:47 INFO  : Jtag cable 'Digilent Zybo 210279787115A' is selected.
18:31:47 INFO  : 'jtag frequency' command is executed.
18:31:47 INFO  : 'set bp_31_47_0 [bpadd -target-id all -ct-input {0} -ct-output {24 25 26 27} -skip-on-step 0]' command is executed.
18:31:47 INFO  : 'set bp_31_47_1 [bpadd -target-id all -ct-input {24 25 26 27} -ct-output {0}]' command is executed.
18:31:47 INFO  : Context for 'APU' is selected.
18:31:47 INFO  : Hardware design and registers information is loaded from '/home/ispr/Documentos/ispr/tutorials/lab2/sw/workspace/system_platform/export/system_platform/hw/system_wrapper.xsa'.
18:31:47 INFO  : 'configparams force-mem-access 1' command is executed.
18:31:47 INFO  : Context for 'APU' is selected.
18:31:47 INFO  : 'stop' command is executed.
18:31:47 INFO  : Sourcing of '/home/ispr/Documentos/ispr/tutorials/lab2/sw/workspace/lab2/_ide/psinit/ps7_init.tcl' is done.
18:31:47 INFO  : 'ps7_init' command is executed.
18:31:47 INFO  : 'ps7_post_config' command is executed.
18:31:47 INFO  : Context for processor 'ps7_cortexa9_0' is selected.
18:31:47 INFO  : Processor reset is completed for 'ps7_cortexa9_0'.
18:31:47 INFO  : Context for processor 'ps7_cortexa9_0' is selected.
18:31:48 INFO  : The application '/home/ispr/Documentos/ispr/tutorials/lab2/sw/workspace/lab2/Debug/lab2.elf' is downloaded to processor 'ps7_cortexa9_0'.
18:31:48 INFO  : 'configparams force-mem-access 0' command is executed.
18:31:48 INFO  : ----------------XSDB Script----------------
connect -url tcp:127.0.0.1:3121
set bp_31_47_0 [bpadd -target-id all -ct-input {0} -ct-output {24 25 26 27} -skip-on-step 0]
set bp_31_47_1 [bpadd -target-id all -ct-input {24 25 26 27} -ct-output {0}]
targets -set -nocase -filter {name =~"APU*"}
loadhw -hw /home/ispr/Documentos/ispr/tutorials/lab2/sw/workspace/system_platform/export/system_platform/hw/system_wrapper.xsa -mem-ranges [list {0x40000000 0xbfffffff}] -regs
configparams force-mem-access 1
targets -set -nocase -filter {name =~"APU*"}
stop
source /home/ispr/Documentos/ispr/tutorials/lab2/sw/workspace/lab2/_ide/psinit/ps7_init.tcl
ps7_init
ps7_post_config
targets -set -nocase -filter {name =~ "*A9*#0"}
rst -processor
targets -set -nocase -filter {name =~ "*A9*#0"}
dow /home/ispr/Documentos/ispr/tutorials/lab2/sw/workspace/lab2/Debug/lab2.elf
configparams force-mem-access 0
----------------End of Script----------------

18:31:48 INFO  : Context for processor 'ps7_cortexa9_0' is selected.
18:31:48 INFO  : 'con' command is executed.
18:31:48 INFO  : ----------------XSDB Script (After Launch)----------------
targets -set -nocase -filter {name =~ "*A9*#0"}
con
----------------End of Script----------------

18:31:48 INFO  : Launch script is exported to file '/home/ispr/Documentos/ispr/tutorials/lab2/sw/workspace/lab2_system/_ide/scripts/debugger_lab2-default.tcl'
18:34:04 WARN  : channel "tcfchan#7" closed
18:34:17 INFO  : Disconnected from the channel tcfchan#11.
18:34:17 INFO  : 'bpremove $bp_31_47_0' command is executed.
18:34:17 INFO  : 'bpremove $bp_31_47_1' command is executed.
16:04:16 INFO  : Launching XSCT server: xsct -n  -interactive /home/ispr/Documentos/ispr/tutorials/lab2/sw/workspace/temp_xsdb_launch_script.tcl
16:04:18 INFO  : Platform repository initialization has completed.
16:04:18 INFO  : Registering command handlers for Vitis TCF services
16:04:19 INFO  : XSCT server has started successfully.
16:04:19 INFO  : Successfully done setting XSCT server connection channel  
16:04:19 INFO  : plnx-install-location is set to ''
16:04:19 INFO  : Successfully done query RDI_DATADIR 
16:04:19 INFO  : Successfully done setting workspace for the tool. 
