
*** Running vivado
    with args -log system_axi_smc_0.vds -m64 -product Vivado -mode batch -messageDb vivado.pb -notrace -source system_axi_smc_0.tcl


****** Vivado v2021.2 (64-bit)
  **** SW Build 3367213 on Tue Oct 19 02:47:39 MDT 2021
  **** IP Build 3369179 on Thu Oct 21 08:25:16 MDT 2021
    ** Copyright 1986-2021 Xilinx, Inc. All Rights Reserved.

source system_axi_smc_0.tcl -notrace
Command: synth_design -top system_axi_smc_0 -part xc7z010clg400-1 -mode out_of_context
Starting synth_design
Attempting to get a license for feature 'Synthesis' and/or device 'xc7z010'
INFO: [Common 17-349] Got license for feature 'Synthesis' and/or device 'xc7z010'
INFO: [Device 21-403] Loading part xc7z010clg400-1
INFO: [Synth 8-7079] Multithreading enabled for synth_design using a maximum of 4 processes.
INFO: [Synth 8-7078] Launching helper process for spawning children vivado processes
INFO: [Synth 8-7075] Helper process launched with PID 39534
---------------------------------------------------------------------------------
Starting RTL Elaboration : Time (s): cpu = 00:00:04 ; elapsed = 00:00:04 . Memory (MB): peak = 2602.262 ; gain = 0.000 ; free physical = 166 ; free virtual = 5840
---------------------------------------------------------------------------------
INFO: [Synth 8-6157] synthesizing module 'system_axi_smc_0' [/home/ispr/Documentos/ispr/tutorials/lab4/hw/project/lab4.gen/sources_1/bd/system/ip/system_axi_smc_0/synth/system_axi_smc_0.v:57]
INFO: [Synth 8-6157] synthesizing module 'bd_44e3' [/home/ispr/Documentos/ispr/tutorials/lab4/hw/project/lab4.gen/sources_1/bd/system/ip/system_axi_smc_0/bd_0/synth/bd_44e3.v:10]
INFO: [Synth 8-6157] synthesizing module 'clk_map_imp_1LX95IS' [/home/ispr/Documentos/ispr/tutorials/lab4/hw/project/lab4.gen/sources_1/bd/system/ip/system_axi_smc_0/bd_0/synth/bd_44e3.v:1050]
INFO: [Synth 8-6157] synthesizing module 'bd_44e3_one_0' [/home/ispr/Documentos/ispr/tutorials/lab4/hw/project/lab4.gen/sources_1/bd/system/ip/system_axi_smc_0/bd_0/ip/ip_0/synth/bd_44e3_one_0.v:57]
INFO: [Synth 8-6157] synthesizing module 'xlconstant_v1_1_7_xlconstant' [/home/ispr/Documentos/ispr/tutorials/lab4/hw/project/lab4.gen/sources_1/bd/system/ipshared/fcfc/hdl/xlconstant_v1_1_vl_rfs.v:23]
INFO: [Synth 8-6155] done synthesizing module 'xlconstant_v1_1_7_xlconstant' (1#1) [/home/ispr/Documentos/ispr/tutorials/lab4/hw/project/lab4.gen/sources_1/bd/system/ipshared/fcfc/hdl/xlconstant_v1_1_vl_rfs.v:23]
INFO: [Synth 8-6155] done synthesizing module 'bd_44e3_one_0' (2#1) [/home/ispr/Documentos/ispr/tutorials/lab4/hw/project/lab4.gen/sources_1/bd/system/ip/system_axi_smc_0/bd_0/ip/ip_0/synth/bd_44e3_one_0.v:57]
INFO: [Synth 8-638] synthesizing module 'bd_44e3_psr_aclk_0' [/home/ispr/Documentos/ispr/tutorials/lab4/hw/project/lab4.gen/sources_1/bd/system/ip/system_axi_smc_0/bd_0/ip/ip_1/synth/bd_44e3_psr_aclk_0.vhd:74]
	Parameter C_FAMILY bound to: zynq - type: string 
	Parameter C_EXT_RST_WIDTH bound to: 4 - type: integer 
	Parameter C_AUX_RST_WIDTH bound to: 1 - type: integer 
	Parameter C_EXT_RESET_HIGH bound to: 1'b0 
	Parameter C_AUX_RESET_HIGH bound to: 1'b0 
	Parameter C_NUM_BUS_RST bound to: 1 - type: integer 
	Parameter C_NUM_PERP_RST bound to: 1 - type: integer 
	Parameter C_NUM_INTERCONNECT_ARESETN bound to: 1 - type: integer 
	Parameter C_NUM_PERP_ARESETN bound to: 1 - type: integer 
INFO: [Synth 8-3491] module 'proc_sys_reset' declared at '/home/ispr/Documentos/ispr/tutorials/lab4/hw/project/lab4.gen/sources_1/bd/system/ipshared/8842/hdl/proc_sys_reset_v5_0_vh_rfs.vhd:1264' bound to instance 'U0' of component 'proc_sys_reset' [/home/ispr/Documentos/ispr/tutorials/lab4/hw/project/lab4.gen/sources_1/bd/system/ip/system_axi_smc_0/bd_0/ip/ip_1/synth/bd_44e3_psr_aclk_0.vhd:129]
INFO: [Synth 8-638] synthesizing module 'proc_sys_reset' [/home/ispr/Documentos/ispr/tutorials/lab4/hw/project/lab4.gen/sources_1/bd/system/ipshared/8842/hdl/proc_sys_reset_v5_0_vh_rfs.vhd:1323]
	Parameter INIT bound to: 1'b1 
INFO: [Synth 8-113] binding component instance 'FDRE_inst' to cell 'FDRE' [/home/ispr/Documentos/ispr/tutorials/lab4/hw/project/lab4.gen/sources_1/bd/system/ipshared/8842/hdl/proc_sys_reset_v5_0_vh_rfs.vhd:1392]
	Parameter INIT bound to: 1'b1 
INFO: [Synth 8-113] binding component instance 'FDRE_BSR' to cell 'FDRE' [/home/ispr/Documentos/ispr/tutorials/lab4/hw/project/lab4.gen/sources_1/bd/system/ipshared/8842/hdl/proc_sys_reset_v5_0_vh_rfs.vhd:1408]
	Parameter INIT bound to: 1'b0 
INFO: [Synth 8-113] binding component instance 'FDRE_BSR_N' to cell 'FDRE' [/home/ispr/Documentos/ispr/tutorials/lab4/hw/project/lab4.gen/sources_1/bd/system/ipshared/8842/hdl/proc_sys_reset_v5_0_vh_rfs.vhd:1434]
	Parameter INIT bound to: 1'b1 
INFO: [Synth 8-113] binding component instance 'FDRE_PER' to cell 'FDRE' [/home/ispr/Documentos/ispr/tutorials/lab4/hw/project/lab4.gen/sources_1/bd/system/ipshared/8842/hdl/proc_sys_reset_v5_0_vh_rfs.vhd:1457]
	Parameter INIT bound to: 1'b0 
INFO: [Synth 8-113] binding component instance 'FDRE_PER_N' to cell 'FDRE' [/home/ispr/Documentos/ispr/tutorials/lab4/hw/project/lab4.gen/sources_1/bd/system/ipshared/8842/hdl/proc_sys_reset_v5_0_vh_rfs.vhd:1481]
INFO: [Synth 8-638] synthesizing module 'lpf' [/home/ispr/Documentos/ispr/tutorials/lab4/hw/project/lab4.gen/sources_1/bd/system/ipshared/8842/hdl/proc_sys_reset_v5_0_vh_rfs.vhd:816]
INFO: [Synth 8-3491] module 'SRL16' declared at '/opt/Xilinx/Vivado/2021.2/scripts/rt/data/unisim_comp.v:105983' bound to instance 'POR_SRL_I' of component 'SRL16' [/home/ispr/Documentos/ispr/tutorials/lab4/hw/project/lab4.gen/sources_1/bd/system/ipshared/8842/hdl/proc_sys_reset_v5_0_vh_rfs.vhd:868]
INFO: [Synth 8-6157] synthesizing module 'SRL16' [/opt/Xilinx/Vivado/2021.2/scripts/rt/data/unisim_comp.v:105983]
INFO: [Synth 8-6155] done synthesizing module 'SRL16' (3#1) [/opt/Xilinx/Vivado/2021.2/scripts/rt/data/unisim_comp.v:105983]
INFO: [Synth 8-638] synthesizing module 'cdc_sync' [/home/ispr/Documentos/ispr/tutorials/lab4/hw/project/lab4.gen/sources_1/bd/system/ipshared/ef1e/hdl/lib_cdc_v1_0_rfs.vhd:106]
	Parameter INIT bound to: 1'b0 
INFO: [Synth 8-113] binding component instance 'CROSS_PLEVEL_IN2SCNDRY_IN_cdc_to' to cell 'FDR' [/home/ispr/Documentos/ispr/tutorials/lab4/hw/project/lab4.gen/sources_1/bd/system/ipshared/ef1e/hdl/lib_cdc_v1_0_rfs.vhd:514]
	Parameter INIT bound to: 1'b0 
INFO: [Synth 8-113] binding component instance 'CROSS_PLEVEL_IN2SCNDRY_s_level_out_d2' to cell 'FDR' [/home/ispr/Documentos/ispr/tutorials/lab4/hw/project/lab4.gen/sources_1/bd/system/ipshared/ef1e/hdl/lib_cdc_v1_0_rfs.vhd:545]
	Parameter INIT bound to: 1'b0 
INFO: [Synth 8-113] binding component instance 'CROSS_PLEVEL_IN2SCNDRY_s_level_out_d3' to cell 'FDR' [/home/ispr/Documentos/ispr/tutorials/lab4/hw/project/lab4.gen/sources_1/bd/system/ipshared/ef1e/hdl/lib_cdc_v1_0_rfs.vhd:554]
	Parameter INIT bound to: 1'b0 
INFO: [Synth 8-113] binding component instance 'CROSS_PLEVEL_IN2SCNDRY_s_level_out_d4' to cell 'FDR' [/home/ispr/Documentos/ispr/tutorials/lab4/hw/project/lab4.gen/sources_1/bd/system/ipshared/ef1e/hdl/lib_cdc_v1_0_rfs.vhd:564]
	Parameter INIT bound to: 1'b0 
INFO: [Synth 8-113] binding component instance 'CROSS_PLEVEL_IN2SCNDRY_s_level_out_d5' to cell 'FDR' [/home/ispr/Documentos/ispr/tutorials/lab4/hw/project/lab4.gen/sources_1/bd/system/ipshared/ef1e/hdl/lib_cdc_v1_0_rfs.vhd:574]
	Parameter INIT bound to: 1'b0 
INFO: [Synth 8-113] binding component instance 'CROSS_PLEVEL_IN2SCNDRY_s_level_out_d6' to cell 'FDR' [/home/ispr/Documentos/ispr/tutorials/lab4/hw/project/lab4.gen/sources_1/bd/system/ipshared/ef1e/hdl/lib_cdc_v1_0_rfs.vhd:584]
INFO: [Synth 8-256] done synthesizing module 'cdc_sync' (4#1) [/home/ispr/Documentos/ispr/tutorials/lab4/hw/project/lab4.gen/sources_1/bd/system/ipshared/ef1e/hdl/lib_cdc_v1_0_rfs.vhd:106]
INFO: [Synth 8-256] done synthesizing module 'lpf' (5#1) [/home/ispr/Documentos/ispr/tutorials/lab4/hw/project/lab4.gen/sources_1/bd/system/ipshared/8842/hdl/proc_sys_reset_v5_0_vh_rfs.vhd:816]
INFO: [Synth 8-638] synthesizing module 'sequence_psr' [/home/ispr/Documentos/ispr/tutorials/lab4/hw/project/lab4.gen/sources_1/bd/system/ipshared/8842/hdl/proc_sys_reset_v5_0_vh_rfs.vhd:301]
INFO: [Synth 8-638] synthesizing module 'upcnt_n' [/home/ispr/Documentos/ispr/tutorials/lab4/hw/project/lab4.gen/sources_1/bd/system/ipshared/8842/hdl/proc_sys_reset_v5_0_vh_rfs.vhd:125]
INFO: [Synth 8-256] done synthesizing module 'upcnt_n' (6#1) [/home/ispr/Documentos/ispr/tutorials/lab4/hw/project/lab4.gen/sources_1/bd/system/ipshared/8842/hdl/proc_sys_reset_v5_0_vh_rfs.vhd:125]
INFO: [Synth 8-256] done synthesizing module 'sequence_psr' (7#1) [/home/ispr/Documentos/ispr/tutorials/lab4/hw/project/lab4.gen/sources_1/bd/system/ipshared/8842/hdl/proc_sys_reset_v5_0_vh_rfs.vhd:301]
INFO: [Synth 8-256] done synthesizing module 'proc_sys_reset' (8#1) [/home/ispr/Documentos/ispr/tutorials/lab4/hw/project/lab4.gen/sources_1/bd/system/ipshared/8842/hdl/proc_sys_reset_v5_0_vh_rfs.vhd:1323]
INFO: [Synth 8-256] done synthesizing module 'bd_44e3_psr_aclk_0' (9#1) [/home/ispr/Documentos/ispr/tutorials/lab4/hw/project/lab4.gen/sources_1/bd/system/ip/system_axi_smc_0/bd_0/ip/ip_1/synth/bd_44e3_psr_aclk_0.vhd:74]
WARNING: [Synth 8-7071] port 'mb_reset' of module 'bd_44e3_psr_aclk_0' is unconnected for instance 'psr_aclk' [/home/ispr/Documentos/ispr/tutorials/lab4/hw/project/lab4.gen/sources_1/bd/system/ip/system_axi_smc_0/bd_0/synth/bd_44e3.v:1091]
WARNING: [Synth 8-7071] port 'bus_struct_reset' of module 'bd_44e3_psr_aclk_0' is unconnected for instance 'psr_aclk' [/home/ispr/Documentos/ispr/tutorials/lab4/hw/project/lab4.gen/sources_1/bd/system/ip/system_axi_smc_0/bd_0/synth/bd_44e3.v:1091]
WARNING: [Synth 8-7071] port 'peripheral_reset' of module 'bd_44e3_psr_aclk_0' is unconnected for instance 'psr_aclk' [/home/ispr/Documentos/ispr/tutorials/lab4/hw/project/lab4.gen/sources_1/bd/system/ip/system_axi_smc_0/bd_0/synth/bd_44e3.v:1091]
WARNING: [Synth 8-7071] port 'peripheral_aresetn' of module 'bd_44e3_psr_aclk_0' is unconnected for instance 'psr_aclk' [/home/ispr/Documentos/ispr/tutorials/lab4/hw/project/lab4.gen/sources_1/bd/system/ip/system_axi_smc_0/bd_0/synth/bd_44e3.v:1091]
WARNING: [Synth 8-7023] instance 'psr_aclk' of module 'bd_44e3_psr_aclk_0' has 10 connections declared, but only 6 given [/home/ispr/Documentos/ispr/tutorials/lab4/hw/project/lab4.gen/sources_1/bd/system/ip/system_axi_smc_0/bd_0/synth/bd_44e3.v:1091]
WARNING: [Synth 8-3848] Net aresetn_out in module/entity clk_map_imp_1LX95IS does not have driver. [/home/ispr/Documentos/ispr/tutorials/lab4/hw/project/lab4.gen/sources_1/bd/system/ip/system_axi_smc_0/bd_0/synth/bd_44e3.v:1070]
INFO: [Synth 8-6155] done synthesizing module 'clk_map_imp_1LX95IS' (10#1) [/home/ispr/Documentos/ispr/tutorials/lab4/hw/project/lab4.gen/sources_1/bd/system/ip/system_axi_smc_0/bd_0/synth/bd_44e3.v:1050]
WARNING: [Synth 8-7071] port 'S01_ACLK' of module 'clk_map_imp_1LX95IS' is unconnected for instance 'clk_map' [/home/ispr/Documentos/ispr/tutorials/lab4/hw/project/lab4.gen/sources_1/bd/system/ip/system_axi_smc_0/bd_0/synth/bd_44e3.v:578]
WARNING: [Synth 8-7071] port 'S01_ARESETN' of module 'clk_map_imp_1LX95IS' is unconnected for instance 'clk_map' [/home/ispr/Documentos/ispr/tutorials/lab4/hw/project/lab4.gen/sources_1/bd/system/ip/system_axi_smc_0/bd_0/synth/bd_44e3.v:578]
WARNING: [Synth 8-7023] instance 'clk_map' of module 'clk_map_imp_1LX95IS' has 11 connections declared, but only 9 given [/home/ispr/Documentos/ispr/tutorials/lab4/hw/project/lab4.gen/sources_1/bd/system/ip/system_axi_smc_0/bd_0/synth/bd_44e3.v:578]
INFO: [Synth 8-6157] synthesizing module 'm00_exit_pipeline_imp_B7U41B' [/home/ispr/Documentos/ispr/tutorials/lab4/hw/project/lab4.gen/sources_1/bd/system/ip/system_axi_smc_0/bd_0/synth/bd_44e3.v:1100]
INFO: [Synth 8-6157] synthesizing module 'bd_44e3_m00e_0' [/home/ispr/Documentos/ispr/tutorials/lab4/hw/project/lab4.gen/sources_1/bd/system/ip/system_axi_smc_0/bd_0/ip/ip_22/synth/bd_44e3_m00e_0.sv:58]
INFO: [Synth 8-6157] synthesizing module 'xpm_cdc_async_rst' [/opt/Xilinx/Vivado/2021.2/data/ip/xpm/xpm_cdc/hdl/xpm_cdc.sv:1175]
INFO: [Synth 8-6155] done synthesizing module 'xpm_cdc_async_rst' (13#1) [/opt/Xilinx/Vivado/2021.2/data/ip/xpm/xpm_cdc/hdl/xpm_cdc.sv:1175]
INFO: [Synth 8-6155] done synthesizing module 'bd_44e3_m00e_0' (20#1) [/home/ispr/Documentos/ispr/tutorials/lab4/hw/project/lab4.gen/sources_1/bd/system/ip/system_axi_smc_0/bd_0/ip/ip_22/synth/bd_44e3_m00e_0.sv:58]
INFO: [Synth 8-6155] done synthesizing module 'm00_exit_pipeline_imp_B7U41B' (21#1) [/home/ispr/Documentos/ispr/tutorials/lab4/hw/project/lab4.gen/sources_1/bd/system/ip/system_axi_smc_0/bd_0/synth/bd_44e3.v:1100]
INFO: [Synth 8-6157] synthesizing module 'm00_nodes_imp_XE3MPV' [/home/ispr/Documentos/ispr/tutorials/lab4/hw/project/lab4.gen/sources_1/bd/system/ip/system_axi_smc_0/bd_0/synth/bd_44e3.v:1471]
INFO: [Synth 8-6157] synthesizing module 'bd_44e3_m00arn_0' [/home/ispr/Documentos/ispr/tutorials/lab4/hw/project/lab4.gen/sources_1/bd/system/ip/system_axi_smc_0/bd_0/ip/ip_17/synth/bd_44e3_m00arn_0.sv:58]
INFO: [Synth 8-6157] synthesizing module 'xpm_memory_sdpram' [/opt/Xilinx/Vivado/2021.2/data/ip/xpm/xpm_memory/hdl/xpm_memory.sv:8471]
INFO: [Synth 8-6157] synthesizing module 'xpm_memory_base' [/opt/Xilinx/Vivado/2021.2/data/ip/xpm/xpm_memory/hdl/xpm_memory.sv:57]
INFO: [Synth 8-6155] done synthesizing module 'xpm_memory_base' (27#1) [/opt/Xilinx/Vivado/2021.2/data/ip/xpm/xpm_memory/hdl/xpm_memory.sv:57]
INFO: [Synth 8-6155] done synthesizing module 'xpm_memory_sdpram' (28#1) [/opt/Xilinx/Vivado/2021.2/data/ip/xpm/xpm_memory/hdl/xpm_memory.sv:8471]
INFO: [Synth 8-6157] synthesizing module 'xpm_memory_sdpram__parameterized0' [/opt/Xilinx/Vivado/2021.2/data/ip/xpm/xpm_memory/hdl/xpm_memory.sv:8471]
INFO: [Synth 8-6157] synthesizing module 'xpm_memory_base__parameterized0' [/opt/Xilinx/Vivado/2021.2/data/ip/xpm/xpm_memory/hdl/xpm_memory.sv:57]
INFO: [Synth 8-6155] done synthesizing module 'xpm_memory_base__parameterized0' (31#1) [/opt/Xilinx/Vivado/2021.2/data/ip/xpm/xpm_memory/hdl/xpm_memory.sv:57]
INFO: [Synth 8-6155] done synthesizing module 'xpm_memory_sdpram__parameterized0' (31#1) [/opt/Xilinx/Vivado/2021.2/data/ip/xpm/xpm_memory/hdl/xpm_memory.sv:8471]
INFO: [Synth 8-6155] done synthesizing module 'bd_44e3_m00arn_0' (37#1) [/home/ispr/Documentos/ispr/tutorials/lab4/hw/project/lab4.gen/sources_1/bd/system/ip/system_axi_smc_0/bd_0/ip/ip_17/synth/bd_44e3_m00arn_0.sv:58]
INFO: [Synth 8-6157] synthesizing module 'bd_44e3_m00awn_0' [/home/ispr/Documentos/ispr/tutorials/lab4/hw/project/lab4.gen/sources_1/bd/system/ip/system_axi_smc_0/bd_0/ip/ip_19/synth/bd_44e3_m00awn_0.sv:58]
INFO: [Synth 8-6155] done synthesizing module 'bd_44e3_m00awn_0' (38#1) [/home/ispr/Documentos/ispr/tutorials/lab4/hw/project/lab4.gen/sources_1/bd/system/ip/system_axi_smc_0/bd_0/ip/ip_19/synth/bd_44e3_m00awn_0.sv:58]
INFO: [Synth 8-6157] synthesizing module 'bd_44e3_m00bn_0' [/home/ispr/Documentos/ispr/tutorials/lab4/hw/project/lab4.gen/sources_1/bd/system/ip/system_axi_smc_0/bd_0/ip/ip_21/synth/bd_44e3_m00bn_0.sv:58]
INFO: [Synth 8-6157] synthesizing module 'xpm_memory_sdpram__parameterized1' [/opt/Xilinx/Vivado/2021.2/data/ip/xpm/xpm_memory/hdl/xpm_memory.sv:8471]
INFO: [Synth 8-6157] synthesizing module 'xpm_memory_base__parameterized1' [/opt/Xilinx/Vivado/2021.2/data/ip/xpm/xpm_memory/hdl/xpm_memory.sv:57]
INFO: [Synth 8-6155] done synthesizing module 'xpm_memory_base__parameterized1' (38#1) [/opt/Xilinx/Vivado/2021.2/data/ip/xpm/xpm_memory/hdl/xpm_memory.sv:57]
INFO: [Synth 8-6155] done synthesizing module 'xpm_memory_sdpram__parameterized1' (38#1) [/opt/Xilinx/Vivado/2021.2/data/ip/xpm/xpm_memory/hdl/xpm_memory.sv:8471]
INFO: [Synth 8-6157] synthesizing module 'xpm_memory_sdpram__parameterized2' [/opt/Xilinx/Vivado/2021.2/data/ip/xpm/xpm_memory/hdl/xpm_memory.sv:8471]
INFO: [Synth 8-6157] synthesizing module 'xpm_memory_base__parameterized2' [/opt/Xilinx/Vivado/2021.2/data/ip/xpm/xpm_memory/hdl/xpm_memory.sv:57]
INFO: [Synth 8-6155] done synthesizing module 'xpm_memory_base__parameterized2' (38#1) [/opt/Xilinx/Vivado/2021.2/data/ip/xpm/xpm_memory/hdl/xpm_memory.sv:57]
INFO: [Synth 8-6155] done synthesizing module 'xpm_memory_sdpram__parameterized2' (38#1) [/opt/Xilinx/Vivado/2021.2/data/ip/xpm/xpm_memory/hdl/xpm_memory.sv:8471]
INFO: [Synth 8-6155] done synthesizing module 'bd_44e3_m00bn_0' (39#1) [/home/ispr/Documentos/ispr/tutorials/lab4/hw/project/lab4.gen/sources_1/bd/system/ip/system_axi_smc_0/bd_0/ip/ip_21/synth/bd_44e3_m00bn_0.sv:58]
INFO: [Synth 8-6157] synthesizing module 'bd_44e3_m00rn_0' [/home/ispr/Documentos/ispr/tutorials/lab4/hw/project/lab4.gen/sources_1/bd/system/ip/system_axi_smc_0/bd_0/ip/ip_18/synth/bd_44e3_m00rn_0.sv:58]
INFO: [Synth 8-6157] synthesizing module 'xpm_memory_sdpram__parameterized3' [/opt/Xilinx/Vivado/2021.2/data/ip/xpm/xpm_memory/hdl/xpm_memory.sv:8471]
INFO: [Synth 8-6157] synthesizing module 'xpm_memory_base__parameterized3' [/opt/Xilinx/Vivado/2021.2/data/ip/xpm/xpm_memory/hdl/xpm_memory.sv:57]
INFO: [Synth 8-6155] done synthesizing module 'xpm_memory_base__parameterized3' (39#1) [/opt/Xilinx/Vivado/2021.2/data/ip/xpm/xpm_memory/hdl/xpm_memory.sv:57]
INFO: [Synth 8-6155] done synthesizing module 'xpm_memory_sdpram__parameterized3' (39#1) [/opt/Xilinx/Vivado/2021.2/data/ip/xpm/xpm_memory/hdl/xpm_memory.sv:8471]
INFO: [Synth 8-6155] done synthesizing module 'bd_44e3_m00rn_0' (40#1) [/home/ispr/Documentos/ispr/tutorials/lab4/hw/project/lab4.gen/sources_1/bd/system/ip/system_axi_smc_0/bd_0/ip/ip_18/synth/bd_44e3_m00rn_0.sv:58]
INFO: [Synth 8-6157] synthesizing module 'bd_44e3_m00wn_0' [/home/ispr/Documentos/ispr/tutorials/lab4/hw/project/lab4.gen/sources_1/bd/system/ip/system_axi_smc_0/bd_0/ip/ip_20/synth/bd_44e3_m00wn_0.sv:58]
INFO: [Synth 8-6157] synthesizing module 'xpm_memory_sdpram__parameterized4' [/opt/Xilinx/Vivado/2021.2/data/ip/xpm/xpm_memory/hdl/xpm_memory.sv:8471]
INFO: [Synth 8-6157] synthesizing module 'xpm_memory_base__parameterized4' [/opt/Xilinx/Vivado/2021.2/data/ip/xpm/xpm_memory/hdl/xpm_memory.sv:57]
INFO: [Synth 8-6155] done synthesizing module 'xpm_memory_base__parameterized4' (40#1) [/opt/Xilinx/Vivado/2021.2/data/ip/xpm/xpm_memory/hdl/xpm_memory.sv:57]
INFO: [Synth 8-6155] done synthesizing module 'xpm_memory_sdpram__parameterized4' (40#1) [/opt/Xilinx/Vivado/2021.2/data/ip/xpm/xpm_memory/hdl/xpm_memory.sv:8471]
INFO: [Synth 8-6157] synthesizing module 'xpm_memory_sdpram__parameterized5' [/opt/Xilinx/Vivado/2021.2/data/ip/xpm/xpm_memory/hdl/xpm_memory.sv:8471]
INFO: [Synth 8-6157] synthesizing module 'xpm_memory_base__parameterized5' [/opt/Xilinx/Vivado/2021.2/data/ip/xpm/xpm_memory/hdl/xpm_memory.sv:57]
INFO: [Synth 8-6155] done synthesizing module 'xpm_memory_base__parameterized5' (40#1) [/opt/Xilinx/Vivado/2021.2/data/ip/xpm/xpm_memory/hdl/xpm_memory.sv:57]
INFO: [Synth 8-6155] done synthesizing module 'xpm_memory_sdpram__parameterized5' (40#1) [/opt/Xilinx/Vivado/2021.2/data/ip/xpm/xpm_memory/hdl/xpm_memory.sv:8471]
INFO: [Synth 8-6155] done synthesizing module 'bd_44e3_m00wn_0' (41#1) [/home/ispr/Documentos/ispr/tutorials/lab4/hw/project/lab4.gen/sources_1/bd/system/ip/system_axi_smc_0/bd_0/ip/ip_20/synth/bd_44e3_m00wn_0.sv:58]
INFO: [Synth 8-6155] done synthesizing module 'm00_nodes_imp_XE3MPV' (42#1) [/home/ispr/Documentos/ispr/tutorials/lab4/hw/project/lab4.gen/sources_1/bd/system/ip/system_axi_smc_0/bd_0/synth/bd_44e3.v:1471]
INFO: [Synth 8-6157] synthesizing module 'bd_44e3_m00s2a_0' [/home/ispr/Documentos/ispr/tutorials/lab4/hw/project/lab4.gen/sources_1/bd/system/ip/system_axi_smc_0/bd_0/ip/ip_16/synth/bd_44e3_m00s2a_0.sv:58]
INFO: [Synth 8-6155] done synthesizing module 'bd_44e3_m00s2a_0' (44#1) [/home/ispr/Documentos/ispr/tutorials/lab4/hw/project/lab4.gen/sources_1/bd/system/ip/system_axi_smc_0/bd_0/ip/ip_16/synth/bd_44e3_m00s2a_0.sv:58]
INFO: [Synth 8-6157] synthesizing module 'bd_44e3_s00a2s_0' [/home/ispr/Documentos/ispr/tutorials/lab4/hw/project/lab4.gen/sources_1/bd/system/ip/system_axi_smc_0/bd_0/ip/ip_10/synth/bd_44e3_s00a2s_0.sv:58]
INFO: [Synth 8-6155] done synthesizing module 'bd_44e3_s00a2s_0' (46#1) [/home/ispr/Documentos/ispr/tutorials/lab4/hw/project/lab4.gen/sources_1/bd/system/ip/system_axi_smc_0/bd_0/ip/ip_10/synth/bd_44e3_s00a2s_0.sv:58]
INFO: [Synth 8-6157] synthesizing module 's00_entry_pipeline_imp_1BIQ3N0' [/home/ispr/Documentos/ispr/tutorials/lab4/hw/project/lab4.gen/sources_1/bd/system/ip/system_axi_smc_0/bd_0/synth/bd_44e3.v:1776]
INFO: [Synth 8-6157] synthesizing module 'bd_44e3_s00mmu_0' [/home/ispr/Documentos/ispr/tutorials/lab4/hw/project/lab4.gen/sources_1/bd/system/ip/system_axi_smc_0/bd_0/ip/ip_7/synth/bd_44e3_s00mmu_0.sv:58]
INFO: [Synth 8-6155] done synthesizing module 'bd_44e3_s00mmu_0' (50#1) [/home/ispr/Documentos/ispr/tutorials/lab4/hw/project/lab4.gen/sources_1/bd/system/ip/system_axi_smc_0/bd_0/ip/ip_7/synth/bd_44e3_s00mmu_0.sv:58]
INFO: [Synth 8-6157] synthesizing module 'bd_44e3_s00sic_0' [/home/ispr/Documentos/ispr/tutorials/lab4/hw/project/lab4.gen/sources_1/bd/system/ip/system_axi_smc_0/bd_0/ip/ip_9/synth/bd_44e3_s00sic_0.sv:58]
INFO: [Synth 8-6155] done synthesizing module 'bd_44e3_s00sic_0' (55#1) [/home/ispr/Documentos/ispr/tutorials/lab4/hw/project/lab4.gen/sources_1/bd/system/ip/system_axi_smc_0/bd_0/ip/ip_9/synth/bd_44e3_s00sic_0.sv:58]
INFO: [Synth 8-6157] synthesizing module 'bd_44e3_s00tr_0' [/home/ispr/Documentos/ispr/tutorials/lab4/hw/project/lab4.gen/sources_1/bd/system/ip/system_axi_smc_0/bd_0/ip/ip_8/synth/bd_44e3_s00tr_0.sv:58]
INFO: [Synth 8-6155] done synthesizing module 'bd_44e3_s00tr_0' (58#1) [/home/ispr/Documentos/ispr/tutorials/lab4/hw/project/lab4.gen/sources_1/bd/system/ip/system_axi_smc_0/bd_0/ip/ip_8/synth/bd_44e3_s00tr_0.sv:58]
INFO: [Synth 8-6155] done synthesizing module 's00_entry_pipeline_imp_1BIQ3N0' (59#1) [/home/ispr/Documentos/ispr/tutorials/lab4/hw/project/lab4.gen/sources_1/bd/system/ip/system_axi_smc_0/bd_0/synth/bd_44e3.v:1776]
INFO: [Synth 8-6157] synthesizing module 's00_nodes_imp_1GZQO6U' [/home/ispr/Documentos/ispr/tutorials/lab4/hw/project/lab4.gen/sources_1/bd/system/ip/system_axi_smc_0/bd_0/synth/bd_44e3.v:2430]
INFO: [Synth 8-6157] synthesizing module 'bd_44e3_sarn_0' [/home/ispr/Documentos/ispr/tutorials/lab4/hw/project/lab4.gen/sources_1/bd/system/ip/system_axi_smc_0/bd_0/ip/ip_11/synth/bd_44e3_sarn_0.sv:58]
INFO: [Synth 8-6157] synthesizing module 'xpm_memory_sdpram__parameterized6' [/opt/Xilinx/Vivado/2021.2/data/ip/xpm/xpm_memory/hdl/xpm_memory.sv:8471]
INFO: [Synth 8-6157] synthesizing module 'xpm_memory_base__parameterized6' [/opt/Xilinx/Vivado/2021.2/data/ip/xpm/xpm_memory/hdl/xpm_memory.sv:57]
INFO: [Synth 8-6155] done synthesizing module 'xpm_memory_base__parameterized6' (59#1) [/opt/Xilinx/Vivado/2021.2/data/ip/xpm/xpm_memory/hdl/xpm_memory.sv:57]
INFO: [Synth 8-6155] done synthesizing module 'xpm_memory_sdpram__parameterized6' (59#1) [/opt/Xilinx/Vivado/2021.2/data/ip/xpm/xpm_memory/hdl/xpm_memory.sv:8471]
INFO: [Synth 8-6157] synthesizing module 'xpm_memory_sdpram__parameterized7' [/opt/Xilinx/Vivado/2021.2/data/ip/xpm/xpm_memory/hdl/xpm_memory.sv:8471]
INFO: [Synth 8-6157] synthesizing module 'xpm_memory_base__parameterized7' [/opt/Xilinx/Vivado/2021.2/data/ip/xpm/xpm_memory/hdl/xpm_memory.sv:57]
INFO: [Synth 8-6155] done synthesizing module 'xpm_memory_base__parameterized7' (59#1) [/opt/Xilinx/Vivado/2021.2/data/ip/xpm/xpm_memory/hdl/xpm_memory.sv:57]
INFO: [Synth 8-6155] done synthesizing module 'xpm_memory_sdpram__parameterized7' (59#1) [/opt/Xilinx/Vivado/2021.2/data/ip/xpm/xpm_memory/hdl/xpm_memory.sv:8471]
INFO: [Synth 8-6155] done synthesizing module 'bd_44e3_sarn_0' (60#1) [/home/ispr/Documentos/ispr/tutorials/lab4/hw/project/lab4.gen/sources_1/bd/system/ip/system_axi_smc_0/bd_0/ip/ip_11/synth/bd_44e3_sarn_0.sv:58]
INFO: [Synth 8-6157] synthesizing module 'bd_44e3_sawn_0' [/home/ispr/Documentos/ispr/tutorials/lab4/hw/project/lab4.gen/sources_1/bd/system/ip/system_axi_smc_0/bd_0/ip/ip_13/synth/bd_44e3_sawn_0.sv:58]
INFO: [Synth 8-6155] done synthesizing module 'bd_44e3_sawn_0' (61#1) [/home/ispr/Documentos/ispr/tutorials/lab4/hw/project/lab4.gen/sources_1/bd/system/ip/system_axi_smc_0/bd_0/ip/ip_13/synth/bd_44e3_sawn_0.sv:58]
INFO: [Synth 8-6157] synthesizing module 'bd_44e3_sbn_0' [/home/ispr/Documentos/ispr/tutorials/lab4/hw/project/lab4.gen/sources_1/bd/system/ip/system_axi_smc_0/bd_0/ip/ip_15/synth/bd_44e3_sbn_0.sv:58]
INFO: [Synth 8-6157] synthesizing module 'xpm_memory_sdpram__parameterized8' [/opt/Xilinx/Vivado/2021.2/data/ip/xpm/xpm_memory/hdl/xpm_memory.sv:8471]
INFO: [Synth 8-6157] synthesizing module 'xpm_memory_base__parameterized8' [/opt/Xilinx/Vivado/2021.2/data/ip/xpm/xpm_memory/hdl/xpm_memory.sv:57]
INFO: [Synth 8-6155] done synthesizing module 'xpm_memory_base__parameterized8' (61#1) [/opt/Xilinx/Vivado/2021.2/data/ip/xpm/xpm_memory/hdl/xpm_memory.sv:57]
INFO: [Synth 8-6155] done synthesizing module 'xpm_memory_sdpram__parameterized8' (61#1) [/opt/Xilinx/Vivado/2021.2/data/ip/xpm/xpm_memory/hdl/xpm_memory.sv:8471]
INFO: [Synth 8-6155] done synthesizing module 'bd_44e3_sbn_0' (62#1) [/home/ispr/Documentos/ispr/tutorials/lab4/hw/project/lab4.gen/sources_1/bd/system/ip/system_axi_smc_0/bd_0/ip/ip_15/synth/bd_44e3_sbn_0.sv:58]
INFO: [Synth 8-6157] synthesizing module 'bd_44e3_srn_0' [/home/ispr/Documentos/ispr/tutorials/lab4/hw/project/lab4.gen/sources_1/bd/system/ip/system_axi_smc_0/bd_0/ip/ip_12/synth/bd_44e3_srn_0.sv:58]
INFO: [Synth 8-6157] synthesizing module 'xpm_memory_sdpram__parameterized9' [/opt/Xilinx/Vivado/2021.2/data/ip/xpm/xpm_memory/hdl/xpm_memory.sv:8471]
INFO: [Synth 8-6157] synthesizing module 'xpm_memory_base__parameterized9' [/opt/Xilinx/Vivado/2021.2/data/ip/xpm/xpm_memory/hdl/xpm_memory.sv:57]
INFO: [Synth 8-6155] done synthesizing module 'xpm_memory_base__parameterized9' (63#1) [/opt/Xilinx/Vivado/2021.2/data/ip/xpm/xpm_memory/hdl/xpm_memory.sv:57]
INFO: [Synth 8-6155] done synthesizing module 'xpm_memory_sdpram__parameterized9' (63#1) [/opt/Xilinx/Vivado/2021.2/data/ip/xpm/xpm_memory/hdl/xpm_memory.sv:8471]
INFO: [Synth 8-6155] done synthesizing module 'bd_44e3_srn_0' (64#1) [/home/ispr/Documentos/ispr/tutorials/lab4/hw/project/lab4.gen/sources_1/bd/system/ip/system_axi_smc_0/bd_0/ip/ip_12/synth/bd_44e3_srn_0.sv:58]
INFO: [Synth 8-6157] synthesizing module 'bd_44e3_swn_0' [/home/ispr/Documentos/ispr/tutorials/lab4/hw/project/lab4.gen/sources_1/bd/system/ip/system_axi_smc_0/bd_0/ip/ip_14/synth/bd_44e3_swn_0.sv:58]
INFO: [Synth 8-6157] synthesizing module 'xpm_memory_sdpram__parameterized10' [/opt/Xilinx/Vivado/2021.2/data/ip/xpm/xpm_memory/hdl/xpm_memory.sv:8471]
INFO: [Synth 8-6157] synthesizing module 'xpm_memory_base__parameterized10' [/opt/Xilinx/Vivado/2021.2/data/ip/xpm/xpm_memory/hdl/xpm_memory.sv:57]
INFO: [Synth 8-6155] done synthesizing module 'xpm_memory_base__parameterized10' (66#1) [/opt/Xilinx/Vivado/2021.2/data/ip/xpm/xpm_memory/hdl/xpm_memory.sv:57]
INFO: [Synth 8-6155] done synthesizing module 'xpm_memory_sdpram__parameterized10' (66#1) [/opt/Xilinx/Vivado/2021.2/data/ip/xpm/xpm_memory/hdl/xpm_memory.sv:8471]
INFO: [Synth 8-6155] done synthesizing module 'bd_44e3_swn_0' (67#1) [/home/ispr/Documentos/ispr/tutorials/lab4/hw/project/lab4.gen/sources_1/bd/system/ip/system_axi_smc_0/bd_0/ip/ip_14/synth/bd_44e3_swn_0.sv:58]
INFO: [Synth 8-6155] done synthesizing module 's00_nodes_imp_1GZQO6U' (68#1) [/home/ispr/Documentos/ispr/tutorials/lab4/hw/project/lab4.gen/sources_1/bd/system/ip/system_axi_smc_0/bd_0/synth/bd_44e3.v:2430]
INFO: [Synth 8-6157] synthesizing module 'switchboards_imp_1N40MOY' [/home/ispr/Documentos/ispr/tutorials/lab4/hw/project/lab4.gen/sources_1/bd/system/ip/system_axi_smc_0/bd_0/synth/bd_44e3.v:2726]
INFO: [Synth 8-6157] synthesizing module 'bd_44e3_arsw_0' [/home/ispr/Documentos/ispr/tutorials/lab4/hw/project/lab4.gen/sources_1/bd/system/ip/system_axi_smc_0/bd_0/ip/ip_2/synth/bd_44e3_arsw_0.sv:57]
INFO: [Synth 8-6155] done synthesizing module 'bd_44e3_arsw_0' (71#1) [/home/ispr/Documentos/ispr/tutorials/lab4/hw/project/lab4.gen/sources_1/bd/system/ip/system_axi_smc_0/bd_0/ip/ip_2/synth/bd_44e3_arsw_0.sv:57]
INFO: [Synth 8-6157] synthesizing module 'bd_44e3_awsw_0' [/home/ispr/Documentos/ispr/tutorials/lab4/hw/project/lab4.gen/sources_1/bd/system/ip/system_axi_smc_0/bd_0/ip/ip_4/synth/bd_44e3_awsw_0.sv:57]
INFO: [Synth 8-6155] done synthesizing module 'bd_44e3_awsw_0' (72#1) [/home/ispr/Documentos/ispr/tutorials/lab4/hw/project/lab4.gen/sources_1/bd/system/ip/system_axi_smc_0/bd_0/ip/ip_4/synth/bd_44e3_awsw_0.sv:57]
INFO: [Synth 8-6157] synthesizing module 'bd_44e3_bsw_0' [/home/ispr/Documentos/ispr/tutorials/lab4/hw/project/lab4.gen/sources_1/bd/system/ip/system_axi_smc_0/bd_0/ip/ip_6/synth/bd_44e3_bsw_0.sv:57]
INFO: [Synth 8-6155] done synthesizing module 'bd_44e3_bsw_0' (73#1) [/home/ispr/Documentos/ispr/tutorials/lab4/hw/project/lab4.gen/sources_1/bd/system/ip/system_axi_smc_0/bd_0/ip/ip_6/synth/bd_44e3_bsw_0.sv:57]
INFO: [Synth 8-6157] synthesizing module 'bd_44e3_rsw_0' [/home/ispr/Documentos/ispr/tutorials/lab4/hw/project/lab4.gen/sources_1/bd/system/ip/system_axi_smc_0/bd_0/ip/ip_3/synth/bd_44e3_rsw_0.sv:57]
INFO: [Synth 8-6155] done synthesizing module 'bd_44e3_rsw_0' (74#1) [/home/ispr/Documentos/ispr/tutorials/lab4/hw/project/lab4.gen/sources_1/bd/system/ip/system_axi_smc_0/bd_0/ip/ip_3/synth/bd_44e3_rsw_0.sv:57]
INFO: [Synth 8-6157] synthesizing module 'bd_44e3_wsw_0' [/home/ispr/Documentos/ispr/tutorials/lab4/hw/project/lab4.gen/sources_1/bd/system/ip/system_axi_smc_0/bd_0/ip/ip_5/synth/bd_44e3_wsw_0.sv:57]
INFO: [Synth 8-6155] done synthesizing module 'bd_44e3_wsw_0' (75#1) [/home/ispr/Documentos/ispr/tutorials/lab4/hw/project/lab4.gen/sources_1/bd/system/ip/system_axi_smc_0/bd_0/ip/ip_5/synth/bd_44e3_wsw_0.sv:57]
INFO: [Synth 8-6155] done synthesizing module 'switchboards_imp_1N40MOY' (76#1) [/home/ispr/Documentos/ispr/tutorials/lab4/hw/project/lab4.gen/sources_1/bd/system/ip/system_axi_smc_0/bd_0/synth/bd_44e3.v:2726]
WARNING: [Synth 8-7071] port 'M01_SC_B_info' of module 'switchboards_imp_1N40MOY' is unconnected for instance 'switchboards' [/home/ispr/Documentos/ispr/tutorials/lab4/hw/project/lab4.gen/sources_1/bd/system/ip/system_axi_smc_0/bd_0/synth/bd_44e3.v:981]
WARNING: [Synth 8-7071] port 'M01_SC_B_payld' of module 'switchboards_imp_1N40MOY' is unconnected for instance 'switchboards' [/home/ispr/Documentos/ispr/tutorials/lab4/hw/project/lab4.gen/sources_1/bd/system/ip/system_axi_smc_0/bd_0/synth/bd_44e3.v:981]
WARNING: [Synth 8-7071] port 'M01_SC_B_req' of module 'switchboards_imp_1N40MOY' is unconnected for instance 'switchboards' [/home/ispr/Documentos/ispr/tutorials/lab4/hw/project/lab4.gen/sources_1/bd/system/ip/system_axi_smc_0/bd_0/synth/bd_44e3.v:981]
WARNING: [Synth 8-7071] port 'M01_SC_B_send' of module 'switchboards_imp_1N40MOY' is unconnected for instance 'switchboards' [/home/ispr/Documentos/ispr/tutorials/lab4/hw/project/lab4.gen/sources_1/bd/system/ip/system_axi_smc_0/bd_0/synth/bd_44e3.v:981]
WARNING: [Synth 8-7071] port 'M01_SC_R_info' of module 'switchboards_imp_1N40MOY' is unconnected for instance 'switchboards' [/home/ispr/Documentos/ispr/tutorials/lab4/hw/project/lab4.gen/sources_1/bd/system/ip/system_axi_smc_0/bd_0/synth/bd_44e3.v:981]
WARNING: [Synth 8-7071] port 'M01_SC_R_payld' of module 'switchboards_imp_1N40MOY' is unconnected for instance 'switchboards' [/home/ispr/Documentos/ispr/tutorials/lab4/hw/project/lab4.gen/sources_1/bd/system/ip/system_axi_smc_0/bd_0/synth/bd_44e3.v:981]
WARNING: [Synth 8-7071] port 'M01_SC_R_req' of module 'switchboards_imp_1N40MOY' is unconnected for instance 'switchboards' [/home/ispr/Documentos/ispr/tutorials/lab4/hw/project/lab4.gen/sources_1/bd/system/ip/system_axi_smc_0/bd_0/synth/bd_44e3.v:981]
WARNING: [Synth 8-7071] port 'M01_SC_R_send' of module 'switchboards_imp_1N40MOY' is unconnected for instance 'switchboards' [/home/ispr/Documentos/ispr/tutorials/lab4/hw/project/lab4.gen/sources_1/bd/system/ip/system_axi_smc_0/bd_0/synth/bd_44e3.v:981]
WARNING: [Synth 8-7071] port 'S01_SC_AR_recv' of module 'switchboards_imp_1N40MOY' is unconnected for instance 'switchboards' [/home/ispr/Documentos/ispr/tutorials/lab4/hw/project/lab4.gen/sources_1/bd/system/ip/system_axi_smc_0/bd_0/synth/bd_44e3.v:981]
WARNING: [Synth 8-7071] port 'S01_SC_AW_recv' of module 'switchboards_imp_1N40MOY' is unconnected for instance 'switchboards' [/home/ispr/Documentos/ispr/tutorials/lab4/hw/project/lab4.gen/sources_1/bd/system/ip/system_axi_smc_0/bd_0/synth/bd_44e3.v:981]
WARNING: [Synth 8-7071] port 'S01_SC_W_recv' of module 'switchboards_imp_1N40MOY' is unconnected for instance 'switchboards' [/home/ispr/Documentos/ispr/tutorials/lab4/hw/project/lab4.gen/sources_1/bd/system/ip/system_axi_smc_0/bd_0/synth/bd_44e3.v:981]
WARNING: [Synth 8-7023] instance 'switchboards' of module 'switchboards_imp_1N40MOY' has 77 connections declared, but only 66 given [/home/ispr/Documentos/ispr/tutorials/lab4/hw/project/lab4.gen/sources_1/bd/system/ip/system_axi_smc_0/bd_0/synth/bd_44e3.v:981]
WARNING: [Synth 8-3848] Net S01_AXI_arready in module/entity bd_44e3 does not have driver. [/home/ispr/Documentos/ispr/tutorials/lab4/hw/project/lab4.gen/sources_1/bd/system/ip/system_axi_smc_0/bd_0/synth/bd_44e3.v:208]
WARNING: [Synth 8-3848] Net S01_AXI_awready in module/entity bd_44e3 does not have driver. [/home/ispr/Documentos/ispr/tutorials/lab4/hw/project/lab4.gen/sources_1/bd/system/ip/system_axi_smc_0/bd_0/synth/bd_44e3.v:221]
WARNING: [Synth 8-3848] Net S01_AXI_bid in module/entity bd_44e3 does not have driver. [/home/ispr/Documentos/ispr/tutorials/lab4/hw/project/lab4.gen/sources_1/bd/system/ip/system_axi_smc_0/bd_0/synth/bd_44e3.v:226]
WARNING: [Synth 8-3848] Net S01_AXI_bresp in module/entity bd_44e3 does not have driver. [/home/ispr/Documentos/ispr/tutorials/lab4/hw/project/lab4.gen/sources_1/bd/system/ip/system_axi_smc_0/bd_0/synth/bd_44e3.v:228]
WARNING: [Synth 8-3848] Net S01_AXI_buser in module/entity bd_44e3 does not have driver. [/home/ispr/Documentos/ispr/tutorials/lab4/hw/project/lab4.gen/sources_1/bd/system/ip/system_axi_smc_0/bd_0/synth/bd_44e3.v:229]
WARNING: [Synth 8-3848] Net S01_AXI_bvalid in module/entity bd_44e3 does not have driver. [/home/ispr/Documentos/ispr/tutorials/lab4/hw/project/lab4.gen/sources_1/bd/system/ip/system_axi_smc_0/bd_0/synth/bd_44e3.v:230]
WARNING: [Synth 8-3848] Net S01_AXI_rdata in module/entity bd_44e3 does not have driver. [/home/ispr/Documentos/ispr/tutorials/lab4/hw/project/lab4.gen/sources_1/bd/system/ip/system_axi_smc_0/bd_0/synth/bd_44e3.v:231]
WARNING: [Synth 8-3848] Net S01_AXI_rid in module/entity bd_44e3 does not have driver. [/home/ispr/Documentos/ispr/tutorials/lab4/hw/project/lab4.gen/sources_1/bd/system/ip/system_axi_smc_0/bd_0/synth/bd_44e3.v:232]
WARNING: [Synth 8-3848] Net S01_AXI_rlast in module/entity bd_44e3 does not have driver. [/home/ispr/Documentos/ispr/tutorials/lab4/hw/project/lab4.gen/sources_1/bd/system/ip/system_axi_smc_0/bd_0/synth/bd_44e3.v:233]
WARNING: [Synth 8-3848] Net S01_AXI_rresp in module/entity bd_44e3 does not have driver. [/home/ispr/Documentos/ispr/tutorials/lab4/hw/project/lab4.gen/sources_1/bd/system/ip/system_axi_smc_0/bd_0/synth/bd_44e3.v:235]
WARNING: [Synth 8-3848] Net S01_AXI_ruser in module/entity bd_44e3 does not have driver. [/home/ispr/Documentos/ispr/tutorials/lab4/hw/project/lab4.gen/sources_1/bd/system/ip/system_axi_smc_0/bd_0/synth/bd_44e3.v:236]
WARNING: [Synth 8-3848] Net S01_AXI_rvalid in module/entity bd_44e3 does not have driver. [/home/ispr/Documentos/ispr/tutorials/lab4/hw/project/lab4.gen/sources_1/bd/system/ip/system_axi_smc_0/bd_0/synth/bd_44e3.v:237]
WARNING: [Synth 8-3848] Net S01_AXI_wready in module/entity bd_44e3 does not have driver. [/home/ispr/Documentos/ispr/tutorials/lab4/hw/project/lab4.gen/sources_1/bd/system/ip/system_axi_smc_0/bd_0/synth/bd_44e3.v:241]
INFO: [Synth 8-6155] done synthesizing module 'bd_44e3' (77#1) [/home/ispr/Documentos/ispr/tutorials/lab4/hw/project/lab4.gen/sources_1/bd/system/ip/system_axi_smc_0/bd_0/synth/bd_44e3.v:10]
INFO: [Synth 8-6155] done synthesizing module 'system_axi_smc_0' (78#1) [/home/ispr/Documentos/ispr/tutorials/lab4/hw/project/lab4.gen/sources_1/bd/system/ip/system_axi_smc_0/synth/system_axi_smc_0.v:57]
WARNING: [Synth 8-7129] Port aclk in module sc_util_v1_0_4_pipeline__parameterized0 is either unconnected or has no load
WARNING: [Synth 8-7129] Port aclken in module sc_util_v1_0_4_pipeline__parameterized0 is either unconnected or has no load
WARNING: [Synth 8-7129] Port areset in module sc_util_v1_0_4_pipeline__parameterized0 is either unconnected or has no load
WARNING: [Synth 8-7129] Port din[0] in module sc_util_v1_0_4_onehot_to_binary__parameterized1 is either unconnected or has no load
WARNING: [Synth 8-7129] Port aclk in module sc_util_v1_0_4_pipeline__parameterized7 is either unconnected or has no load
WARNING: [Synth 8-7129] Port aclken in module sc_util_v1_0_4_pipeline__parameterized7 is either unconnected or has no load
WARNING: [Synth 8-7129] Port areset in module sc_util_v1_0_4_pipeline__parameterized7 is either unconnected or has no load
WARNING: [Synth 8-7129] Port connectivity[1] in module sc_switchboard_v1_0_6_top__parameterized2 is either unconnected or has no load
WARNING: [Synth 8-7129] Port connectivity[0] in module sc_switchboard_v1_0_6_top__parameterized2 is either unconnected or has no load
WARNING: [Synth 8-7129] Port s_sc_send[1] in module sc_switchboard_v1_0_6_top__parameterized2 is either unconnected or has no load
WARNING: [Synth 8-7129] Port s_sc_req[1] in module sc_switchboard_v1_0_6_top__parameterized2 is either unconnected or has no load
WARNING: [Synth 8-7129] Port s_sc_info[1] in module sc_switchboard_v1_0_6_top__parameterized2 is either unconnected or has no load
WARNING: [Synth 8-7129] Port din[0] in module sc_util_v1_0_4_onehot_to_binary__parameterized2 is either unconnected or has no load
WARNING: [Synth 8-7129] Port aclk in module sc_util_v1_0_4_pipeline__parameterized6 is either unconnected or has no load
WARNING: [Synth 8-7129] Port aclken in module sc_util_v1_0_4_pipeline__parameterized6 is either unconnected or has no load
WARNING: [Synth 8-7129] Port areset in module sc_util_v1_0_4_pipeline__parameterized6 is either unconnected or has no load
WARNING: [Synth 8-7129] Port connectivity[1] in module sc_switchboard_v1_0_6_top__parameterized1 is either unconnected or has no load
WARNING: [Synth 8-7129] Port connectivity[0] in module sc_switchboard_v1_0_6_top__parameterized1 is either unconnected or has no load
WARNING: [Synth 8-7129] Port s_sc_send[1] in module sc_switchboard_v1_0_6_top__parameterized1 is either unconnected or has no load
WARNING: [Synth 8-7129] Port s_sc_req[1] in module sc_switchboard_v1_0_6_top__parameterized1 is either unconnected or has no load
WARNING: [Synth 8-7129] Port s_sc_info[1] in module sc_switchboard_v1_0_6_top__parameterized1 is either unconnected or has no load
WARNING: [Synth 8-7129] Port aclk in module sc_util_v1_0_4_pipeline__parameterized5 is either unconnected or has no load
WARNING: [Synth 8-7129] Port aclken in module sc_util_v1_0_4_pipeline__parameterized5 is either unconnected or has no load
WARNING: [Synth 8-7129] Port areset in module sc_util_v1_0_4_pipeline__parameterized5 is either unconnected or has no load
WARNING: [Synth 8-7129] Port connectivity[1] in module sc_switchboard_v1_0_6_top__parameterized0 is either unconnected or has no load
WARNING: [Synth 8-7129] Port connectivity[0] in module sc_switchboard_v1_0_6_top__parameterized0 is either unconnected or has no load
WARNING: [Synth 8-7129] Port s_sc_send[1] in module sc_switchboard_v1_0_6_top__parameterized0 is either unconnected or has no load
WARNING: [Synth 8-7129] Port s_sc_req[1] in module sc_switchboard_v1_0_6_top__parameterized0 is either unconnected or has no load
WARNING: [Synth 8-7129] Port s_sc_info[1] in module sc_switchboard_v1_0_6_top__parameterized0 is either unconnected or has no load
WARNING: [Synth 8-7129] Port aclk in module sc_util_v1_0_4_pipeline__parameterized2 is either unconnected or has no load
WARNING: [Synth 8-7129] Port aclken in module sc_util_v1_0_4_pipeline__parameterized2 is either unconnected or has no load
WARNING: [Synth 8-7129] Port areset in module sc_util_v1_0_4_pipeline__parameterized2 is either unconnected or has no load
WARNING: [Synth 8-7129] Port connectivity[1] in module sc_switchboard_v1_0_6_top is either unconnected or has no load
WARNING: [Synth 8-7129] Port connectivity[0] in module sc_switchboard_v1_0_6_top is either unconnected or has no load
WARNING: [Synth 8-7129] Port s_sc_send[1] in module sc_switchboard_v1_0_6_top is either unconnected or has no load
WARNING: [Synth 8-7129] Port s_sc_req[1] in module sc_switchboard_v1_0_6_top is either unconnected or has no load
WARNING: [Synth 8-7129] Port s_sc_info[1] in module sc_switchboard_v1_0_6_top is either unconnected or has no load
WARNING: [Synth 8-7129] Port aresetn in module switchboards_imp_1N40MOY is either unconnected or has no load
WARNING: [Synth 8-7129] Port din[0] in module sc_util_v1_0_4_onehot_to_binary__parameterized0 is either unconnected or has no load
WARNING: [Synth 8-7129] Port s_sc_payld[87] in module sc_node_v1_0_14_ingress__parameterized8 is either unconnected or has no load
WARNING: [Synth 8-7129] Port s_sc_payld[86] in module sc_node_v1_0_14_ingress__parameterized8 is either unconnected or has no load
WARNING: [Synth 8-7129] Port s_sc_payld[85] in module sc_node_v1_0_14_ingress__parameterized8 is either unconnected or has no load
WARNING: [Synth 8-7129] Port s_sc_payld[84] in module sc_node_v1_0_14_ingress__parameterized8 is either unconnected or has no load
WARNING: [Synth 8-7129] Port s_sc_payld[83] in module sc_node_v1_0_14_ingress__parameterized8 is either unconnected or has no load
WARNING: [Synth 8-7129] Port s_sc_payld[82] in module sc_node_v1_0_14_ingress__parameterized8 is either unconnected or has no load
WARNING: [Synth 8-7129] Port s_sc_payld[81] in module sc_node_v1_0_14_ingress__parameterized8 is either unconnected or has no load
WARNING: [Synth 8-7129] Port s_sc_payld[80] in module sc_node_v1_0_14_ingress__parameterized8 is either unconnected or has no load
WARNING: [Synth 8-7129] Port s_sc_payld[79] in module sc_node_v1_0_14_ingress__parameterized8 is either unconnected or has no load
WARNING: [Synth 8-7129] Port s_sc_payld[78] in module sc_node_v1_0_14_ingress__parameterized8 is either unconnected or has no load
WARNING: [Synth 8-7129] Port s_sc_payld[77] in module sc_node_v1_0_14_ingress__parameterized8 is either unconnected or has no load
WARNING: [Synth 8-7129] Port s_sc_payld[76] in module sc_node_v1_0_14_ingress__parameterized8 is either unconnected or has no load
WARNING: [Synth 8-7129] Port s_sc_payld[75] in module sc_node_v1_0_14_ingress__parameterized8 is either unconnected or has no load
WARNING: [Synth 8-7129] Port s_sc_payld[74] in module sc_node_v1_0_14_ingress__parameterized8 is either unconnected or has no load
WARNING: [Synth 8-7129] Port s_sc_payld[73] in module sc_node_v1_0_14_ingress__parameterized8 is either unconnected or has no load
WARNING: [Synth 8-7129] Port s_sc_payld[72] in module sc_node_v1_0_14_ingress__parameterized8 is either unconnected or has no load
WARNING: [Synth 8-7129] Port s_sc_payld[71] in module sc_node_v1_0_14_ingress__parameterized8 is either unconnected or has no load
WARNING: [Synth 8-7129] Port s_sc_payld[70] in module sc_node_v1_0_14_ingress__parameterized8 is either unconnected or has no load
WARNING: [Synth 8-7129] Port s_sc_payld[69] in module sc_node_v1_0_14_ingress__parameterized8 is either unconnected or has no load
WARNING: [Synth 8-7129] Port s_sc_payld[68] in module sc_node_v1_0_14_ingress__parameterized8 is either unconnected or has no load
WARNING: [Synth 8-7129] Port s_sc_payld[67] in module sc_node_v1_0_14_ingress__parameterized8 is either unconnected or has no load
WARNING: [Synth 8-7129] Port s_sc_payld[66] in module sc_node_v1_0_14_ingress__parameterized8 is either unconnected or has no load
WARNING: [Synth 8-7129] Port s_sc_payld[65] in module sc_node_v1_0_14_ingress__parameterized8 is either unconnected or has no load
WARNING: [Synth 8-7129] Port s_sc_payld[64] in module sc_node_v1_0_14_ingress__parameterized8 is either unconnected or has no load
WARNING: [Synth 8-7129] Port s_sc_payld[63] in module sc_node_v1_0_14_ingress__parameterized8 is either unconnected or has no load
WARNING: [Synth 8-7129] Port s_sc_payld[62] in module sc_node_v1_0_14_ingress__parameterized8 is either unconnected or has no load
WARNING: [Synth 8-7129] Port s_sc_payld[61] in module sc_node_v1_0_14_ingress__parameterized8 is either unconnected or has no load
WARNING: [Synth 8-7129] Port s_sc_payld[60] in module sc_node_v1_0_14_ingress__parameterized8 is either unconnected or has no load
WARNING: [Synth 8-7129] Port s_sc_payld[59] in module sc_node_v1_0_14_ingress__parameterized8 is either unconnected or has no load
WARNING: [Synth 8-7129] Port s_sc_payld[58] in module sc_node_v1_0_14_ingress__parameterized8 is either unconnected or has no load
WARNING: [Synth 8-7129] Port s_sc_payld[57] in module sc_node_v1_0_14_ingress__parameterized8 is either unconnected or has no load
WARNING: [Synth 8-7129] Port s_sc_payld[56] in module sc_node_v1_0_14_ingress__parameterized8 is either unconnected or has no load
WARNING: [Synth 8-7129] Port s_sc_payld[55] in module sc_node_v1_0_14_ingress__parameterized8 is either unconnected or has no load
WARNING: [Synth 8-7129] Port s_sc_payld[54] in module sc_node_v1_0_14_ingress__parameterized8 is either unconnected or has no load
WARNING: [Synth 8-7129] Port s_sc_payld[53] in module sc_node_v1_0_14_ingress__parameterized8 is either unconnected or has no load
WARNING: [Synth 8-7129] Port s_sc_payld[52] in module sc_node_v1_0_14_ingress__parameterized8 is either unconnected or has no load
WARNING: [Synth 8-7129] Port sleep in module xpm_memory_base__parameterized10 is either unconnected or has no load
WARNING: [Synth 8-7129] Port rsta in module xpm_memory_base__parameterized10 is either unconnected or has no load
WARNING: [Synth 8-7129] Port regcea in module xpm_memory_base__parameterized10 is either unconnected or has no load
WARNING: [Synth 8-7129] Port injectsbiterra in module xpm_memory_base__parameterized10 is either unconnected or has no load
WARNING: [Synth 8-7129] Port injectdbiterra in module xpm_memory_base__parameterized10 is either unconnected or has no load
WARNING: [Synth 8-7129] Port clkb in module xpm_memory_base__parameterized10 is either unconnected or has no load
WARNING: [Synth 8-7129] Port regceb in module xpm_memory_base__parameterized10 is either unconnected or has no load
WARNING: [Synth 8-7129] Port web[0] in module xpm_memory_base__parameterized10 is either unconnected or has no load
WARNING: [Synth 8-7129] Port dinb[87] in module xpm_memory_base__parameterized10 is either unconnected or has no load
WARNING: [Synth 8-7129] Port dinb[86] in module xpm_memory_base__parameterized10 is either unconnected or has no load
WARNING: [Synth 8-7129] Port dinb[85] in module xpm_memory_base__parameterized10 is either unconnected or has no load
WARNING: [Synth 8-7129] Port dinb[84] in module xpm_memory_base__parameterized10 is either unconnected or has no load
WARNING: [Synth 8-7129] Port dinb[83] in module xpm_memory_base__parameterized10 is either unconnected or has no load
WARNING: [Synth 8-7129] Port dinb[82] in module xpm_memory_base__parameterized10 is either unconnected or has no load
WARNING: [Synth 8-7129] Port dinb[81] in module xpm_memory_base__parameterized10 is either unconnected or has no load
WARNING: [Synth 8-7129] Port dinb[80] in module xpm_memory_base__parameterized10 is either unconnected or has no load
WARNING: [Synth 8-7129] Port dinb[79] in module xpm_memory_base__parameterized10 is either unconnected or has no load
WARNING: [Synth 8-7129] Port dinb[78] in module xpm_memory_base__parameterized10 is either unconnected or has no load
WARNING: [Synth 8-7129] Port dinb[77] in module xpm_memory_base__parameterized10 is either unconnected or has no load
WARNING: [Synth 8-7129] Port dinb[76] in module xpm_memory_base__parameterized10 is either unconnected or has no load
WARNING: [Synth 8-7129] Port dinb[75] in module xpm_memory_base__parameterized10 is either unconnected or has no load
WARNING: [Synth 8-7129] Port dinb[74] in module xpm_memory_base__parameterized10 is either unconnected or has no load
WARNING: [Synth 8-7129] Port dinb[73] in module xpm_memory_base__parameterized10 is either unconnected or has no load
WARNING: [Synth 8-7129] Port dinb[72] in module xpm_memory_base__parameterized10 is either unconnected or has no load
WARNING: [Synth 8-7129] Port dinb[71] in module xpm_memory_base__parameterized10 is either unconnected or has no load
INFO: [Common 17-14] Message 'Synth 8-7129' appears 100 times and further instances of the messages will be disabled. Use the Tcl command set_msg_config to change the current settings.
---------------------------------------------------------------------------------
Finished RTL Elaboration : Time (s): cpu = 00:00:09 ; elapsed = 00:00:10 . Memory (MB): peak = 2602.262 ; gain = 0.000 ; free physical = 2931 ; free virtual = 8616
---------------------------------------------------------------------------------
---------------------------------------------------------------------------------
Start Handling Custom Attributes
---------------------------------------------------------------------------------
---------------------------------------------------------------------------------
Finished Handling Custom Attributes : Time (s): cpu = 00:00:11 ; elapsed = 00:00:12 . Memory (MB): peak = 2602.262 ; gain = 0.000 ; free physical = 2965 ; free virtual = 8649
---------------------------------------------------------------------------------
---------------------------------------------------------------------------------
Finished RTL Optimization Phase 1 : Time (s): cpu = 00:00:11 ; elapsed = 00:00:12 . Memory (MB): peak = 2602.262 ; gain = 0.000 ; free physical = 2965 ; free virtual = 8649
---------------------------------------------------------------------------------
Netlist sorting complete. Time (s): cpu = 00:00:00.97 ; elapsed = 00:00:00.98 . Memory (MB): peak = 2602.262 ; gain = 0.000 ; free physical = 2706 ; free virtual = 8421
INFO: [Netlist 29-17] Analyzing 13 Unisim elements for replacement
INFO: [Netlist 29-28] Unisim Transformation completed in 0 CPU seconds
INFO: [Project 1-570] Preparing netlist for logic optimization

Processing XDC Constraints
Initializing timing engine
Parsing XDC File [/home/ispr/Documentos/ispr/tutorials/lab4/hw/project/lab4.gen/sources_1/bd/system/ip/system_axi_smc_0/ooc.xdc] for cell 'inst'
Finished Parsing XDC File [/home/ispr/Documentos/ispr/tutorials/lab4/hw/project/lab4.gen/sources_1/bd/system/ip/system_axi_smc_0/ooc.xdc] for cell 'inst'
Parsing XDC File [/home/ispr/Documentos/ispr/tutorials/lab4/hw/project/lab4.gen/sources_1/bd/system/ip/system_axi_smc_0/bd_0/ip/ip_1/bd_44e3_psr_aclk_0_board.xdc] for cell 'inst/clk_map/psr_aclk/U0'
Finished Parsing XDC File [/home/ispr/Documentos/ispr/tutorials/lab4/hw/project/lab4.gen/sources_1/bd/system/ip/system_axi_smc_0/bd_0/ip/ip_1/bd_44e3_psr_aclk_0_board.xdc] for cell 'inst/clk_map/psr_aclk/U0'
Parsing XDC File [/home/ispr/Documentos/ispr/tutorials/lab4/hw/project/lab4.gen/sources_1/bd/system/ip/system_axi_smc_0/bd_0/ip/ip_1/bd_44e3_psr_aclk_0.xdc] for cell 'inst/clk_map/psr_aclk/U0'
Finished Parsing XDC File [/home/ispr/Documentos/ispr/tutorials/lab4/hw/project/lab4.gen/sources_1/bd/system/ip/system_axi_smc_0/bd_0/ip/ip_1/bd_44e3_psr_aclk_0.xdc] for cell 'inst/clk_map/psr_aclk/U0'
Parsing XDC File [/home/ispr/Documentos/ispr/tutorials/lab4/hw/system_axi_smc_0_synth_1/dont_touch.xdc]
Finished Parsing XDC File [/home/ispr/Documentos/ispr/tutorials/lab4/hw/system_axi_smc_0_synth_1/dont_touch.xdc]
WARNING: [Vivado 12-180] No cells matched 'get_cells -hier -filter {PRIMITIVE_SUBGROUP==LUTRAM || PRIMITIVE_SUBGROUP==dram || PRIMITIVE_SUBGROUP==uram || PRIMITIVE_SUBGROUP==BRAM}'. [/opt/Xilinx/Vivado/2021.2/data/ip/xpm/xpm_memory/tcl/xpm_memory_xdc.tcl:3]
WARNING: [Vivado 12-180] No cells matched 'get_cells -hier -filter {PRIMITIVE_SUBGROUP==LUTRAM || PRIMITIVE_SUBGROUP==dram || PRIMITIVE_SUBGROUP==uram || PRIMITIVE_SUBGROUP==BRAM}'. [/opt/Xilinx/Vivado/2021.2/data/ip/xpm/xpm_memory/tcl/xpm_memory_xdc.tcl:3]
WARNING: [Vivado 12-180] No cells matched 'get_cells -hier -filter {PRIMITIVE_SUBGROUP==LUTRAM || PRIMITIVE_SUBGROUP==dram || PRIMITIVE_SUBGROUP==uram || PRIMITIVE_SUBGROUP==BRAM}'. [/opt/Xilinx/Vivado/2021.2/data/ip/xpm/xpm_memory/tcl/xpm_memory_xdc.tcl:3]
WARNING: [Vivado 12-180] No cells matched 'get_cells -hier -filter {PRIMITIVE_SUBGROUP==LUTRAM || PRIMITIVE_SUBGROUP==dram || PRIMITIVE_SUBGROUP==uram || PRIMITIVE_SUBGROUP==BRAM}'. [/opt/Xilinx/Vivado/2021.2/data/ip/xpm/xpm_memory/tcl/xpm_memory_xdc.tcl:3]
WARNING: [Vivado 12-180] No cells matched 'get_cells -hier -filter {PRIMITIVE_SUBGROUP==LUTRAM || PRIMITIVE_SUBGROUP==dram || PRIMITIVE_SUBGROUP==uram || PRIMITIVE_SUBGROUP==BRAM}'. [/opt/Xilinx/Vivado/2021.2/data/ip/xpm/xpm_memory/tcl/xpm_memory_xdc.tcl:3]
WARNING: [Vivado 12-180] No cells matched 'get_cells -hier -filter {PRIMITIVE_SUBGROUP==LUTRAM || PRIMITIVE_SUBGROUP==dram || PRIMITIVE_SUBGROUP==uram || PRIMITIVE_SUBGROUP==BRAM}'. [/opt/Xilinx/Vivado/2021.2/data/ip/xpm/xpm_memory/tcl/xpm_memory_xdc.tcl:3]
WARNING: [Vivado 12-180] No cells matched 'get_cells -hier -filter {PRIMITIVE_SUBGROUP==LUTRAM || PRIMITIVE_SUBGROUP==dram || PRIMITIVE_SUBGROUP==uram || PRIMITIVE_SUBGROUP==BRAM}'. [/opt/Xilinx/Vivado/2021.2/data/ip/xpm/xpm_memory/tcl/xpm_memory_xdc.tcl:3]
WARNING: [Vivado 12-180] No cells matched 'get_cells -hier -filter {PRIMITIVE_SUBGROUP==LUTRAM || PRIMITIVE_SUBGROUP==dram || PRIMITIVE_SUBGROUP==uram || PRIMITIVE_SUBGROUP==BRAM}'. [/opt/Xilinx/Vivado/2021.2/data/ip/xpm/xpm_memory/tcl/xpm_memory_xdc.tcl:3]
WARNING: [Vivado 12-180] No cells matched 'get_cells -hier -filter {PRIMITIVE_SUBGROUP==LUTRAM || PRIMITIVE_SUBGROUP==dram || PRIMITIVE_SUBGROUP==uram || PRIMITIVE_SUBGROUP==BRAM}'. [/opt/Xilinx/Vivado/2021.2/data/ip/xpm/xpm_memory/tcl/xpm_memory_xdc.tcl:3]
WARNING: [Vivado 12-180] No cells matched 'get_cells -hier -filter {PRIMITIVE_SUBGROUP==LUTRAM || PRIMITIVE_SUBGROUP==dram || PRIMITIVE_SUBGROUP==uram || PRIMITIVE_SUBGROUP==BRAM}'. [/opt/Xilinx/Vivado/2021.2/data/ip/xpm/xpm_memory/tcl/xpm_memory_xdc.tcl:3]
WARNING: [Vivado 12-180] No cells matched 'get_cells -hier -filter {PRIMITIVE_SUBGROUP==LUTRAM || PRIMITIVE_SUBGROUP==dram || PRIMITIVE_SUBGROUP==uram || PRIMITIVE_SUBGROUP==BRAM}'. [/opt/Xilinx/Vivado/2021.2/data/ip/xpm/xpm_memory/tcl/xpm_memory_xdc.tcl:3]
WARNING: [Vivado 12-180] No cells matched 'get_cells -hier -filter {PRIMITIVE_SUBGROUP==LUTRAM || PRIMITIVE_SUBGROUP==dram || PRIMITIVE_SUBGROUP==uram || PRIMITIVE_SUBGROUP==BRAM}'. [/opt/Xilinx/Vivado/2021.2/data/ip/xpm/xpm_memory/tcl/xpm_memory_xdc.tcl:3]
WARNING: [Vivado 12-180] No cells matched 'get_cells -hier -filter {PRIMITIVE_SUBGROUP==LUTRAM || PRIMITIVE_SUBGROUP==dram || PRIMITIVE_SUBGROUP==uram || PRIMITIVE_SUBGROUP==BRAM}'. [/opt/Xilinx/Vivado/2021.2/data/ip/xpm/xpm_memory/tcl/xpm_memory_xdc.tcl:3]
WARNING: [Vivado 12-180] No cells matched 'get_cells -hier -filter {PRIMITIVE_SUBGROUP==LUTRAM || PRIMITIVE_SUBGROUP==dram || PRIMITIVE_SUBGROUP==uram || PRIMITIVE_SUBGROUP==BRAM}'. [/opt/Xilinx/Vivado/2021.2/data/ip/xpm/xpm_memory/tcl/xpm_memory_xdc.tcl:3]
WARNING: [Vivado 12-180] No cells matched 'get_cells -hier -filter {PRIMITIVE_SUBGROUP==LUTRAM || PRIMITIVE_SUBGROUP==dram || PRIMITIVE_SUBGROUP==uram || PRIMITIVE_SUBGROUP==BRAM}'. [/opt/Xilinx/Vivado/2021.2/data/ip/xpm/xpm_memory/tcl/xpm_memory_xdc.tcl:3]
WARNING: [Vivado 12-180] No cells matched 'get_cells -hier -filter {PRIMITIVE_SUBGROUP==LUTRAM || PRIMITIVE_SUBGROUP==dram || PRIMITIVE_SUBGROUP==uram || PRIMITIVE_SUBGROUP==BRAM}'. [/opt/Xilinx/Vivado/2021.2/data/ip/xpm/xpm_memory/tcl/xpm_memory_xdc.tcl:3]
WARNING: [Vivado 12-180] No cells matched 'get_cells -hier -filter {PRIMITIVE_SUBGROUP==LUTRAM || PRIMITIVE_SUBGROUP==dram || PRIMITIVE_SUBGROUP==uram || PRIMITIVE_SUBGROUP==BRAM}'. [/opt/Xilinx/Vivado/2021.2/data/ip/xpm/xpm_memory/tcl/xpm_memory_xdc.tcl:3]
WARNING: [Vivado 12-180] No cells matched 'get_cells -hier -filter {PRIMITIVE_SUBGROUP==LUTRAM || PRIMITIVE_SUBGROUP==dram || PRIMITIVE_SUBGROUP==uram || PRIMITIVE_SUBGROUP==BRAM}'. [/opt/Xilinx/Vivado/2021.2/data/ip/xpm/xpm_memory/tcl/xpm_memory_xdc.tcl:3]
WARNING: [Vivado 12-180] No cells matched 'get_cells -hier -filter {PRIMITIVE_SUBGROUP==LUTRAM || PRIMITIVE_SUBGROUP==dram || PRIMITIVE_SUBGROUP==uram || PRIMITIVE_SUBGROUP==BRAM}'. [/opt/Xilinx/Vivado/2021.2/data/ip/xpm/xpm_memory/tcl/xpm_memory_xdc.tcl:3]
WARNING: [Vivado 12-180] No cells matched 'get_cells -hier -filter {PRIMITIVE_SUBGROUP==LUTRAM || PRIMITIVE_SUBGROUP==dram || PRIMITIVE_SUBGROUP==uram || PRIMITIVE_SUBGROUP==BRAM}'. [/opt/Xilinx/Vivado/2021.2/data/ip/xpm/xpm_memory/tcl/xpm_memory_xdc.tcl:3]
WARNING: [Vivado 12-180] No cells matched 'get_cells -hier -filter {PRIMITIVE_SUBGROUP==LUTRAM || PRIMITIVE_SUBGROUP==dram || PRIMITIVE_SUBGROUP==uram || PRIMITIVE_SUBGROUP==BRAM}'. [/opt/Xilinx/Vivado/2021.2/data/ip/xpm/xpm_memory/tcl/xpm_memory_xdc.tcl:3]
WARNING: [Vivado 12-180] No cells matched 'get_cells -hier -filter {PRIMITIVE_SUBGROUP==LUTRAM || PRIMITIVE_SUBGROUP==dram || PRIMITIVE_SUBGROUP==uram || PRIMITIVE_SUBGROUP==BRAM}'. [/opt/Xilinx/Vivado/2021.2/data/ip/xpm/xpm_memory/tcl/xpm_memory_xdc.tcl:3]
INFO: [Project 1-236] Implementation specific constraints were found while reading constraint file [/opt/Xilinx/Vivado/2021.2/data/ip/xpm/xpm_memory/tcl/xpm_memory_xdc.tcl]. These constraints will be ignored for synthesis but will be used in implementation. Impacted constraints are listed in the file [.Xil/system_axi_smc_0_propImpl.xdc].
Resolution: To avoid this warning, move constraints listed in [.Xil/system_axi_smc_0_propImpl.xdc] to another XDC file and exclude this new file from synthesis with the used_in_synthesis property (File Properties dialog in GUI) and re-run elaboration/synthesis.
INFO: [Project 1-1714] 46 XPM XDC files have been applied to the design.
Completed Processing XDC Constraints

Netlist sorting complete. Time (s): cpu = 00:00:00.01 ; elapsed = 00:00:00.01 . Memory (MB): peak = 2989.180 ; gain = 0.000 ; free physical = 2242 ; free virtual = 7959
INFO: [Project 1-111] Unisim Transformation Summary:
  A total of 13 instances were transformed.
  FDR => FDRE: 12 instances
  SRL16 => SRL16E: 1 instance 

Constraint Validation Runtime : Time (s): cpu = 00:00:00.61 ; elapsed = 00:00:00.38 . Memory (MB): peak = 3001.055 ; gain = 11.875 ; free physical = 2243 ; free virtual = 7960
---------------------------------------------------------------------------------
Finished Constraint Validation : Time (s): cpu = 00:00:27 ; elapsed = 00:00:27 . Memory (MB): peak = 3001.055 ; gain = 398.793 ; free physical = 3027 ; free virtual = 8729
---------------------------------------------------------------------------------
---------------------------------------------------------------------------------
Start Loading Part and Timing Information
---------------------------------------------------------------------------------
Loading part: xc7z010clg400-1
---------------------------------------------------------------------------------
Finished Loading Part and Timing Information : Time (s): cpu = 00:00:27 ; elapsed = 00:00:27 . Memory (MB): peak = 3001.055 ; gain = 398.793 ; free physical = 3027 ; free virtual = 8729
---------------------------------------------------------------------------------
---------------------------------------------------------------------------------
Start Applying 'set_property' XDC Constraints
---------------------------------------------------------------------------------
Applied set_property KEEP_HIERARCHY = SOFT for inst. (constraint file  /home/ispr/Documentos/ispr/tutorials/lab4/hw/system_axi_smc_0_synth_1/dont_touch.xdc, line 121).
Applied set_property KEEP_HIERARCHY = SOFT for inst/m00_nodes/m00_ar_node/inst/m_sc_xpm_cdc_async_rst_inst. (constraint file  auto generated constraint).
Applied set_property KEEP_HIERARCHY = SOFT for inst/m00_nodes/m00_aw_node/inst/m_sc_xpm_cdc_async_rst_inst. (constraint file  auto generated constraint).
Applied set_property KEEP_HIERARCHY = SOFT for inst/m00_nodes/m00_b_node/inst/m_sc_xpm_cdc_async_rst_inst. (constraint file  auto generated constraint).
Applied set_property KEEP_HIERARCHY = SOFT for inst/m00_nodes/m00_r_node/inst/m_sc_xpm_cdc_async_rst_inst. (constraint file  auto generated constraint).
Applied set_property KEEP_HIERARCHY = SOFT for inst/m00_nodes/m00_w_node/inst/m_sc_xpm_cdc_async_rst_inst. (constraint file  auto generated constraint).
Applied set_property KEEP_HIERARCHY = SOFT for inst/s00_nodes/s00_ar_node/inst/m_sc_xpm_cdc_async_rst_inst. (constraint file  auto generated constraint).
Applied set_property KEEP_HIERARCHY = SOFT for inst/s00_nodes/s00_aw_node/inst/m_sc_xpm_cdc_async_rst_inst. (constraint file  auto generated constraint).
Applied set_property KEEP_HIERARCHY = SOFT for inst/s00_nodes/s00_b_node/inst/m_sc_xpm_cdc_async_rst_inst. (constraint file  auto generated constraint).
Applied set_property KEEP_HIERARCHY = SOFT for inst/s00_nodes/s00_r_node/inst/m_sc_xpm_cdc_async_rst_inst. (constraint file  auto generated constraint).
Applied set_property KEEP_HIERARCHY = SOFT for inst/s00_nodes/s00_w_node/inst/m_sc_xpm_cdc_async_rst_inst. (constraint file  auto generated constraint).
Applied set_property KEEP_HIERARCHY = SOFT for inst/m00_nodes/m00_ar_node/inst/s_sc_xpm_cdc_async_rst_inst. (constraint file  auto generated constraint).
Applied set_property KEEP_HIERARCHY = SOFT for inst/m00_nodes/m00_aw_node/inst/s_sc_xpm_cdc_async_rst_inst. (constraint file  auto generated constraint).
Applied set_property KEEP_HIERARCHY = SOFT for inst/m00_nodes/m00_b_node/inst/s_sc_xpm_cdc_async_rst_inst. (constraint file  auto generated constraint).
Applied set_property KEEP_HIERARCHY = SOFT for inst/m00_nodes/m00_r_node/inst/s_sc_xpm_cdc_async_rst_inst. (constraint file  auto generated constraint).
Applied set_property KEEP_HIERARCHY = SOFT for inst/m00_nodes/m00_w_node/inst/s_sc_xpm_cdc_async_rst_inst. (constraint file  auto generated constraint).
Applied set_property KEEP_HIERARCHY = SOFT for inst/s00_nodes/s00_ar_node/inst/s_sc_xpm_cdc_async_rst_inst. (constraint file  auto generated constraint).
Applied set_property KEEP_HIERARCHY = SOFT for inst/s00_nodes/s00_aw_node/inst/s_sc_xpm_cdc_async_rst_inst. (constraint file  auto generated constraint).
Applied set_property KEEP_HIERARCHY = SOFT for inst/s00_nodes/s00_b_node/inst/s_sc_xpm_cdc_async_rst_inst. (constraint file  auto generated constraint).
Applied set_property KEEP_HIERARCHY = SOFT for inst/s00_nodes/s00_r_node/inst/s_sc_xpm_cdc_async_rst_inst. (constraint file  auto generated constraint).
Applied set_property KEEP_HIERARCHY = SOFT for inst/s00_nodes/s00_w_node/inst/s_sc_xpm_cdc_async_rst_inst. (constraint file  auto generated constraint).
Applied set_property KEEP_HIERARCHY = SOFT for inst/m00_exit_pipeline/m00_exit/inst/xpm_cdc_async_rst_inst. (constraint file  auto generated constraint).
Applied set_property KEEP_HIERARCHY = SOFT for inst/s00_entry_pipeline/s00_mmu/inst/xpm_cdc_async_rst_inst. (constraint file  auto generated constraint).
Applied set_property KEEP_HIERARCHY = SOFT for inst/s00_entry_pipeline/s00_si_converter/inst/xpm_cdc_async_rst_inst. (constraint file  auto generated constraint).
Applied set_property KEEP_HIERARCHY = SOFT for inst/s00_entry_pipeline/s00_transaction_regulator/inst/xpm_cdc_async_rst_inst. (constraint file  auto generated constraint).
Applied set_property KEEP_HIERARCHY = SOFT for inst/m00_nodes/m00_ar_node/inst/inst_mi_handler/\gen_normal_area.gen_node_prog_full.inst_node_prog_full /\gen_xpm_memory_fifo.inst_fifo /\gen_mem_rep[0].inst_xpm_memory . (constraint file  auto generated constraint).
Applied set_property KEEP_HIERARCHY = SOFT for inst/m00_nodes/m00_aw_node/inst/inst_mi_handler/\gen_normal_area.gen_node_prog_full.inst_node_prog_full /\gen_xpm_memory_fifo.inst_fifo /\gen_mem_rep[0].inst_xpm_memory . (constraint file  auto generated constraint).
Applied set_property KEEP_HIERARCHY = SOFT for inst/m00_nodes/m00_w_node/inst/inst_mi_handler/\gen_normal_area.gen_node_prog_full.inst_node_prog_full /\gen_xpm_memory_fifo.inst_fifo /\gen_mem_rep[0].inst_xpm_memory . (constraint file  auto generated constraint).
Applied set_property KEEP_HIERARCHY = SOFT for inst/s00_nodes/s00_b_node/inst/inst_mi_handler/\gen_normal_area.gen_node_prog_full.inst_node_prog_full /\gen_xpm_memory_fifo.inst_fifo /\gen_mem_rep[0].inst_xpm_memory . (constraint file  auto generated constraint).
Applied set_property KEEP_HIERARCHY = SOFT for inst/s00_nodes/s00_r_node/inst/inst_mi_handler/\gen_normal_area.gen_node_prog_full.inst_node_prog_full /\gen_xpm_memory_fifo.inst_fifo /\gen_mem_rep[0].inst_xpm_memory . (constraint file  auto generated constraint).
Applied set_property KEEP_HIERARCHY = SOFT for inst/m00_nodes/m00_ar_node/inst/inst_mi_handler/\gen_normal_area.inst_fifo_node_payld /\gen_xpm_memory_fifo.inst_fifo /\gen_mem_rep[0].inst_xpm_memory . (constraint file  auto generated constraint).
Applied set_property KEEP_HIERARCHY = SOFT for inst/m00_nodes/m00_aw_node/inst/inst_mi_handler/\gen_normal_area.inst_fifo_node_payld /\gen_xpm_memory_fifo.inst_fifo /\gen_mem_rep[0].inst_xpm_memory . (constraint file  auto generated constraint).
Applied set_property KEEP_HIERARCHY = SOFT for inst/m00_nodes/m00_b_node/inst/inst_mi_handler/\gen_normal_area.gen_fifo_req.inst_fifo_req /\gen_xpm_memory_fifo.inst_fifo /\gen_mem_rep[0].inst_xpm_memory . (constraint file  auto generated constraint).
Applied set_property KEEP_HIERARCHY = SOFT for inst/m00_nodes/m00_r_node/inst/inst_mi_handler/\gen_normal_area.gen_fifo_req.inst_fifo_req /\gen_xpm_memory_fifo.inst_fifo /\gen_mem_rep[0].inst_xpm_memory . (constraint file  auto generated constraint).
Applied set_property KEEP_HIERARCHY = SOFT for inst/m00_nodes/m00_b_node/inst/inst_mi_handler/\gen_normal_area.inst_fifo_node_payld /\gen_xpm_memory_fifo.inst_fifo /\gen_mem_rep[0].inst_xpm_memory . (constraint file  auto generated constraint).
Applied set_property KEEP_HIERARCHY = SOFT for inst/m00_nodes/m00_r_node/inst/inst_mi_handler/\gen_normal_area.inst_fifo_node_payld /\gen_xpm_memory_fifo.inst_fifo /\gen_mem_rep[0].inst_xpm_memory . (constraint file  auto generated constraint).
Applied set_property KEEP_HIERARCHY = SOFT for inst/m00_nodes/m00_w_node/inst/inst_mi_handler/\gen_normal_area.inst_fifo_node_payld /\gen_xpm_memory_fifo.inst_fifo /\gen_mem_rep[0].inst_xpm_memory . (constraint file  auto generated constraint).
Applied set_property KEEP_HIERARCHY = SOFT for inst/m00_nodes/m00_w_node/inst/inst_si_handler/\gen_si_handler.gen_request_fifos.gen_req_fifo[0].inst_req_fifo /\gen_xpm_memory_fifo.inst_fifo /\gen_mem_rep[0].inst_xpm_memory . (constraint file  auto generated constraint).
Applied set_property KEEP_HIERARCHY = SOFT for inst/m00_nodes/m00_w_node/inst/inst_si_handler/\gen_si_handler.gen_request_fifos.gen_req_fifo[1].inst_req_fifo /\gen_xpm_memory_fifo.inst_fifo /\gen_mem_rep[0].inst_xpm_memory . (constraint file  auto generated constraint).
Applied set_property KEEP_HIERARCHY = SOFT for inst/s00_nodes/s00_ar_node/inst/inst_mi_handler/\gen_normal_area.gen_fifo_req.inst_fifo_req /\gen_xpm_memory_fifo.inst_fifo /\gen_mem_rep[0].inst_xpm_memory . (constraint file  auto generated constraint).
Applied set_property KEEP_HIERARCHY = SOFT for inst/s00_nodes/s00_aw_node/inst/inst_mi_handler/\gen_normal_area.gen_fifo_req.inst_fifo_req /\gen_xpm_memory_fifo.inst_fifo /\gen_mem_rep[0].inst_xpm_memory . (constraint file  auto generated constraint).
Applied set_property KEEP_HIERARCHY = SOFT for inst/s00_nodes/s00_w_node/inst/inst_mi_handler/\gen_normal_area.gen_fifo_req.inst_fifo_req /\gen_xpm_memory_fifo.inst_fifo /\gen_mem_rep[0].inst_xpm_memory . (constraint file  auto generated constraint).
Applied set_property KEEP_HIERARCHY = SOFT for inst/s00_nodes/s00_ar_node/inst/inst_mi_handler/\gen_normal_area.inst_fifo_node_payld /\gen_xpm_memory_fifo.inst_fifo /\gen_mem_rep[0].inst_xpm_memory . (constraint file  auto generated constraint).
Applied set_property KEEP_HIERARCHY = SOFT for inst/s00_nodes/s00_aw_node/inst/inst_mi_handler/\gen_normal_area.inst_fifo_node_payld /\gen_xpm_memory_fifo.inst_fifo /\gen_mem_rep[0].inst_xpm_memory . (constraint file  auto generated constraint).
Applied set_property KEEP_HIERARCHY = SOFT for inst/s00_nodes/s00_b_node/inst/inst_mi_handler/\gen_normal_area.inst_fifo_node_payld /\gen_xpm_memory_fifo.inst_fifo /\gen_mem_rep[0].inst_xpm_memory . (constraint file  auto generated constraint).
Applied set_property KEEP_HIERARCHY = SOFT for inst/s00_nodes/s00_r_node/inst/inst_mi_handler/\gen_normal_area.inst_fifo_node_payld /\gen_xpm_memory_fifo.inst_fifo /\gen_mem_rep[0].inst_xpm_memory . (constraint file  auto generated constraint).
Applied set_property KEEP_HIERARCHY = SOFT for inst/s00_nodes/s00_w_node/inst/inst_mi_handler/\gen_normal_area.inst_fifo_node_payld /\gen_xpm_memory_fifo.inst_fifo /\gen_mem_rep[0].inst_xpm_memory . (constraint file  auto generated constraint).
---------------------------------------------------------------------------------
Finished applying 'set_property' XDC Constraints : Time (s): cpu = 00:00:27 ; elapsed = 00:00:27 . Memory (MB): peak = 3001.055 ; gain = 398.793 ; free physical = 3026 ; free virtual = 8728
---------------------------------------------------------------------------------
INFO: [Synth 8-4490] FSM extraction disabled for register 'gen_pipelined.state_reg' through user attribute
INFO: [Synth 8-4490] FSM extraction disabled for register 'gen_pipelined.state_reg' through user attribute
INFO: [Synth 8-4490] FSM extraction disabled for register 'gen_pipelined.state_reg' through user attribute
INFO: [Synth 8-4490] FSM extraction disabled for register 'gen_AB_reg_slice.state_reg' through user attribute
INFO: [Synth 8-802] inferred FSM for state register 'gen_axi.gen_write.write_cs_reg' in module 'sc_mmu_v1_0_10_decerr_slave'
INFO: [Synth 8-4490] FSM extraction disabled for register 'gen_pipelined.state_reg' through user attribute
INFO: [Synth 8-4490] FSM extraction disabled for register 'gen_pipelined.state_reg' through user attribute
INFO: [Synth 8-4490] FSM extraction disabled for register 'gen_pipelined.state_reg' through user attribute
INFO: [Synth 8-4490] FSM extraction disabled for register 'gen_AB_reg_slice.state_reg' through user attribute
---------------------------------------------------------------------------------------------------
                   State |                     New Encoding |                Previous Encoding 
---------------------------------------------------------------------------------------------------
            P_WRITE_IDLE |                              001 |                               00
            P_WRITE_DATA |                              010 |                               01
            P_WRITE_RESP |                              100 |                               10
---------------------------------------------------------------------------------------------------
INFO: [Synth 8-3354] encoded FSM with state register 'gen_axi.gen_write.write_cs_reg' using encoding 'one-hot' in module 'sc_mmu_v1_0_10_decerr_slave'
---------------------------------------------------------------------------------
Finished RTL Optimization Phase 2 : Time (s): cpu = 00:00:31 ; elapsed = 00:00:32 . Memory (MB): peak = 3001.055 ; gain = 398.793 ; free physical = 4816 ; free virtual = 10527
---------------------------------------------------------------------------------
---------------------------------------------------------------------------------
Start RTL Component Statistics 
---------------------------------------------------------------------------------
Detailed RTL Component Info : 
+---Adders : 
	   2 Input    8 Bit       Adders := 10    
	   2 Input    7 Bit       Adders := 4     
	   3 Input    6 Bit       Adders := 2     
	   2 Input    6 Bit       Adders := 121   
	   2 Input    5 Bit       Adders := 5     
	   3 Input    5 Bit       Adders := 2     
	   4 Input    5 Bit       Adders := 2     
	   2 Input    4 Bit       Adders := 24    
	   3 Input    4 Bit       Adders := 2     
	   2 Input    3 Bit       Adders := 13    
	   2 Input    2 Bit       Adders := 7     
	   3 Input    1 Bit       Adders := 4     
	   2 Input    1 Bit       Adders := 3     
+---XORs : 
	   2 Input      1 Bit         XORs := 172   
+---Registers : 
	             2178 Bit    Registers := 28    
	              156 Bit    Registers := 2     
	              138 Bit    Registers := 4     
	              106 Bit    Registers := 1     
	              104 Bit    Registers := 1     
	              102 Bit    Registers := 1     
	               88 Bit    Registers := 2     
	               84 Bit    Registers := 3     
	               64 Bit    Registers := 1     
	               47 Bit    Registers := 1     
	               39 Bit    Registers := 2     
	               33 Bit    Registers := 1     
	               32 Bit    Registers := 2     
	               24 Bit    Registers := 1     
	               21 Bit    Registers := 1     
	               19 Bit    Registers := 2     
	               18 Bit    Registers := 4     
	               16 Bit    Registers := 2     
	               14 Bit    Registers := 1     
	               12 Bit    Registers := 6     
	                8 Bit    Registers := 17    
	                7 Bit    Registers := 2     
	                6 Bit    Registers := 64    
	                5 Bit    Registers := 7     
	                4 Bit    Registers := 28    
	                3 Bit    Registers := 44    
	                2 Bit    Registers := 26    
	                1 Bit    Registers := 466   
+---Muxes : 
	   2 Input 2178 Bit        Muxes := 14    
	   2 Input  138 Bit        Muxes := 2     
	   2 Input   88 Bit        Muxes := 1     
	   2 Input   84 Bit        Muxes := 2     
	   2 Input   47 Bit        Muxes := 1     
	   2 Input   39 Bit        Muxes := 1     
	   2 Input   33 Bit        Muxes := 1     
	   2 Input   32 Bit        Muxes := 15    
	   2 Input   21 Bit        Muxes := 1     
	   2 Input   16 Bit        Muxes := 2     
	   2 Input   14 Bit        Muxes := 1     
	   2 Input   12 Bit        Muxes := 6     
	   2 Input    8 Bit        Muxes := 36    
	   2 Input    7 Bit        Muxes := 22    
	   2 Input    6 Bit        Muxes := 23    
	   2 Input    5 Bit        Muxes := 6     
	   2 Input    4 Bit        Muxes := 31    
	   3 Input    4 Bit        Muxes := 2     
	   4 Input    3 Bit        Muxes := 12    
	  11 Input    3 Bit        Muxes := 10    
	   2 Input    3 Bit        Muxes := 8     
	   2 Input    2 Bit        Muxes := 106   
	   5 Input    2 Bit        Muxes := 1     
	   4 Input    2 Bit        Muxes := 1     
	   7 Input    2 Bit        Muxes := 5     
	   6 Input    1 Bit        Muxes := 106   
	   4 Input    1 Bit        Muxes := 33    
	  10 Input    1 Bit        Muxes := 42    
	   7 Input    1 Bit        Muxes := 28    
	  12 Input    1 Bit        Muxes := 10    
	   2 Input    1 Bit        Muxes := 243   
	   3 Input    1 Bit        Muxes := 10    
---------------------------------------------------------------------------------
Finished RTL Component Statistics 
---------------------------------------------------------------------------------
---------------------------------------------------------------------------------
Start Part Resource Summary
---------------------------------------------------------------------------------
Part Resources:
DSPs: 80 (col length:40)
BRAMs: 120 (col length: RAMB18 40 RAMB36 20)
---------------------------------------------------------------------------------
Finished Part Resource Summary
---------------------------------------------------------------------------------
---------------------------------------------------------------------------------
Start Cross Boundary and Area Optimization
---------------------------------------------------------------------------------
WARNING: [Synth 8-7080] Parallel synthesis criteria is not met
---------------------------------------------------------------------------------
Finished Cross Boundary and Area Optimization : Time (s): cpu = 00:01:00 ; elapsed = 00:01:03 . Memory (MB): peak = 3001.055 ; gain = 398.793 ; free physical = 2767 ; free virtual = 8529
---------------------------------------------------------------------------------
---------------------------------------------------------------------------------
Start ROM, RAM, DSP, Shift Register and Retiming Reporting
---------------------------------------------------------------------------------

Distributed RAM: Preliminary Mapping Report (see note below)
+--------------------------------------------------------------------------------------------------------------------------------------------------------------------------------------------------------+----------------------------------+----------------+----------------------+---------------+
|Module Name                                                                                                                                                                                             | RTL Object                       | Inference      | Size (Depth x Width) | Primitives    | 
+--------------------------------------------------------------------------------------------------------------------------------------------------------------------------------------------------------+----------------------------------+----------------+----------------------+---------------+
|inst/i_0/\m00_nodes/m00_ar_node/inst /\inst_mi_handler/gen_normal_area.inst_fifo_node_payld/gen_xpm_memory_fifo.inst_fifo/gen_mem_rep[0].inst_xpm_memory /xpm_memory_base_inst                          | gen_wr_a.gen_word_narrow.mem_reg | User Attribute | 32 x 156             | RAM32M x 26   | 
|inst/i_0/\m00_nodes/m00_aw_node/inst /\inst_mi_handler/gen_normal_area.inst_fifo_node_payld/gen_xpm_memory_fifo.inst_fifo/gen_mem_rep[0].inst_xpm_memory /xpm_memory_base_inst                          | gen_wr_a.gen_word_narrow.mem_reg | User Attribute | 32 x 156             | RAM32M x 26   | 
|inst/i_0/\m00_nodes/m00_b_node/inst /\inst_mi_handler/gen_normal_area.gen_fifo_req.inst_fifo_req/gen_xpm_memory_fifo.inst_fifo/gen_mem_rep[0].inst_xpm_memory /xpm_memory_base_inst                     | gen_wr_a.gen_word_narrow.mem_reg | User Attribute | 32 x 19              | RAM32M x 4    | 
|inst/i_0/\m00_nodes/m00_b_node/inst /\inst_mi_handler/gen_normal_area.inst_fifo_node_payld/gen_xpm_memory_fifo.inst_fifo/gen_mem_rep[0].inst_xpm_memory /xpm_memory_base_inst                           | gen_wr_a.gen_word_narrow.mem_reg | User Attribute | 32 x 6               | RAM32M x 1    | 
|inst/i_0/\m00_nodes/m00_r_node/inst /\inst_mi_handler/gen_normal_area.gen_fifo_req.inst_fifo_req/gen_xpm_memory_fifo.inst_fifo/gen_mem_rep[0].inst_xpm_memory /xpm_memory_base_inst                     | gen_wr_a.gen_word_narrow.mem_reg | User Attribute | 32 x 19              | RAM32M x 4    | 
|inst/i_0/\m00_nodes/m00_r_node/inst /\inst_mi_handler/gen_normal_area.inst_fifo_node_payld/gen_xpm_memory_fifo.inst_fifo/gen_mem_rep[0].inst_xpm_memory /xpm_memory_base_inst                           | gen_wr_a.gen_word_narrow.mem_reg | User Attribute | 32 x 84              | RAM32M x 14   | 
|inst/i_0/\m00_nodes/m00_w_node/inst /\inst_si_handler/gen_si_handler.gen_request_fifos.gen_req_fifo[0].inst_req_fifo/gen_xpm_memory_fifo.inst_fifo/gen_mem_rep[0].inst_xpm_memory /xpm_memory_base_inst | gen_wr_a.gen_word_narrow.mem_reg | User Attribute | 4 x 1                | RAM16X1D x 1  | 
|inst/i_0/\m00_nodes/m00_w_node/inst /\inst_mi_handler/gen_normal_area.inst_fifo_node_payld/gen_xpm_memory_fifo.inst_fifo/gen_mem_rep[0].inst_xpm_memory /xpm_memory_base_inst                           | gen_wr_a.gen_word_narrow.mem_reg | User Attribute | 32 x 106             | RAM32M x 18   | 
|inst/i_0/\s00_nodes/s00_ar_node/inst /\inst_mi_handler/gen_normal_area.inst_fifo_node_payld/gen_xpm_memory_fifo.inst_fifo/gen_mem_rep[0].inst_xpm_memory /xpm_memory_base_inst                          | gen_wr_a.gen_word_narrow.mem_reg | User Attribute | 32 x 138             | RAM32M x 23   | 
|inst/i_0/\s00_nodes/s00_aw_node/inst /\inst_mi_handler/gen_normal_area.inst_fifo_node_payld/gen_xpm_memory_fifo.inst_fifo/gen_mem_rep[0].inst_xpm_memory /xpm_memory_base_inst                          | gen_wr_a.gen_word_narrow.mem_reg | User Attribute | 32 x 138             | RAM32M x 23   | 
|inst/i_0/\s00_nodes/s00_b_node/inst /\inst_mi_handler/gen_normal_area.inst_fifo_node_payld/gen_xpm_memory_fifo.inst_fifo/gen_mem_rep[0].inst_xpm_memory /xpm_memory_base_inst                           | gen_wr_a.gen_word_narrow.mem_reg | User Attribute | 32 x 24              | RAM32M x 4    | 
|inst/i_0/\s00_nodes/s00_r_node/inst /\inst_mi_handler/gen_normal_area.inst_fifo_node_payld/gen_xpm_memory_fifo.inst_fifo/gen_mem_rep[0].inst_xpm_memory /xpm_memory_base_inst                           | gen_wr_a.gen_word_narrow.mem_reg | User Attribute | 32 x 102             | RAM32M x 17   | 
|inst/i_0/\s00_nodes/s00_w_node/inst /\inst_mi_handler/gen_normal_area.gen_fifo_req.inst_fifo_req/gen_xpm_memory_fifo.inst_fifo/gen_mem_rep[0].inst_xpm_memory /xpm_memory_base_inst                     | gen_wr_a.gen_word_narrow.mem_reg | User Attribute | 32 x 18              | RAM32M x 3    | 
|inst/i_0/\s00_nodes/s00_w_node/inst /\inst_mi_handler/gen_normal_area.inst_fifo_node_payld/gen_xpm_memory_fifo.inst_fifo/gen_mem_rep[0].inst_xpm_memory /xpm_memory_base_inst                           | gen_wr_a.gen_word_narrow.mem_reg | User Attribute | 32 x 88              | RAM32M x 15   | 
+--------------------------------------------------------------------------------------------------------------------------------------------------------------------------------------------------------+----------------------------------+----------------+----------------------+---------------+

Note: The table above is a preliminary report that shows the Distributed RAMs at the current stage of the synthesis flow. Some Distributed RAMs may be reimplemented as non Distributed RAM primitives later in the synthesis flow. Multiple instantiated RAMs are reported only once.
---------------------------------------------------------------------------------
Finished ROM, RAM, DSP, Shift Register and Retiming Reporting
---------------------------------------------------------------------------------
---------------------------------------------------------------------------------
Start Applying XDC Timing Constraints
---------------------------------------------------------------------------------
---------------------------------------------------------------------------------
Finished Applying XDC Timing Constraints : Time (s): cpu = 00:01:04 ; elapsed = 00:01:07 . Memory (MB): peak = 3001.055 ; gain = 398.793 ; free physical = 2529 ; free virtual = 8291
---------------------------------------------------------------------------------
---------------------------------------------------------------------------------
Start Timing Optimization
---------------------------------------------------------------------------------
---------------------------------------------------------------------------------
Finished Timing Optimization : Time (s): cpu = 00:01:08 ; elapsed = 00:01:11 . Memory (MB): peak = 3001.055 ; gain = 398.793 ; free physical = 2284 ; free virtual = 8046
---------------------------------------------------------------------------------
---------------------------------------------------------------------------------
Start ROM, RAM, DSP, Shift Register and Retiming Reporting
---------------------------------------------------------------------------------

Distributed RAM: Final Mapping Report
+--------------------------------------------------------------------------------------------------------------------------------------------------------------------------------------------------------+----------------------------------+----------------+----------------------+---------------+
|Module Name                                                                                                                                                                                             | RTL Object                       | Inference      | Size (Depth x Width) | Primitives    | 
+--------------------------------------------------------------------------------------------------------------------------------------------------------------------------------------------------------+----------------------------------+----------------+----------------------+---------------+
|inst/i_0/\m00_nodes/m00_ar_node/inst /\inst_mi_handler/gen_normal_area.inst_fifo_node_payld/gen_xpm_memory_fifo.inst_fifo/gen_mem_rep[0].inst_xpm_memory /xpm_memory_base_inst                          | gen_wr_a.gen_word_narrow.mem_reg | User Attribute | 32 x 156             | RAM32M x 26   | 
|inst/i_0/\m00_nodes/m00_aw_node/inst /\inst_mi_handler/gen_normal_area.inst_fifo_node_payld/gen_xpm_memory_fifo.inst_fifo/gen_mem_rep[0].inst_xpm_memory /xpm_memory_base_inst                          | gen_wr_a.gen_word_narrow.mem_reg | User Attribute | 32 x 156             | RAM32M x 26   | 
|inst/i_0/\m00_nodes/m00_b_node/inst /\inst_mi_handler/gen_normal_area.gen_fifo_req.inst_fifo_req/gen_xpm_memory_fifo.inst_fifo/gen_mem_rep[0].inst_xpm_memory /xpm_memory_base_inst                     | gen_wr_a.gen_word_narrow.mem_reg | User Attribute | 32 x 19              | RAM32M x 4    | 
|inst/i_0/\m00_nodes/m00_b_node/inst /\inst_mi_handler/gen_normal_area.inst_fifo_node_payld/gen_xpm_memory_fifo.inst_fifo/gen_mem_rep[0].inst_xpm_memory /xpm_memory_base_inst                           | gen_wr_a.gen_word_narrow.mem_reg | User Attribute | 32 x 6               | RAM32M x 1    | 
|inst/i_0/\m00_nodes/m00_r_node/inst /\inst_mi_handler/gen_normal_area.gen_fifo_req.inst_fifo_req/gen_xpm_memory_fifo.inst_fifo/gen_mem_rep[0].inst_xpm_memory /xpm_memory_base_inst                     | gen_wr_a.gen_word_narrow.mem_reg | User Attribute | 32 x 19              | RAM32M x 4    | 
|inst/i_0/\m00_nodes/m00_r_node/inst /\inst_mi_handler/gen_normal_area.inst_fifo_node_payld/gen_xpm_memory_fifo.inst_fifo/gen_mem_rep[0].inst_xpm_memory /xpm_memory_base_inst                           | gen_wr_a.gen_word_narrow.mem_reg | User Attribute | 32 x 84              | RAM32M x 14   | 
|inst/i_0/\m00_nodes/m00_w_node/inst /\inst_si_handler/gen_si_handler.gen_request_fifos.gen_req_fifo[0].inst_req_fifo/gen_xpm_memory_fifo.inst_fifo/gen_mem_rep[0].inst_xpm_memory /xpm_memory_base_inst | gen_wr_a.gen_word_narrow.mem_reg | User Attribute | 4 x 1                | RAM16X1D x 1  | 
|inst/i_0/\m00_nodes/m00_w_node/inst /\inst_mi_handler/gen_normal_area.inst_fifo_node_payld/gen_xpm_memory_fifo.inst_fifo/gen_mem_rep[0].inst_xpm_memory /xpm_memory_base_inst                           | gen_wr_a.gen_word_narrow.mem_reg | User Attribute | 32 x 106             | RAM32M x 18   | 
|inst/i_0/\s00_nodes/s00_ar_node/inst /\inst_mi_handler/gen_normal_area.inst_fifo_node_payld/gen_xpm_memory_fifo.inst_fifo/gen_mem_rep[0].inst_xpm_memory /xpm_memory_base_inst                          | gen_wr_a.gen_word_narrow.mem_reg | User Attribute | 32 x 138             | RAM32M x 23   | 
|inst/i_0/\s00_nodes/s00_aw_node/inst /\inst_mi_handler/gen_normal_area.inst_fifo_node_payld/gen_xpm_memory_fifo.inst_fifo/gen_mem_rep[0].inst_xpm_memory /xpm_memory_base_inst                          | gen_wr_a.gen_word_narrow.mem_reg | User Attribute | 32 x 138             | RAM32M x 23   | 
|inst/i_0/\s00_nodes/s00_b_node/inst /\inst_mi_handler/gen_normal_area.inst_fifo_node_payld/gen_xpm_memory_fifo.inst_fifo/gen_mem_rep[0].inst_xpm_memory /xpm_memory_base_inst                           | gen_wr_a.gen_word_narrow.mem_reg | User Attribute | 32 x 24              | RAM32M x 4    | 
|inst/i_0/\s00_nodes/s00_r_node/inst /\inst_mi_handler/gen_normal_area.inst_fifo_node_payld/gen_xpm_memory_fifo.inst_fifo/gen_mem_rep[0].inst_xpm_memory /xpm_memory_base_inst                           | gen_wr_a.gen_word_narrow.mem_reg | User Attribute | 32 x 102             | RAM32M x 17   | 
|inst/i_0/\s00_nodes/s00_w_node/inst /\inst_mi_handler/gen_normal_area.gen_fifo_req.inst_fifo_req/gen_xpm_memory_fifo.inst_fifo/gen_mem_rep[0].inst_xpm_memory /xpm_memory_base_inst                     | gen_wr_a.gen_word_narrow.mem_reg | User Attribute | 32 x 18              | RAM32M x 3    | 
|inst/i_0/\s00_nodes/s00_w_node/inst /\inst_mi_handler/gen_normal_area.inst_fifo_node_payld/gen_xpm_memory_fifo.inst_fifo/gen_mem_rep[0].inst_xpm_memory /xpm_memory_base_inst                           | gen_wr_a.gen_word_narrow.mem_reg | User Attribute | 32 x 88              | RAM32M x 15   | 
+--------------------------------------------------------------------------------------------------------------------------------------------------------------------------------------------------------+----------------------------------+----------------+----------------------+---------------+

---------------------------------------------------------------------------------
Finished ROM, RAM, DSP, Shift Register and Retiming Reporting
---------------------------------------------------------------------------------
---------------------------------------------------------------------------------
Start Technology Mapping
---------------------------------------------------------------------------------
---------------------------------------------------------------------------------
Finished Technology Mapping : Time (s): cpu = 00:01:12 ; elapsed = 00:01:16 . Memory (MB): peak = 3001.055 ; gain = 398.793 ; free physical = 2613 ; free virtual = 8372
---------------------------------------------------------------------------------
---------------------------------------------------------------------------------
Start IO Insertion
---------------------------------------------------------------------------------
---------------------------------------------------------------------------------
Start Flattening Before IO Insertion
---------------------------------------------------------------------------------
---------------------------------------------------------------------------------
Finished Flattening Before IO Insertion
---------------------------------------------------------------------------------
---------------------------------------------------------------------------------
Start Final Netlist Cleanup
---------------------------------------------------------------------------------
---------------------------------------------------------------------------------
Finished Final Netlist Cleanup
---------------------------------------------------------------------------------
---------------------------------------------------------------------------------
Finished IO Insertion : Time (s): cpu = 00:01:16 ; elapsed = 00:01:19 . Memory (MB): peak = 3001.055 ; gain = 398.793 ; free physical = 3750 ; free virtual = 9505
---------------------------------------------------------------------------------
---------------------------------------------------------------------------------
Start Renaming Generated Instances
---------------------------------------------------------------------------------
---------------------------------------------------------------------------------
Finished Renaming Generated Instances : Time (s): cpu = 00:01:16 ; elapsed = 00:01:19 . Memory (MB): peak = 3001.055 ; gain = 398.793 ; free physical = 3749 ; free virtual = 9504
---------------------------------------------------------------------------------
---------------------------------------------------------------------------------
Start Rebuilding User Hierarchy
---------------------------------------------------------------------------------
---------------------------------------------------------------------------------
Finished Rebuilding User Hierarchy : Time (s): cpu = 00:01:16 ; elapsed = 00:01:20 . Memory (MB): peak = 3001.055 ; gain = 398.793 ; free physical = 3748 ; free virtual = 9503
---------------------------------------------------------------------------------
---------------------------------------------------------------------------------
Start Renaming Generated Ports
---------------------------------------------------------------------------------
---------------------------------------------------------------------------------
Finished Renaming Generated Ports : Time (s): cpu = 00:01:16 ; elapsed = 00:01:20 . Memory (MB): peak = 3001.055 ; gain = 398.793 ; free physical = 3748 ; free virtual = 9503
---------------------------------------------------------------------------------
---------------------------------------------------------------------------------
Start Handling Custom Attributes
---------------------------------------------------------------------------------
---------------------------------------------------------------------------------
Finished Handling Custom Attributes : Time (s): cpu = 00:01:16 ; elapsed = 00:01:20 . Memory (MB): peak = 3001.055 ; gain = 398.793 ; free physical = 3746 ; free virtual = 9501
---------------------------------------------------------------------------------
---------------------------------------------------------------------------------
Start Renaming Generated Nets
---------------------------------------------------------------------------------
---------------------------------------------------------------------------------
Finished Renaming Generated Nets : Time (s): cpu = 00:01:16 ; elapsed = 00:01:20 . Memory (MB): peak = 3001.055 ; gain = 398.793 ; free physical = 3746 ; free virtual = 9501
---------------------------------------------------------------------------------
---------------------------------------------------------------------------------
Start ROM, RAM, DSP, Shift Register and Retiming Reporting
---------------------------------------------------------------------------------

Dynamic Shift Register Report:
+------------+---------------+--------+------------+--------+---------+--------+--------+--------+
|Module Name | RTL Name      | Length | Data Width | SRL16E | SRLC32E | Mux F7 | Mux F8 | Mux F9 | 
+------------+---------------+--------+------------+--------+---------+--------+--------+--------+
|dsrl        | shift_reg_reg | 16     | 1          | 1      | 0       | 0      | 0      | 0      | 
|dsrl__1     | shift_reg_reg | 32     | 1          | 0      | 1       | 0      | 0      | 0      | 
+------------+---------------+--------+------------+--------+---------+--------+--------+--------+

---------------------------------------------------------------------------------
Finished ROM, RAM, DSP, Shift Register and Retiming Reporting
---------------------------------------------------------------------------------
---------------------------------------------------------------------------------
Start Writing Synthesis Report
---------------------------------------------------------------------------------

Report BlackBoxes: 
+-+--------------+----------+
| |BlackBox name |Instances |
+-+--------------+----------+
+-+--------------+----------+

Report Cell Usage: 
+------+---------+------+
|      |Cell     |Count |
+------+---------+------+
|1     |CARRY4   |     4|
|2     |LUT1     |   159|
|3     |LUT2     |   182|
|4     |LUT3     |   789|
|5     |LUT4     |   451|
|6     |LUT5     |   434|
|7     |LUT6     |   668|
|8     |MUXF7    |     1|
|9     |RAM16X1D |     1|
|10    |RAM32M   |   100|
|11    |SRL16    |     1|
|12    |SRL16E   |    89|
|13    |SRLC32E  |    70|
|14    |FDCE     |    72|
|15    |FDR      |     4|
|16    |FDRE     |  3153|
|17    |FDSE     |   165|
+------+---------+------+
---------------------------------------------------------------------------------
Finished Writing Synthesis Report : Time (s): cpu = 00:01:16 ; elapsed = 00:01:20 . Memory (MB): peak = 3001.055 ; gain = 398.793 ; free physical = 3746 ; free virtual = 9501
---------------------------------------------------------------------------------
Synthesis finished with 0 errors, 0 critical warnings and 4710 warnings.
Synthesis Optimization Runtime : Time (s): cpu = 00:01:04 ; elapsed = 00:01:09 . Memory (MB): peak = 3001.055 ; gain = 0.000 ; free physical = 3807 ; free virtual = 9562
Synthesis Optimization Complete : Time (s): cpu = 00:01:17 ; elapsed = 00:01:20 . Memory (MB): peak = 3001.055 ; gain = 398.793 ; free physical = 3807 ; free virtual = 9562
INFO: [Project 1-571] Translating synthesized netlist
Netlist sorting complete. Time (s): cpu = 00:00:00.16 ; elapsed = 00:00:00.16 . Memory (MB): peak = 3001.055 ; gain = 0.000 ; free physical = 3986 ; free virtual = 9741
INFO: [Netlist 29-17] Analyzing 111 Unisim elements for replacement
INFO: [Netlist 29-28] Unisim Transformation completed in 0 CPU seconds
INFO: [Project 1-570] Preparing netlist for logic optimization
INFO: [Opt 31-138] Pushed 0 inverter(s) to 0 load pin(s).
Netlist sorting complete. Time (s): cpu = 00:00:00.01 ; elapsed = 00:00:00 . Memory (MB): peak = 3001.055 ; gain = 0.000 ; free physical = 4678 ; free virtual = 10433
INFO: [Project 1-111] Unisim Transformation Summary:
  A total of 106 instances were transformed.
  FDR => FDRE: 4 instances
  RAM16X1D => RAM32X1D (RAMD32(x2)): 1 instance 
  RAM32M => RAM32M (RAMD32(x6), RAMS32(x2)): 100 instances
  SRL16 => SRL16E: 1 instance 

Synth Design complete, checksum: 701dcde8
INFO: [Common 17-83] Releasing license: Synthesis
168 Infos, 157 Warnings, 0 Critical Warnings and 0 Errors encountered.
synth_design completed successfully
synth_design: Time (s): cpu = 00:01:27 ; elapsed = 00:01:26 . Memory (MB): peak = 3001.055 ; gain = 398.867 ; free physical = 4839 ; free virtual = 10595
INFO: [Common 17-1381] The checkpoint '/home/ispr/Documentos/ispr/tutorials/lab4/hw/system_axi_smc_0_synth_1/system_axi_smc_0.dcp' has been generated.
INFO: [Coretcl 2-1648] Added synthesis output to IP cache for IP system_axi_smc_0, cache-ID = 1b6e16b437bed8bf
INFO: [Coretcl 2-1174] Renamed 454 cell refs.
INFO: [Common 17-1381] The checkpoint '/home/ispr/Documentos/ispr/tutorials/lab4/hw/system_axi_smc_0_synth_1/system_axi_smc_0.dcp' has been generated.
INFO: [runtcl-4] Executing : report_utilization -file system_axi_smc_0_utilization_synth.rpt -pb system_axi_smc_0_utilization_synth.pb
INFO: [Common 17-206] Exiting Vivado at Wed Mar  8 18:08:05 2023...
